{"C:\\Users\\USER\\Documents\\Claude\\Projects\\DIIS\\smart-ai-school\\apps\\api\\src\\app.module.ts": {"path":"C:\\Users\\USER\\Documents\\Claude\\Projects\\DIIS\\smart-ai-school\\apps\\api\\src\\app.module.ts","statementMap":{"0":{"start":{"line":10,"column":0},"end":{"line":10,"column":40}},"1":{"start":{"line":11,"column":0},"end":{"line":11,"column":68}},"2":{"start":{"line":12,"column":0},"end":{"line":12,"column":41}},"3":{"start":{"line":13,"column":0},"end":{"line":13,"column":54}},"4":{"start":{"line":14,"column":0},"end":{"line":14,"column":48}},"5":{"start":{"line":15,"column":0},"end":{"line":15,"column":54}},"6":{"start":{"line":16,"column":0},"end":{"line":16,"column":57}},"7":{"start":{"line":17,"column":0},"end":{"line":17,"column":57}},"8":{"start":{"line":18,"column":0},"end":{"line":18,"column":48}},"9":{"start":{"line":19,"column":0},"end":{"line":19,"column":92}},"10":{"start":{"line":20,"column":0},"end":{"line":20,"column":51}},"11":{"start":{"line":21,"column":0},"end":{"line":21,"column":66}},"12":{"start":{"line":22,"column":0},"end":{"line":22,"column":60}},"13":{"start":{"line":23,"column":0},"end":{"line":23,"column":45}},"14":{"start":{"line":24,"column":0},"end":{"line":24,"column":57}},"15":{"start":{"line":25,"column":0},"end":{"line":25,"column":61}},"16":{"start":{"line":26,"column":0},"end":{"line":26,"column":55}},"17":{"start":{"line":73,"column":7},"end":{"line":73,"column":null}},"18":{"start":{"line":73,"column":13},"end":{"line":73,"column":22}},"19":{"start":{"line":73,"column":13},"end":{"line":73,"column":null}}},"fnMap":{},"branchMap":{},"s":{"0":0,"1":0,"2":0,"3":0,"4":0,"5":0,"6":0,"7":0,"8":0,"9":0,"10":0,"11":0,"12":0,"13":0,"14":0,"15":0,"16":0,"17":0,"18":0,"19":0},"f":{},"b":{}}
,"C:\\Users\\USER\\Documents\\Claude\\Projects\\DIIS\\smart-ai-school\\apps\\api\\src\\main.ts": {"path":"C:\\Users\\USER\\Documents\\Claude\\Projects\\DIIS\\smart-ai-school\\apps\\api\\src\\main.ts","statementMap":{"0":{"start":{"line":6,"column":0},"end":{"line":6,"column":43}},"1":{"start":{"line":7,"column":0},"end":{"line":7,"column":82}},"2":{"start":{"line":8,"column":0},"end":{"line":8,"column":41}},"3":{"start":{"line":9,"column":0},"end":{"line":9,"column":77}},"4":{"start":{"line":10,"column":0},"end":{"line":10,"column":81}},"5":{"start":{"line":11,"column":0},"end":{"line":11,"column":79}},"6":{"start":{"line":12,"column":0},"end":{"line":12,"column":54}},"7":{"start":{"line":13,"column":0},"end":{"line":13,"column":37}},"8":{"start":{"line":23,"column":18},"end":{"line":23,"column":52}},"9":{"start":{"line":25,"column":2},"end":{"line":49,"column":5}},"10":{"start":{"line":26,"column":4},"end":{"line":26,"column":54}},"11":{"start":{"line":27,"column":4},"end":{"line":27,"column":50}},"12":{"start":{"line":28,"column":4},"end":{"line":28,"column":49}},"13":{"start":{"line":29,"column":4},"end":{"line":29,"column":50}},"14":{"start":{"line":30,"column":4},"end":{"line":30,"column":62}},"15":{"start":{"line":31,"column":4},"end":{"line":31,"column":42}},"16":{"start":{"line":32,"column":4},"end":{"line":32,"column":39}},"17":{"start":{"line":33,"column":4},"end":{"line":48,"column":6}},"18":{"start":{"line":56,"column":14},"end":{"line":56,"column":27}},"19":{"start":{"line":58,"column":14},"end":{"line":60,"column":null}},"20":{"start":{"line":65,"column":2},"end":{"line":65,"column":31}},"21":{"start":{"line":67,"column":2},"end":{"line":71,"column":5}},"22":{"start":{"line":79,"column":2},"end":{"line":79,"column":79}},"23":{"start":{"line":80,"column":2},"end":{"line":80,"column":54}},"24":{"start":{"line":83,"column":2},"end":{"line":87,"column":5}},"25":{"start":{"line":89,"column":15},"end":{"line":89,"column":35}},"26":{"start":{"line":90,"column":15},"end":{"line":90,"column":24}},"27":{"start":{"line":92,"column":2},"end":{"line":92,"column":31}},"28":{"start":{"line":94,"column":2},"end":{"line":97,"column":5}},"29":{"start":{"line":100,"column":0},"end":{"line":103,"column":3}},"30":{"start":{"line":101,"column":2},"end":{"line":101,"column":54}},"31":{"start":{"line":102,"column":2},"end":{"line":102,"column":18}}},"fnMap":{"0":{"name":"registerSecurityHeaders","decl":{"start":{"line":22,"column":9},"end":{"line":22,"column":32}},"loc":{"start":{"line":22,"column":60},"end":{"line":50,"column":1}}},"1":{"name":"(anonymous_1)","decl":{"start":{"line":25,"column":28},"end":{"line":25,"column":33}},"loc":{"start":{"line":25,"column":60},"end":{"line":49,"column":3}}},"2":{"name":"bootstrap","decl":{"start":{"line":52,"column":15},"end":{"line":52,"column":24}},"loc":{"start":{"line":52,"column":24},"end":{"line":98,"column":1}}},"3":{"name":"(anonymous_3)","decl":{"start":{"line":100,"column":18},"end":{"line":100,"column":19}},"loc":{"start":{"line":100,"column":26},"end":{"line":103,"column":1}}}},"branchMap":{"0":{"loc":{"start":{"line":68,"column":12},"end":{"line":68,"column":80}},"type":"binary-expr","locations":[{"start":{"line":68,"column":12},"end":{"line":68,"column":51}},{"start":{"line":68,"column":55},"end":{"line":68,"column":80}}]},"1":{"loc":{"start":{"line":89,"column":15},"end":{"line":89,"column":35}},"type":"binary-expr","locations":[{"start":{"line":89,"column":15},"end":{"line":89,"column":27}},{"start":{"line":89,"column":31},"end":{"line":89,"column":35}}]},"2":{"loc":{"start":{"line":96,"column":9},"end":{"line":96,"column":46}},"type":"binary-expr","locations":[{"start":{"line":96,"column":9},"end":{"line":96,"column":29}},{"start":{"line":96,"column":33},"end":{"line":96,"column":46}}]}},"s":{"0":0,"1":0,"2":0,"3":0,"4":0,"5":0,"6":0,"7":0,"8":0,"9":0,"10":0,"11":0,"12":0,"13":0,"14":0,"15":0,"16":0,"17":0,"18":0,"19":0,"20":0,"21":0,"22":0,"23":0,"24":0,"25":0,"26":0,"27":0,"28":0,"29":0,"30":0,"31":0},"f":{"0":0,"1":0,"2":0,"3":0},"b":{"0":[0,0],"1":[0,0],"2":[0,0]}}
,"C:\\Users\\USER\\Documents\\Claude\\Projects\\DIIS\\smart-ai-school\\apps\\api\\src\\attendance\\attendance.controller.ts": {"path":"C:\\Users\\USER\\Documents\\Claude\\Projects\\DIIS\\smart-ai-school\\apps\\api\\src\\attendance\\attendance.controller.ts","statementMap":{"0":{"start":{"line":8,"column":0},"end":{"line":8,"column":null}},"1":{"start":{"line":19,"column":0},"end":{"line":19,"column":72}},"2":{"start":{"line":20,"column":0},"end":{"line":20,"column":59}},"3":{"start":{"line":21,"column":0},"end":{"line":21,"column":62}},"4":{"start":{"line":22,"column":0},"end":{"line":22,"column":57}},"5":{"start":{"line":23,"column":0},"end":{"line":23,"column":90}},"6":{"start":{"line":24,"column":0},"end":{"line":24,"column":70}},"7":{"start":{"line":27,"column":7},"end":{"line":56,"column":null}},"8":{"start":{"line":28,"column":22},"end":{"line":28,"column":31}},"9":{"start":{"line":42,"column":4},"end":{"line":42,"column":46}},"10":{"start":{"line":52,"column":19},"end":{"line":52,"column":64}},"11":{"start":{"line":53,"column":4},"end":{"line":53,"column":76}},"12":{"start":{"line":53,"column":25},"end":{"line":53,"column":76}},"13":{"start":{"line":54,"column":4},"end":{"line":54,"column":51}},"14":{"start":{"line":27,"column":13},"end":{"line":27,"column":33}},"15":{"start":{"line":38,"column":2},"end":{"line":43,"column":null}},"16":{"start":{"line":51,"column":2},"end":{"line":55,"column":null}},"17":{"start":{"line":27,"column":13},"end":{"line":56,"column":null}}},"fnMap":{"0":{"name":"(anonymous_4)","decl":{"start":{"line":28,"column":2},"end":{"line":28,"column":22}},"loc":{"start":{"line":28,"column":48},"end":{"line":28,"column":52}}},"1":{"name":"(anonymous_5)","decl":{"start":{"line":38,"column":2},"end":{"line":38,"column":12}},"loc":{"start":{"line":40,"column":33},"end":{"line":43,"column":3}}},"2":{"name":"(anonymous_6)","decl":{"start":{"line":51,"column":2},"end":{"line":51,"column":9}},"loc":{"start":{"line":51,"column":67},"end":{"line":55,"column":3}}}},"branchMap":{"0":{"loc":{"start":{"line":53,"column":4},"end":{"line":53,"column":76}},"type":"if","locations":[{"start":{"line":53,"column":4},"end":{"line":53,"column":76}}]}},"s":{"0":0,"1":0,"2":0,"3":0,"4":0,"5":0,"6":0,"7":0,"8":0,"9":0,"10":0,"11":0,"12":0,"13":0,"14":0,"15":0,"16":0,"17":0},"f":{"0":0,"1":0,"2":0},"b":{"0":[0]}}
,"C:\\Users\\USER\\Documents\\Claude\\Projects\\DIIS\\smart-ai-school\\apps\\api\\src\\attendance\\attendance.module.ts": {"path":"C:\\Users\\USER\\Documents\\Claude\\Projects\\DIIS\\smart-ai-school\\apps\\api\\src\\attendance\\attendance.module.ts","statementMap":{"0":{"start":{"line":1,"column":0},"end":{"line":1,"column":40}},"1":{"start":{"line":2,"column":0},"end":{"line":2,"column":63}},"2":{"start":{"line":3,"column":0},"end":{"line":3,"column":57}},"3":{"start":{"line":9,"column":7},"end":{"line":9,"column":null}},"4":{"start":{"line":9,"column":13},"end":{"line":9,"column":29}},"5":{"start":{"line":9,"column":13},"end":{"line":9,"column":null}}},"fnMap":{},"branchMap":{},"s":{"0":0,"1":0,"2":0,"3":0,"4":0,"5":0},"f":{},"b":{}}
,"C:\\Users\\USER\\Documents\\Claude\\Projects\\DIIS\\smart-ai-school\\apps\\api\\src\\attendance\\attendance.service.ts": {"path":"C:\\Users\\USER\\Documents\\Claude\\Projects\\DIIS\\smart-ai-school\\apps\\api\\src\\attendance\\attendance.service.ts","statementMap":{"0":{"start":{"line":17,"column":0},"end":{"line":17,"column":null}},"1":{"start":{"line":24,"column":0},"end":{"line":24,"column":57}},"2":{"start":{"line":32,"column":16},"end":{"line":32,"column":28}},"3":{"start":{"line":33,"column":12},"end":{"line":33,"column":41}},"4":{"start":{"line":34,"column":12},"end":{"line":34,"column":41}},"5":{"start":{"line":35,"column":12},"end":{"line":35,"column":41}},"6":{"start":{"line":36,"column":2},"end":{"line":36,"column":41}},"7":{"start":{"line":41,"column":23},"end":{"line":41,"column":79}},"8":{"start":{"line":45,"column":26},"end":{"line":62,"column":11}},"9":{"start":{"line":67,"column":2},"end":{"line":67,"column":83}},"10":{"start":{"line":67,"column":33},"end":{"line":67,"column":81}},"11":{"start":{"line":71,"column":2},"end":{"line":71,"column":58}},"12":{"start":{"line":75,"column":2},"end":{"line":79,"column":4}},"13":{"start":{"line":83,"column":2},"end":{"line":88,"column":4}},"14":{"start":{"line":94,"column":7},"end":{"line":263,"column":null}},"15":{"start":{"line":95,"column":22},"end":{"line":95,"column":30}},"16":{"start":{"line":101,"column":17},"end":{"line":104,"column":6}},"17":{"start":{"line":105,"column":4},"end":{"line":105,"column":68}},"18":{"start":{"line":105,"column":15},"end":{"line":105,"column":68}},"19":{"start":{"line":106,"column":4},"end":{"line":106,"column":19}},"20":{"start":{"line":111,"column":19},"end":{"line":111,"column":55}},"21":{"start":{"line":112,"column":20},"end":{"line":115,"column":6}},"22":{"start":{"line":116,"column":4},"end":{"line":116,"column":93}},"23":{"start":{"line":116,"column":18},"end":{"line":116,"column":93}},"24":{"start":{"line":117,"column":4},"end":{"line":117,"column":22}},"25":{"start":{"line":122,"column":22},"end":{"line":122,"column":61}},"26":{"start":{"line":123,"column":24},"end":{"line":127,"column":6}},"27":{"start":{"line":128,"column":4},"end":{"line":128,"column":45}},"28":{"start":{"line":128,"column":34},"end":{"line":128,"column":43}},"29":{"start":{"line":133,"column":19},"end":{"line":133,"column":55}},"30":{"start":{"line":134,"column":20},"end":{"line":137,"column":6}},"31":{"start":{"line":138,"column":4},"end":{"line":138,"column":94}},"32":{"start":{"line":138,"column":18},"end":{"line":138,"column":94}},"33":{"start":{"line":139,"column":4},"end":{"line":139,"column":22}},"34":{"start":{"line":144,"column":19},"end":{"line":144,"column":55}},"35":{"start":{"line":145,"column":21},"end":{"line":148,"column":6}},"36":{"start":{"line":149,"column":4},"end":{"line":151,"column":5}},"37":{"start":{"line":150,"column":6},"end":{"line":150,"column":88}},"38":{"start":{"line":152,"column":4},"end":{"line":152,"column":37}},"39":{"start":{"line":152,"column":31},"end":{"line":152,"column":35}},"40":{"start":{"line":159,"column":19},"end":{"line":159,"column":60}},"41":{"start":{"line":162,"column":22},"end":{"line":162,"column":66}},"42":{"start":{"line":163,"column":23},"end":{"line":166,"column":6}},"43":{"start":{"line":167,"column":4},"end":{"line":169,"column":5}},"44":{"start":{"line":168,"column":6},"end":{"line":168,"column":71}},"45":{"start":{"line":172,"column":18},"end":{"line":175,"column":6}},"46":{"start":{"line":176,"column":4},"end":{"line":176,"column":69}},"47":{"start":{"line":176,"column":16},"end":{"line":176,"column":69}},"48":{"start":{"line":179,"column":17},"end":{"line":179,"column":39}},"49":{"start":{"line":184,"column":20},"end":{"line":197,"column":null}},"50":{"start":{"line":186,"column":8},"end":{"line":196,"column":10}},"51":{"start":{"line":200,"column":4},"end":{"line":205,"column":6}},"52":{"start":{"line":211,"column":47},"end":{"line":211,"column":49}},"53":{"start":{"line":214,"column":4},"end":{"line":219,"column":5}},"54":{"start":{"line":215,"column":48},"end":{"line":215,"column":50}},"55":{"start":{"line":216,"column":6},"end":{"line":216,"column":72}},"56":{"start":{"line":216,"column":26},"end":{"line":216,"column":72}},"57":{"start":{"line":217,"column":6},"end":{"line":217,"column":70}},"58":{"start":{"line":217,"column":26},"end":{"line":217,"column":70}},"59":{"start":{"line":218,"column":6},"end":{"line":218,"column":30}},"60":{"start":{"line":222,"column":4},"end":{"line":247,"column":5}},"61":{"start":{"line":223,"column":25},"end":{"line":223,"column":72}},"62":{"start":{"line":224,"column":6},"end":{"line":226,"column":7}},"63":{"start":{"line":225,"column":8},"end":{"line":225,"column":76}},"64":{"start":{"line":227,"column":6},"end":{"line":234,"column":7}},"65":{"start":{"line":228,"column":8},"end":{"line":230,"column":9}},"66":{"start":{"line":229,"column":10},"end":{"line":229,"column":75}},"67":{"start":{"line":231,"column":8},"end":{"line":231,"column":38}},"68":{"start":{"line":233,"column":8},"end":{"line":233,"column":43}},"69":{"start":{"line":235,"column":11},"end":{"line":247,"column":5}},"70":{"start":{"line":236,"column":6},"end":{"line":236,"column":67}},"71":{"start":{"line":238,"column":6},"end":{"line":238,"column":55}},"72":{"start":{"line":238,"column":25},"end":{"line":238,"column":55}},"73":{"start":{"line":239,"column":11},"end":{"line":247,"column":5}},"74":{"start":{"line":240,"column":23},"end":{"line":240,"column":73}},"75":{"start":{"line":241,"column":6},"end":{"line":241,"column":41}},"76":{"start":{"line":242,"column":6},"end":{"line":242,"column":55}},"77":{"start":{"line":242,"column":25},"end":{"line":242,"column":55}},"78":{"start":{"line":245,"column":6},"end":{"line":245,"column":59}},"79":{"start":{"line":245,"column":27},"end":{"line":245,"column":59}},"80":{"start":{"line":246,"column":6},"end":{"line":246,"column":61}},"81":{"start":{"line":246,"column":27},"end":{"line":246,"column":61}},"82":{"start":{"line":249,"column":17},"end":{"line":249,"column":47}},"83":{"start":{"line":250,"column":26},"end":{"line":259,"column":6}},"84":{"start":{"line":261,"column":4},"end":{"line":261,"column":65}},"85":{"start":{"line":94,"column":13},"end":{"line":94,"column":30}},"86":{"start":{"line":94,"column":13},"end":{"line":263,"column":null}}},"fnMap":{"0":{"name":"parseDateStr","decl":{"start":{"line":31,"column":9},"end":{"line":31,"column":21}},"loc":{"start":{"line":31,"column":31},"end":{"line":37,"column":1}}},"1":{"name":"isElevated","decl":{"start":{"line":66,"column":9},"end":{"line":66,"column":19}},"loc":{"start":{"line":66,"column":34},"end":{"line":68,"column":1}}},"2":{"name":"(anonymous_4)","decl":{"start":{"line":67,"column":25},"end":{"line":67,"column":26}},"loc":{"start":{"line":67,"column":33},"end":{"line":67,"column":81}}},"3":{"name":"isGuruOnly","decl":{"start":{"line":70,"column":9},"end":{"line":70,"column":19}},"loc":{"start":{"line":70,"column":34},"end":{"line":72,"column":1}}},"4":{"name":"isSiswaOnly","decl":{"start":{"line":74,"column":9},"end":{"line":74,"column":20}},"loc":{"start":{"line":74,"column":35},"end":{"line":80,"column":1}}},"5":{"name":"isOrangTuaOnly","decl":{"start":{"line":82,"column":9},"end":{"line":82,"column":23}},"loc":{"start":{"line":82,"column":38},"end":{"line":89,"column":1}}},"6":{"name":"(anonymous_8)","decl":{"start":{"line":95,"column":2},"end":{"line":95,"column":22}},"loc":{"start":{"line":95,"column":43},"end":{"line":95,"column":47}}},"7":{"name":"(anonymous_9)","decl":{"start":{"line":100,"column":10},"end":{"line":100,"column":15}},"loc":{"start":{"line":100,"column":48},"end":{"line":107,"column":3}}},"8":{"name":"(anonymous_10)","decl":{"start":{"line":110,"column":10},"end":{"line":110,"column":15}},"loc":{"start":{"line":110,"column":51},"end":{"line":118,"column":3}}},"9":{"name":"(anonymous_11)","decl":{"start":{"line":121,"column":10},"end":{"line":121,"column":15}},"loc":{"start":{"line":121,"column":54},"end":{"line":129,"column":3}}},"10":{"name":"(anonymous_12)","decl":{"start":{"line":128,"column":27},"end":{"line":128,"column":28}},"loc":{"start":{"line":128,"column":34},"end":{"line":128,"column":43}}},"11":{"name":"(anonymous_13)","decl":{"start":{"line":132,"column":10},"end":{"line":132,"column":15}},"loc":{"start":{"line":132,"column":49},"end":{"line":140,"column":3}}},"12":{"name":"(anonymous_14)","decl":{"start":{"line":143,"column":10},"end":{"line":143,"column":15}},"loc":{"start":{"line":143,"column":57},"end":{"line":153,"column":3}}},"13":{"name":"(anonymous_15)","decl":{"start":{"line":152,"column":24},"end":{"line":152,"column":25}},"loc":{"start":{"line":152,"column":31},"end":{"line":152,"column":35}}},"14":{"name":"(anonymous_16)","decl":{"start":{"line":157,"column":2},"end":{"line":157,"column":7}},"loc":{"start":{"line":157,"column":59},"end":{"line":206,"column":3}}},"15":{"name":"(anonymous_17)","decl":{"start":{"line":185,"column":22},"end":{"line":185,"column":23}},"loc":{"start":{"line":186,"column":8},"end":{"line":196,"column":10}}},"16":{"name":"(anonymous_18)","decl":{"start":{"line":210,"column":2},"end":{"line":210,"column":7}},"loc":{"start":{"line":210,"column":58},"end":{"line":262,"column":3}}}},"branchMap":{"0":{"loc":{"start":{"line":33,"column":21},"end":{"line":33,"column":36}},"type":"binary-expr","locations":[{"start":{"line":33,"column":21},"end":{"line":33,"column":29}},{"start":{"line":33,"column":33},"end":{"line":33,"column":36}}]},"1":{"loc":{"start":{"line":34,"column":21},"end":{"line":34,"column":36}},"type":"binary-expr","locations":[{"start":{"line":34,"column":21},"end":{"line":34,"column":29}},{"start":{"line":34,"column":33},"end":{"line":34,"column":36}}]},"2":{"loc":{"start":{"line":35,"column":21},"end":{"line":35,"column":36}},"type":"binary-expr","locations":[{"start":{"line":35,"column":21},"end":{"line":35,"column":29}},{"start":{"line":35,"column":33},"end":{"line":35,"column":36}}]},"3":{"loc":{"start":{"line":71,"column":9},"end":{"line":71,"column":57}},"type":"binary-expr","locations":[{"start":{"line":71,"column":9},"end":{"line":71,"column":36}},{"start":{"line":71,"column":40},"end":{"line":71,"column":57}}]},"4":{"loc":{"start":{"line":76,"column":4},"end":{"line":78,"column":32}},"type":"binary-expr","locations":[{"start":{"line":76,"column":4},"end":{"line":76,"column":32}},{"start":{"line":77,"column":4},"end":{"line":77,"column":21}},{"start":{"line":78,"column":4},"end":{"line":78,"column":32}}]},"5":{"loc":{"start":{"line":84,"column":4},"end":{"line":87,"column":33}},"type":"binary-expr","locations":[{"start":{"line":84,"column":4},"end":{"line":84,"column":36}},{"start":{"line":85,"column":4},"end":{"line":85,"column":21}},{"start":{"line":86,"column":4},"end":{"line":86,"column":32}},{"start":{"line":87,"column":4},"end":{"line":87,"column":33}}]},"6":{"loc":{"start":{"line":105,"column":4},"end":{"line":105,"column":68}},"type":"if","locations":[{"start":{"line":105,"column":4},"end":{"line":105,"column":68}}]},"7":{"loc":{"start":{"line":116,"column":4},"end":{"line":116,"column":93}},"type":"if","locations":[{"start":{"line":116,"column":4},"end":{"line":116,"column":93}}]},"8":{"loc":{"start":{"line":138,"column":4},"end":{"line":138,"column":94}},"type":"if","locations":[{"start":{"line":138,"column":4},"end":{"line":138,"column":94}}]},"9":{"loc":{"start":{"line":149,"column":4},"end":{"line":151,"column":5}},"type":"if","locations":[{"start":{"line":149,"column":4},"end":{"line":151,"column":5}}]},"10":{"loc":{"start":{"line":167,"column":4},"end":{"line":169,"column":5}},"type":"if","locations":[{"start":{"line":167,"column":4},"end":{"line":169,"column":5}}]},"11":{"loc":{"start":{"line":176,"column":4},"end":{"line":176,"column":69}},"type":"if","locations":[{"start":{"line":176,"column":4},"end":{"line":176,"column":69}}]},"12":{"loc":{"start":{"line":214,"column":4},"end":{"line":219,"column":5}},"type":"if","locations":[{"start":{"line":214,"column":4},"end":{"line":219,"column":5}}]},"13":{"loc":{"start":{"line":214,"column":8},"end":{"line":214,"column":38}},"type":"binary-expr","locations":[{"start":{"line":214,"column":8},"end":{"line":214,"column":22}},{"start":{"line":214,"column":26},"end":{"line":214,"column":38}}]},"14":{"loc":{"start":{"line":216,"column":6},"end":{"line":216,"column":72}},"type":"if","locations":[{"start":{"line":216,"column":6},"end":{"line":216,"column":72}}]},"15":{"loc":{"start":{"line":217,"column":6},"end":{"line":217,"column":70}},"type":"if","locations":[{"start":{"line":217,"column":6},"end":{"line":217,"column":70}}]},"16":{"loc":{"start":{"line":222,"column":4},"end":{"line":247,"column":5}},"type":"if","locations":[{"start":{"line":222,"column":4},"end":{"line":247,"column":5}},{"start":{"line":235,"column":11},"end":{"line":247,"column":5}}]},"17":{"loc":{"start":{"line":224,"column":6},"end":{"line":226,"column":7}},"type":"if","locations":[{"start":{"line":224,"column":6},"end":{"line":226,"column":7}}]},"18":{"loc":{"start":{"line":227,"column":6},"end":{"line":234,"column":7}},"type":"if","locations":[{"start":{"line":227,"column":6},"end":{"line":234,"column":7}},{"start":{"line":232,"column":13},"end":{"line":234,"column":7}}]},"19":{"loc":{"start":{"line":228,"column":8},"end":{"line":230,"column":9}},"type":"if","locations":[{"start":{"line":228,"column":8},"end":{"line":230,"column":9}}]},"20":{"loc":{"start":{"line":235,"column":11},"end":{"line":247,"column":5}},"type":"if","locations":[{"start":{"line":235,"column":11},"end":{"line":247,"column":5}},{"start":{"line":239,"column":11},"end":{"line":247,"column":5}}]},"21":{"loc":{"start":{"line":238,"column":6},"end":{"line":238,"column":55}},"type":"if","locations":[{"start":{"line":238,"column":6},"end":{"line":238,"column":55}}]},"22":{"loc":{"start":{"line":239,"column":11},"end":{"line":247,"column":5}},"type":"if","locations":[{"start":{"line":239,"column":11},"end":{"line":247,"column":5}},{"start":{"line":243,"column":11},"end":{"line":247,"column":5}}]},"23":{"loc":{"start":{"line":242,"column":6},"end":{"line":242,"column":55}},"type":"if","locations":[{"start":{"line":242,"column":6},"end":{"line":242,"column":55}}]},"24":{"loc":{"start":{"line":245,"column":6},"end":{"line":245,"column":59}},"type":"if","locations":[{"start":{"line":245,"column":6},"end":{"line":245,"column":59}}]},"25":{"loc":{"start":{"line":246,"column":6},"end":{"line":246,"column":61}},"type":"if","locations":[{"start":{"line":246,"column":6},"end":{"line":246,"column":61}}]}},"s":{"0":0,"1":0,"2":0,"3":0,"4":0,"5":0,"6":0,"7":0,"8":0,"9":0,"10":0,"11":0,"12":0,"13":0,"14":0,"15":0,"16":0,"17":0,"18":0,"19":0,"20":0,"21":0,"22":0,"23":0,"24":0,"25":0,"26":0,"27":0,"28":0,"29":0,"30":0,"31":0,"32":0,"33":0,"34":0,"35":0,"36":0,"37":0,"38":0,"39":0,"40":0,"41":0,"42":0,"43":0,"44":0,"45":0,"46":0,"47":0,"48":0,"49":0,"50":0,"51":0,"52":0,"53":0,"54":0,"55":0,"56":0,"57":0,"58":0,"59":0,"60":0,"61":0,"62":0,"63":0,"64":0,"65":0,"66":0,"67":0,"68":0,"69":0,"70":0,"71":0,"72":0,"73":0,"74":0,"75":0,"76":0,"77":0,"78":0,"79":0,"80":0,"81":0,"82":0,"83":0,"84":0,"85":0,"86":0},"f":{"0":0,"1":0,"2":0,"3":0,"4":0,"5":0,"6":0,"7":0,"8":0,"9":0,"10":0,"11":0,"12":0,"13":0,"14":0,"15":0,"16":0},"b":{"0":[0,0],"1":[0,0],"2":[0,0],"3":[0,0],"4":[0,0,0],"5":[0,0,0,0],"6":[0],"7":[0],"8":[0],"9":[0],"10":[0],"11":[0],"12":[0],"13":[0,0],"14":[0],"15":[0],"16":[0,0],"17":[0],"18":[0,0],"19":[0],"20":[0,0],"21":[0],"22":[0,0],"23":[0],"24":[0],"25":[0]}}
,"C:\\Users\\USER\\Documents\\Claude\\Projects\\DIIS\\smart-ai-school\\apps\\api\\src\\attendance\\dto\\create-attendance.dto.ts": {"path":"C:\\Users\\USER\\Documents\\Claude\\Projects\\DIIS\\smart-ai-school\\apps\\api\\src\\attendance\\dto\\create-attendance.dto.ts","statementMap":{"0":{"start":{"line":1,"column":0},"end":{"line":1,"column":24}},"1":{"start":{"line":4,"column":13},"end":{"line":8,"column":3}},"2":{"start":{"line":11,"column":13},"end":{"line":19,"column":12}}},"fnMap":{},"branchMap":{},"s":{"0":0,"1":0,"2":0},"f":{},"b":{}}
,"C:\\Users\\USER\\Documents\\Claude\\Projects\\DIIS\\smart-ai-school\\apps\\api\\src\\attendance\\dto\\list-attendance.dto.ts": {"path":"C:\\Users\\USER\\Documents\\Claude\\Projects\\DIIS\\smart-ai-school\\apps\\api\\src\\attendance\\dto\\list-attendance.dto.ts","statementMap":{"0":{"start":{"line":1,"column":0},"end":{"line":1,"column":24}},"1":{"start":{"line":3,"column":19},"end":{"line":3,"column":40}},"2":{"start":{"line":5,"column":13},"end":{"line":12,"column":3}}},"fnMap":{},"branchMap":{},"s":{"0":0,"1":0,"2":0},"f":{},"b":{}}
,"C:\\Users\\USER\\Documents\\Claude\\Projects\\DIIS\\smart-ai-school\\apps\\api\\src\\auth\\auth.controller.ts": {"path":"C:\\Users\\USER\\Documents\\Claude\\Projects\\DIIS\\smart-ai-school\\apps\\api\\src\\auth\\auth.controller.ts","statementMap":{"0":{"start":{"line":6,"column":0},"end":{"line":6,"column":62}},"1":{"start":{"line":7,"column":0},"end":{"line":7,"column":45}},"2":{"start":{"line":9,"column":0},"end":{"line":9,"column":45}},"3":{"start":{"line":10,"column":0},"end":{"line":10,"column":66}},"4":{"start":{"line":11,"column":0},"end":{"line":11,"column":62}},"5":{"start":{"line":12,"column":0},"end":{"line":12,"column":66}},"6":{"start":{"line":16,"column":7},"end":{"line":40,"column":null}},"7":{"start":{"line":17,"column":22},"end":{"line":17,"column":35}},"8":{"start":{"line":26,"column":4},"end":{"line":26,"column":51}},"9":{"start":{"line":38,"column":4},"end":{"line":38,"column":59}},"10":{"start":{"line":16,"column":13},"end":{"line":16,"column":27}},"11":{"start":{"line":25,"column":2},"end":{"line":27,"column":null}},"12":{"start":{"line":34,"column":2},"end":{"line":39,"column":null}},"13":{"start":{"line":16,"column":13},"end":{"line":40,"column":null}}},"fnMap":{"0":{"name":"(anonymous_4)","decl":{"start":{"line":17,"column":2},"end":{"line":17,"column":22}},"loc":{"start":{"line":17,"column":46},"end":{"line":17,"column":50}}},"1":{"name":"(anonymous_5)","decl":{"start":{"line":25,"column":2},"end":{"line":25,"column":7}},"loc":{"start":{"line":25,"column":37},"end":{"line":27,"column":3}}},"2":{"name":"(anonymous_6)","decl":{"start":{"line":34,"column":2},"end":{"line":34,"column":10}},"loc":{"start":{"line":36,"column":51},"end":{"line":39,"column":3}}}},"branchMap":{},"s":{"0":0,"1":0,"2":0,"3":0,"4":0,"5":0,"6":0,"7":0,"8":0,"9":0,"10":0,"11":0,"12":0,"13":0},"f":{"0":0,"1":0,"2":0},"b":{}}
,"C:\\Users\\USER\\Documents\\Claude\\Projects\\DIIS\\smart-ai-school\\apps\\api\\src\\auth\\auth.module.ts": {"path":"C:\\Users\\USER\\Documents\\Claude\\Projects\\DIIS\\smart-ai-school\\apps\\api\\src\\auth\\auth.module.ts","statementMap":{"0":{"start":{"line":20,"column":0},"end":{"line":20,"column":40}},"1":{"start":{"line":21,"column":0},"end":{"line":21,"column":56}},"2":{"start":{"line":22,"column":0},"end":{"line":22,"column":50}},"3":{"start":{"line":23,"column":0},"end":{"line":23,"column":51}},"4":{"start":{"line":24,"column":0},"end":{"line":24,"column":45}},"5":{"start":{"line":31,"column":7},"end":{"line":31,"column":null}},"6":{"start":{"line":31,"column":13},"end":{"line":31,"column":23}},"7":{"start":{"line":31,"column":13},"end":{"line":31,"column":null}}},"fnMap":{},"branchMap":{},"s":{"0":0,"1":0,"2":0,"3":0,"4":0,"5":0,"6":0,"7":0},"f":{},"b":{}}
,"C:\\Users\\USER\\Documents\\Claude\\Projects\\DIIS\\smart-ai-school\\apps\\api\\src\\auth\\auth.service.ts": {"path":"C:\\Users\\USER\\Documents\\Claude\\Projects\\DIIS\\smart-ai-school\\apps\\api\\src\\auth\\auth.service.ts","statementMap":{"0":{"start":{"line":5,"column":0},"end":{"line":5,"column":63}},"1":{"start":{"line":6,"column":0},"end":{"line":6,"column":57}},"2":{"start":{"line":10,"column":18},"end":{"line":16,"column":11}},"3":{"start":{"line":27,"column":7},"end":{"line":67,"column":null}},"4":{"start":{"line":28,"column":22},"end":{"line":28,"column":30}},"5":{"start":{"line":35,"column":17},"end":{"line":38,"column":6}},"6":{"start":{"line":40,"column":4},"end":{"line":42,"column":5}},"7":{"start":{"line":41,"column":6},"end":{"line":41,"column":70}},"8":{"start":{"line":44,"column":4},"end":{"line":44,"column":16}},"9":{"start":{"line":52,"column":21},"end":{"line":55,"column":6}},"10":{"start":{"line":57,"column":4},"end":{"line":59,"column":5}},"11":{"start":{"line":58,"column":6},"end":{"line":58,"column":70}},"12":{"start":{"line":61,"column":4},"end":{"line":65,"column":7}},"13":{"start":{"line":27,"column":13},"end":{"line":27,"column":24}},"14":{"start":{"line":27,"column":13},"end":{"line":67,"column":null}}},"fnMap":{"0":{"name":"(anonymous_2)","decl":{"start":{"line":28,"column":2},"end":{"line":28,"column":22}},"loc":{"start":{"line":28,"column":43},"end":{"line":28,"column":47}}},"1":{"name":"(anonymous_3)","decl":{"start":{"line":34,"column":2},"end":{"line":34,"column":7}},"loc":{"start":{"line":34,"column":32},"end":{"line":45,"column":3}}},"2":{"name":"(anonymous_4)","decl":{"start":{"line":51,"column":2},"end":{"line":51,"column":7}},"loc":{"start":{"line":51,"column":53},"end":{"line":66,"column":3}}}},"branchMap":{"0":{"loc":{"start":{"line":40,"column":4},"end":{"line":42,"column":5}},"type":"if","locations":[{"start":{"line":40,"column":4},"end":{"line":42,"column":5}}]},"1":{"loc":{"start":{"line":57,"column":4},"end":{"line":59,"column":5}},"type":"if","locations":[{"start":{"line":57,"column":4},"end":{"line":59,"column":5}}]}},"s":{"0":0,"1":0,"2":0,"3":0,"4":0,"5":0,"6":0,"7":0,"8":0,"9":0,"10":0,"11":0,"12":0,"13":0,"14":0},"f":{"0":0,"1":0,"2":0},"b":{"0":[0],"1":[0]}}
,"C:\\Users\\USER\\Documents\\Claude\\Projects\\DIIS\\smart-ai-school\\apps\\api\\src\\auth\\decorators\\current-user.decorator.ts": {"path":"C:\\Users\\USER\\Documents\\Claude\\Projects\\DIIS\\smart-ai-school\\apps\\api\\src\\auth\\decorators\\current-user.decorator.ts","statementMap":{"0":{"start":{"line":1,"column":0},"end":{"line":1,"column":72}},"1":{"start":{"line":8,"column":13},"end":{"line":13,"column":2}},"2":{"start":{"line":10,"column":20},"end":{"line":10,"column":51}},"3":{"start":{"line":11,"column":4},"end":{"line":11,"column":24}}},"fnMap":{"0":{"name":"(anonymous_0)","decl":{"start":{"line":9,"column":2},"end":{"line":9,"column":3}},"loc":{"start":{"line":9,"column":54},"end":{"line":12,"column":3}}}},"branchMap":{},"s":{"0":1,"1":1,"2":0,"3":0},"f":{"0":0},"b":{}}
,"C:\\Users\\USER\\Documents\\Claude\\Projects\\DIIS\\smart-ai-school\\apps\\api\\src\\auth\\decorators\\public.decorator.ts": {"path":"C:\\Users\\USER\\Documents\\Claude\\Projects\\DIIS\\smart-ai-school\\apps\\api\\src\\auth\\decorators\\public.decorator.ts","statementMap":{"0":{"start":{"line":1,"column":0},"end":{"line":1,"column":45}},"1":{"start":{"line":3,"column":13},"end":{"line":3,"column":40}},"2":{"start":{"line":9,"column":22},"end":{"line":9,"column":60}},"3":{"start":{"line":9,"column":28},"end":{"line":9,"column":60}},"4":{"start":{"line":9,"column":13},"end":{"line":9,"column":22}}},"fnMap":{"0":{"name":"(anonymous_0)","decl":{"start":{"line":9,"column":22},"end":{"line":9,"column":25}},"loc":{"start":{"line":9,"column":28},"end":{"line":9,"column":60}}}},"branchMap":{},"s":{"0":0,"1":0,"2":0,"3":0,"4":0},"f":{"0":0},"b":{}}
,"C:\\Users\\USER\\Documents\\Claude\\Projects\\DIIS\\smart-ai-school\\apps\\api\\src\\auth\\decorators\\roles.decorator.ts": {"path":"C:\\Users\\USER\\Documents\\Claude\\Projects\\DIIS\\smart-ai-school\\apps\\api\\src\\auth\\decorators\\roles.decorator.ts","statementMap":{"0":{"start":{"line":1,"column":0},"end":{"line":1,"column":45}},"1":{"start":{"line":4,"column":13},"end":{"line":4,"column":33}},"2":{"start":{"line":10,"column":21},"end":{"line":10,"column":76}},"3":{"start":{"line":10,"column":47},"end":{"line":10,"column":76}},"4":{"start":{"line":10,"column":13},"end":{"line":10,"column":21}}},"fnMap":{"0":{"name":"(anonymous_0)","decl":{"start":{"line":10,"column":21},"end":{"line":10,"column":22}},"loc":{"start":{"line":10,"column":47},"end":{"line":10,"column":76}}}},"branchMap":{},"s":{"0":1,"1":1,"2":1,"3":5,"4":1},"f":{"0":5},"b":{}}
,"C:\\Users\\USER\\Documents\\Claude\\Projects\\DIIS\\smart-ai-school\\apps\\api\\src\\auth\\dto\\update-me.dto.ts": {"path":"C:\\Users\\USER\\Documents\\Claude\\Projects\\DIIS\\smart-ai-school\\apps\\api\\src\\auth\\dto\\update-me.dto.ts","statementMap":{"0":{"start":{"line":1,"column":0},"end":{"line":1,"column":24}},"1":{"start":{"line":8,"column":13},"end":{"line":13,"column":12}}},"fnMap":{},"branchMap":{},"s":{"0":0,"1":0},"f":{},"b":{}}
,"C:\\Users\\USER\\Documents\\Claude\\Projects\\DIIS\\smart-ai-school\\apps\\api\\src\\auth\\guards\\keycloak.guard.ts": {"path":"C:\\Users\\USER\\Documents\\Claude\\Projects\\DIIS\\smart-ai-school\\apps\\api\\src\\auth\\guards\\keycloak.guard.ts","statementMap":{"0":{"start":{"line":7,"column":0},"end":{"line":7,"column":null}},"1":{"start":{"line":13,"column":0},"end":{"line":13,"column":41}},"2":{"start":{"line":15,"column":0},"end":{"line":15,"column":75}},"3":{"start":{"line":16,"column":0},"end":{"line":16,"column":39}},"4":{"start":{"line":17,"column":0},"end":{"line":17,"column":63}},"5":{"start":{"line":20,"column":7},"end":{"line":61,"column":null}},"6":{"start":{"line":21,"column":22},"end":{"line":21,"column":33}},"7":{"start":{"line":25,"column":21},"end":{"line":28,"column":6}},"8":{"start":{"line":29,"column":4},"end":{"line":29,"column":30}},"9":{"start":{"line":29,"column":18},"end":{"line":29,"column":30}},"10":{"start":{"line":31,"column":20},"end":{"line":31,"column":71}},"11":{"start":{"line":32,"column":18},"end":{"line":32,"column":44}},"12":{"start":{"line":34,"column":4},"end":{"line":36,"column":5}},"13":{"start":{"line":35,"column":6},"end":{"line":35,"column":63}},"14":{"start":{"line":38,"column":4},"end":{"line":53,"column":5}},"15":{"start":{"line":39,"column":22},"end":{"line":39,"column":54}},"16":{"start":{"line":40,"column":19},"end":{"line":40,"column":43}},"17":{"start":{"line":43,"column":7},"end":{"line":43,"column":67}},"18":{"start":{"line":45,"column":6},"end":{"line":48,"column":9}},"19":{"start":{"line":50,"column":6},"end":{"line":50,"column":18}},"20":{"start":{"line":52,"column":6},"end":{"line":52,"column":78}},"21":{"start":{"line":57,"column":23},"end":{"line":57,"column":52}},"22":{"start":{"line":58,"column":4},"end":{"line":58,"column":56}},"23":{"start":{"line":58,"column":44},"end":{"line":58,"column":56}},"24":{"start":{"line":59,"column":4},"end":{"line":59,"column":35}},"25":{"start":{"line":20,"column":13},"end":{"line":20,"column":26}},"26":{"start":{"line":20,"column":13},"end":{"line":61,"column":null}}},"fnMap":{"0":{"name":"(anonymous_2)","decl":{"start":{"line":21,"column":2},"end":{"line":21,"column":22}},"loc":{"start":{"line":21,"column":42},"end":{"line":21,"column":46}}},"1":{"name":"(anonymous_3)","decl":{"start":{"line":23,"column":2},"end":{"line":23,"column":7}},"loc":{"start":{"line":23,"column":45},"end":{"line":54,"column":3}}},"2":{"name":"(anonymous_4)","decl":{"start":{"line":56,"column":10},"end":{"line":56,"column":22}},"loc":{"start":{"line":56,"column":46},"end":{"line":60,"column":3}}}},"branchMap":{"0":{"loc":{"start":{"line":29,"column":4},"end":{"line":29,"column":30}},"type":"if","locations":[{"start":{"line":29,"column":4},"end":{"line":29,"column":30}}]},"1":{"loc":{"start":{"line":34,"column":4},"end":{"line":36,"column":5}},"type":"if","locations":[{"start":{"line":34,"column":4},"end":{"line":36,"column":5}}]},"2":{"loc":{"start":{"line":58,"column":4},"end":{"line":58,"column":56}},"type":"if","locations":[{"start":{"line":58,"column":4},"end":{"line":58,"column":56}}]}},"s":{"0":0,"1":0,"2":0,"3":0,"4":0,"5":0,"6":0,"7":0,"8":0,"9":0,"10":0,"11":0,"12":0,"13":0,"14":0,"15":0,"16":0,"17":0,"18":0,"19":0,"20":0,"21":0,"22":0,"23":0,"24":0,"25":0,"26":0},"f":{"0":0,"1":0,"2":0},"b":{"0":[0],"1":[0],"2":[0]}}
,"C:\\Users\\USER\\Documents\\Claude\\Projects\\DIIS\\smart-ai-school\\apps\\api\\src\\auth\\guards\\roles.guard.ts": {"path":"C:\\Users\\USER\\Documents\\Claude\\Projects\\DIIS\\smart-ai-school\\apps\\api\\src\\auth\\guards\\roles.guard.ts","statementMap":{"0":{"start":{"line":7,"column":0},"end":{"line":7,"column":null}},"1":{"start":{"line":13,"column":0},"end":{"line":13,"column":41}},"2":{"start":{"line":16,"column":0},"end":{"line":16,"column":58}},"3":{"start":{"line":17,"column":0},"end":{"line":17,"column":63}},"4":{"start":{"line":20,"column":7},"end":{"line":59,"column":null}},"5":{"start":{"line":21,"column":22},"end":{"line":21,"column":33}},"6":{"start":{"line":25,"column":21},"end":{"line":28,"column":6}},"7":{"start":{"line":29,"column":4},"end":{"line":29,"column":30}},"8":{"start":{"line":29,"column":18},"end":{"line":29,"column":30}},"9":{"start":{"line":31,"column":26},"end":{"line":34,"column":6}},"10":{"start":{"line":37,"column":4},"end":{"line":37,"column":66}},"11":{"start":{"line":37,"column":54},"end":{"line":37,"column":66}},"12":{"start":{"line":39,"column":20},"end":{"line":41,"column":57}},"13":{"start":{"line":42,"column":17},"end":{"line":42,"column":29}},"14":{"start":{"line":45,"column":4},"end":{"line":47,"column":5}},"15":{"start":{"line":46,"column":6},"end":{"line":46,"column":79}},"16":{"start":{"line":49,"column":28},"end":{"line":50,"column":null}},"17":{"start":{"line":50,"column":6},"end":{"line":50,"column":31}},"18":{"start":{"line":53,"column":4},"end":{"line":55,"column":5}},"19":{"start":{"line":54,"column":6},"end":{"line":54,"column":74}},"20":{"start":{"line":57,"column":4},"end":{"line":57,"column":16}},"21":{"start":{"line":20,"column":13},"end":{"line":20,"column":23}},"22":{"start":{"line":20,"column":13},"end":{"line":59,"column":null}}},"fnMap":{"0":{"name":"(anonymous_2)","decl":{"start":{"line":21,"column":2},"end":{"line":21,"column":22}},"loc":{"start":{"line":21,"column":42},"end":{"line":21,"column":46}}},"1":{"name":"(anonymous_3)","decl":{"start":{"line":23,"column":2},"end":{"line":23,"column":13}},"loc":{"start":{"line":23,"column":39},"end":{"line":58,"column":3}}},"2":{"name":"(anonymous_4)","decl":{"start":{"line":49,"column":47},"end":{"line":49,"column":48}},"loc":{"start":{"line":50,"column":6},"end":{"line":50,"column":31}}}},"branchMap":{"0":{"loc":{"start":{"line":29,"column":4},"end":{"line":29,"column":30}},"type":"if","locations":[{"start":{"line":29,"column":4},"end":{"line":29,"column":30}}]},"1":{"loc":{"start":{"line":37,"column":4},"end":{"line":37,"column":66}},"type":"if","locations":[{"start":{"line":37,"column":4},"end":{"line":37,"column":66}}]},"2":{"loc":{"start":{"line":37,"column":8},"end":{"line":37,"column":52}},"type":"binary-expr","locations":[{"start":{"line":37,"column":8},"end":{"line":37,"column":22}},{"start":{"line":37,"column":26},"end":{"line":37,"column":52}}]},"3":{"loc":{"start":{"line":45,"column":4},"end":{"line":47,"column":5}},"type":"if","locations":[{"start":{"line":45,"column":4},"end":{"line":47,"column":5}}]},"4":{"loc":{"start":{"line":53,"column":4},"end":{"line":55,"column":5}},"type":"if","locations":[{"start":{"line":53,"column":4},"end":{"line":55,"column":5}}]}},"s":{"0":0,"1":0,"2":0,"3":0,"4":0,"5":0,"6":0,"7":0,"8":0,"9":0,"10":0,"11":0,"12":0,"13":0,"14":0,"15":0,"16":0,"17":0,"18":0,"19":0,"20":0,"21":0,"22":0},"f":{"0":0,"1":0,"2":0},"b":{"0":[0],"1":[0],"2":[0,0],"3":[0],"4":[0]}}
,"C:\\Users\\USER\\Documents\\Claude\\Projects\\DIIS\\smart-ai-school\\apps\\api\\src\\common\\filters\\http-exception.filter.ts": {"path":"C:\\Users\\USER\\Documents\\Claude\\Projects\\DIIS\\smart-ai-school\\apps\\api\\src\\common\\filters\\http-exception.filter.ts","statementMap":{"0":{"start":{"line":6,"column":0},"end":{"line":6,"column":null}},"1":{"start":{"line":14,"column":0},"end":{"line":14,"column":39}},"2":{"start":{"line":26,"column":7},"end":{"line":69,"column":null}},"3":{"start":{"line":28,"column":16},"end":{"line":28,"column":35}},"4":{"start":{"line":29,"column":18},"end":{"line":29,"column":49}},"5":{"start":{"line":30,"column":20},"end":{"line":30,"column":52}},"6":{"start":{"line":32,"column":21},"end":{"line":32,"column":53}},"7":{"start":{"line":33,"column":37},"end":{"line":33,"column":68}},"8":{"start":{"line":34,"column":20},"end":{"line":34,"column":43}},"9":{"start":{"line":36,"column":4},"end":{"line":57,"column":5}},"10":{"start":{"line":37,"column":6},"end":{"line":37,"column":41}},"11":{"start":{"line":38,"column":32},"end":{"line":38,"column":55}},"12":{"start":{"line":40,"column":6},"end":{"line":46,"column":7}},"13":{"start":{"line":41,"column":8},"end":{"line":41,"column":36}},"14":{"start":{"line":42,"column":13},"end":{"line":46,"column":7}},"15":{"start":{"line":43,"column":21},"end":{"line":43,"column":65}},"16":{"start":{"line":44,"column":8},"end":{"line":44,"column":65}},"17":{"start":{"line":45,"column":8},"end":{"line":45,"column":61}},"18":{"start":{"line":47,"column":11},"end":{"line":57,"column":5}},"19":{"start":{"line":49,"column":6},"end":{"line":51,"column":7}},"20":{"start":{"line":50,"column":8},"end":{"line":50,"column":36}},"21":{"start":{"line":53,"column":6},"end":{"line":56,"column":9}},"22":{"start":{"line":59,"column":36},"end":{"line":65,"column":6}},"23":{"start":{"line":67,"column":4},"end":{"line":67,"column":44}},"24":{"start":{"line":26,"column":13},"end":{"line":26,"column":32}},"25":{"start":{"line":26,"column":13},"end":{"line":69,"column":null}}},"fnMap":{"0":{"name":"(anonymous_1)","decl":{"start":{"line":27,"column":2},"end":{"line":27,"column":7}},"loc":{"start":{"line":27,"column":47},"end":{"line":68,"column":3}}}},"branchMap":{"0":{"loc":{"start":{"line":36,"column":4},"end":{"line":57,"column":5}},"type":"if","locations":[{"start":{"line":36,"column":4},"end":{"line":57,"column":5}},{"start":{"line":47,"column":11},"end":{"line":57,"column":5}}]},"1":{"loc":{"start":{"line":40,"column":6},"end":{"line":46,"column":7}},"type":"if","locations":[{"start":{"line":40,"column":6},"end":{"line":46,"column":7}},{"start":{"line":42,"column":13},"end":{"line":46,"column":7}}]},"2":{"loc":{"start":{"line":42,"column":13},"end":{"line":46,"column":7}},"type":"if","locations":[{"start":{"line":42,"column":13},"end":{"line":46,"column":7}}]},"3":{"loc":{"start":{"line":42,"column":17},"end":{"line":42,"column":84}},"type":"binary-expr","locations":[{"start":{"line":42,"column":17},"end":{"line":42,"column":54}},{"start":{"line":42,"column":58},"end":{"line":42,"column":84}}]},"4":{"loc":{"start":{"line":44,"column":19},"end":{"line":44,"column":64}},"type":"binary-expr","locations":[{"start":{"line":44,"column":19},"end":{"line":44,"column":53}},{"start":{"line":44,"column":57},"end":{"line":44,"column":64}}]},"5":{"loc":{"start":{"line":45,"column":21},"end":{"line":45,"column":60}},"type":"binary-expr","locations":[{"start":{"line":45,"column":21},"end":{"line":45,"column":42}},{"start":{"line":45,"column":46},"end":{"line":45,"column":60}}]},"6":{"loc":{"start":{"line":47,"column":11},"end":{"line":57,"column":5}},"type":"if","locations":[{"start":{"line":47,"column":11},"end":{"line":57,"column":5}}]},"7":{"loc":{"start":{"line":49,"column":6},"end":{"line":51,"column":7}},"type":"if","locations":[{"start":{"line":49,"column":6},"end":{"line":51,"column":7}}]}},"s":{"0":0,"1":0,"2":0,"3":0,"4":0,"5":0,"6":0,"7":0,"8":0,"9":0,"10":0,"11":0,"12":0,"13":0,"14":0,"15":0,"16":0,"17":0,"18":0,"19":0,"20":0,"21":0,"22":0,"23":0,"24":0,"25":0},"f":{"0":0},"b":{"0":[0,0],"1":[0,0],"2":[0],"3":[0,0],"4":[0,0],"5":[0,0],"6":[0],"7":[0]}}
,"C:\\Users\\USER\\Documents\\Claude\\Projects\\DIIS\\smart-ai-school\\apps\\api\\src\\common\\filters\\prisma-exception.filter.ts": {"path":"C:\\Users\\USER\\Documents\\Claude\\Projects\\DIIS\\smart-ai-school\\apps\\api\\src\\common\\filters\\prisma-exception.filter.ts","statementMap":{"0":{"start":{"line":14,"column":0},"end":{"line":14,"column":null}},"1":{"start":{"line":20,"column":0},"end":{"line":20,"column":40}},"2":{"start":{"line":22,"column":0},"end":{"line":22,"column":39}},"3":{"start":{"line":24,"column":92},"end":{"line":40,"column":2}},"4":{"start":{"line":43,"column":7},"end":{"line":77,"column":null}},"5":{"start":{"line":45,"column":16},"end":{"line":45,"column":35}},"6":{"start":{"line":46,"column":18},"end":{"line":46,"column":49}},"7":{"start":{"line":47,"column":20},"end":{"line":47,"column":52}},"8":{"start":{"line":49,"column":19},"end":{"line":49,"column":50}},"9":{"start":{"line":51,"column":4},"end":{"line":61,"column":5}},"10":{"start":{"line":52,"column":6},"end":{"line":59,"column":9}},"11":{"start":{"line":60,"column":6},"end":{"line":60,"column":13}},"12":{"start":{"line":64,"column":4},"end":{"line":67,"column":7}},"13":{"start":{"line":69,"column":4},"end":{"line":75,"column":7}},"14":{"start":{"line":43,"column":13},"end":{"line":43,"column":34}},"15":{"start":{"line":43,"column":13},"end":{"line":77,"column":null}}},"fnMap":{"0":{"name":"(anonymous_1)","decl":{"start":{"line":44,"column":2},"end":{"line":44,"column":7}},"loc":{"start":{"line":44,"column":76},"end":{"line":76,"column":3}}}},"branchMap":{"0":{"loc":{"start":{"line":51,"column":4},"end":{"line":61,"column":5}},"type":"if","locations":[{"start":{"line":51,"column":4},"end":{"line":61,"column":5}}]}},"s":{"0":0,"1":0,"2":0,"3":0,"4":0,"5":0,"6":0,"7":0,"8":0,"9":0,"10":0,"11":0,"12":0,"13":0,"14":0,"15":0},"f":{"0":0},"b":{"0":[0]}}
,"C:\\Users\\USER\\Documents\\Claude\\Projects\\DIIS\\smart-ai-school\\apps\\api\\src\\common\\interceptors\\logging.interceptor.ts": {"path":"C:\\Users\\USER\\Documents\\Claude\\Projects\\DIIS\\smart-ai-school\\apps\\api\\src\\common\\interceptors\\logging.interceptor.ts","statementMap":{"0":{"start":{"line":5,"column":0},"end":{"line":5,"column":null}},"1":{"start":{"line":12,"column":0},"end":{"line":12,"column":37}},"2":{"start":{"line":14,"column":0},"end":{"line":14,"column":37}},"3":{"start":{"line":16,"column":0},"end":{"line":16,"column":59}},"4":{"start":{"line":19,"column":7},"end":{"line":52,"column":null}},"5":{"start":{"line":22,"column":20},"end":{"line":22,"column":71}},"6":{"start":{"line":23,"column":28},"end":{"line":23,"column":35}},"7":{"start":{"line":24,"column":22},"end":{"line":24,"column":32}},"8":{"start":{"line":26,"column":4},"end":{"line":50,"column":6}},"9":{"start":{"line":29,"column":27},"end":{"line":29,"column":49}},"10":{"start":{"line":30,"column":10},"end":{"line":30,"column":44}},"11":{"start":{"line":31,"column":10},"end":{"line":37,"column":13}},"12":{"start":{"line":40,"column":27},"end":{"line":40,"column":49}},"13":{"start":{"line":41,"column":10},"end":{"line":47,"column":13}},"14":{"start":{"line":19,"column":13},"end":{"line":19,"column":31}},"15":{"start":{"line":19,"column":13},"end":{"line":52,"column":null}}},"fnMap":{"0":{"name":"(anonymous_1)","decl":{"start":{"line":21,"column":2},"end":{"line":21,"column":11}},"loc":{"start":{"line":21,"column":56},"end":{"line":51,"column":3}}},"1":{"name":"(anonymous_2)","decl":{"start":{"line":28,"column":14},"end":{"line":28,"column":17}},"loc":{"start":{"line":28,"column":19},"end":{"line":38,"column":9}}},"2":{"name":"(anonymous_3)","decl":{"start":{"line":39,"column":15},"end":{"line":39,"column":16}},"loc":{"start":{"line":39,"column":32},"end":{"line":48,"column":9}}}},"branchMap":{},"s":{"0":0,"1":0,"2":0,"3":0,"4":0,"5":0,"6":0,"7":0,"8":0,"9":0,"10":0,"11":0,"12":0,"13":0,"14":0,"15":0},"f":{"0":0,"1":0,"2":0},"b":{}}
,"C:\\Users\\USER\\Documents\\Claude\\Projects\\DIIS\\smart-ai-school\\apps\\api\\src\\common\\pipes\\zod-validation.pipe.ts": {"path":"C:\\Users\\USER\\Documents\\Claude\\Projects\\DIIS\\smart-ai-school\\apps\\api\\src\\common\\pipes\\zod-validation.pipe.ts","statementMap":{"0":{"start":{"line":44,"column":0},"end":{"line":44,"column":16}},"1":{"start":{"line":6,"column":0},"end":{"line":6,"column":null}},"2":{"start":{"line":14,"column":22},"end":{"line":14,"column":40}},"3":{"start":{"line":18,"column":4},"end":{"line":18,"column":35}},"4":{"start":{"line":18,"column":22},"end":{"line":18,"column":35}},"5":{"start":{"line":19,"column":4},"end":{"line":19,"column":47}},"6":{"start":{"line":19,"column":34},"end":{"line":19,"column":47}},"7":{"start":{"line":21,"column":19},"end":{"line":21,"column":47}},"8":{"start":{"line":23,"column":4},"end":{"line":34,"column":5}},"9":{"start":{"line":24,"column":21},"end":{"line":27,"column":9}},"10":{"start":{"line":24,"column":53},"end":{"line":27,"column":8}},"11":{"start":{"line":29,"column":6},"end":{"line":33,"column":9}},"12":{"start":{"line":36,"column":4},"end":{"line":36,"column":23}},"13":{"start":{"line":13,"column":0},"end":{"line":13,"column":13}},"14":{"start":{"line":45,"column":2},"end":{"line":45,"column":39}}},"fnMap":{"0":{"name":"(anonymous_0)","decl":{"start":{"line":14,"column":2},"end":{"line":14,"column":22}},"loc":{"start":{"line":14,"column":40},"end":{"line":14,"column":44}}},"1":{"name":"(anonymous_1)","decl":{"start":{"line":16,"column":2},"end":{"line":16,"column":11}},"loc":{"start":{"line":16,"column":54},"end":{"line":37,"column":3}}},"2":{"name":"(anonymous_2)","decl":{"start":{"line":24,"column":45},"end":{"line":24,"column":46}},"loc":{"start":{"line":24,"column":53},"end":{"line":27,"column":8}}},"3":{"name":"ZodPipe","decl":{"start":{"line":44,"column":16},"end":{"line":44,"column":23}},"loc":{"start":{"line":44,"column":41},"end":{"line":46,"column":1}}}},"branchMap":{"0":{"loc":{"start":{"line":18,"column":4},"end":{"line":18,"column":35}},"type":"if","locations":[{"start":{"line":18,"column":4},"end":{"line":18,"column":35}}]},"1":{"loc":{"start":{"line":19,"column":4},"end":{"line":19,"column":47}},"type":"if","locations":[{"start":{"line":19,"column":4},"end":{"line":19,"column":47}}]},"2":{"loc":{"start":{"line":23,"column":4},"end":{"line":34,"column":5}},"type":"if","locations":[{"start":{"line":23,"column":4},"end":{"line":34,"column":5}}]}},"s":{"0":1,"1":1,"2":1,"3":0,"4":0,"5":0,"6":0,"7":0,"8":0,"9":0,"10":0,"11":0,"12":0,"13":1,"14":1},"f":{"0":1,"1":0,"2":0,"3":1},"b":{"0":[0],"1":[0],"2":[0]}}
,"C:\\Users\\USER\\Documents\\Claude\\Projects\\DIIS\\smart-ai-school\\apps\\api\\src\\config\\env.validation.ts": {"path":"C:\\Users\\USER\\Documents\\Claude\\Projects\\DIIS\\smart-ai-school\\apps\\api\\src\\config\\env.validation.ts","statementMap":{"0":{"start":{"line":35,"column":0},"end":{"line":35,"column":16}},"1":{"start":{"line":7,"column":0},"end":{"line":7,"column":24}},"2":{"start":{"line":13,"column":18},"end":{"line":22,"column":2}},"3":{"start":{"line":36,"column":17},"end":{"line":36,"column":49}},"4":{"start":{"line":38,"column":2},"end":{"line":42,"column":3}},"5":{"start":{"line":39,"column":4},"end":{"line":39,"column":54}},"6":{"start":{"line":40,"column":4},"end":{"line":40,"column":54}},"7":{"start":{"line":41,"column":4},"end":{"line":41,"column":20}},"8":{"start":{"line":44,"column":2},"end":{"line":44,"column":21}}},"fnMap":{"0":{"name":"validateEnv","decl":{"start":{"line":35,"column":16},"end":{"line":35,"column":27}},"loc":{"start":{"line":35,"column":27},"end":{"line":45,"column":1}}}},"branchMap":{"0":{"loc":{"start":{"line":38,"column":2},"end":{"line":42,"column":3}},"type":"if","locations":[{"start":{"line":38,"column":2},"end":{"line":42,"column":3}}]}},"s":{"0":0,"1":0,"2":0,"3":0,"4":0,"5":0,"6":0,"7":0,"8":0},"f":{"0":0},"b":{"0":[0]}}
,"C:\\Users\\USER\\Documents\\Claude\\Projects\\DIIS\\smart-ai-school\\apps\\api\\src\\finance\\finance.controller.ts": {"path":"C:\\Users\\USER\\Documents\\Claude\\Projects\\DIIS\\smart-ai-school\\apps\\api\\src\\finance\\finance.controller.ts","statementMap":{"0":{"start":{"line":11,"column":0},"end":{"line":11,"column":null}},"1":{"start":{"line":24,"column":0},"end":{"line":24,"column":72}},"2":{"start":{"line":25,"column":0},"end":{"line":25,"column":59}},"3":{"start":{"line":26,"column":0},"end":{"line":26,"column":62}},"4":{"start":{"line":27,"column":0},"end":{"line":27,"column":51}},"5":{"start":{"line":28,"column":0},"end":{"line":28,"column":69}},"6":{"start":{"line":29,"column":0},"end":{"line":29,"column":56}},"7":{"start":{"line":30,"column":0},"end":{"line":30,"column":62}},"8":{"start":{"line":33,"column":7},"end":{"line":100,"column":null}},"9":{"start":{"line":34,"column":22},"end":{"line":34,"column":31}},"10":{"start":{"line":47,"column":4},"end":{"line":47,"column":48}},"11":{"start":{"line":57,"column":19},"end":{"line":57,"column":57}},"12":{"start":{"line":58,"column":4},"end":{"line":58,"column":76}},"13":{"start":{"line":58,"column":25},"end":{"line":58,"column":76}},"14":{"start":{"line":59,"column":4},"end":{"line":59,"column":51}},"15":{"start":{"line":69,"column":19},"end":{"line":69,"column":60}},"16":{"start":{"line":70,"column":4},"end":{"line":70,"column":76}},"17":{"start":{"line":70,"column":25},"end":{"line":70,"column":76}},"18":{"start":{"line":71,"column":4},"end":{"line":71,"column":45}},"19":{"start":{"line":84,"column":4},"end":{"line":84,"column":53}},"20":{"start":{"line":98,"column":4},"end":{"line":98,"column":42}},"21":{"start":{"line":33,"column":13},"end":{"line":33,"column":30}},"22":{"start":{"line":43,"column":2},"end":{"line":48,"column":null}},"23":{"start":{"line":56,"column":2},"end":{"line":60,"column":null}},"24":{"start":{"line":68,"column":2},"end":{"line":72,"column":null}},"25":{"start":{"line":80,"column":2},"end":{"line":85,"column":null}},"26":{"start":{"line":94,"column":2},"end":{"line":99,"column":null}},"27":{"start":{"line":33,"column":13},"end":{"line":100,"column":null}}},"fnMap":{"0":{"name":"(anonymous_4)","decl":{"start":{"line":34,"column":2},"end":{"line":34,"column":22}},"loc":{"start":{"line":34,"column":45},"end":{"line":34,"column":49}}},"1":{"name":"(anonymous_5)","decl":{"start":{"line":43,"column":2},"end":{"line":43,"column":14}},"loc":{"start":{"line":45,"column":33},"end":{"line":48,"column":3}}},"2":{"name":"(anonymous_6)","decl":{"start":{"line":56,"column":2},"end":{"line":56,"column":9}},"loc":{"start":{"line":56,"column":67},"end":{"line":60,"column":3}}},"3":{"name":"(anonymous_7)","decl":{"start":{"line":68,"column":2},"end":{"line":68,"column":9}},"loc":{"start":{"line":68,"column":36},"end":{"line":72,"column":3}}},"4":{"name":"(anonymous_8)","decl":{"start":{"line":80,"column":2},"end":{"line":80,"column":13}},"loc":{"start":{"line":82,"column":33},"end":{"line":85,"column":3}}},"5":{"name":"(anonymous_9)","decl":{"start":{"line":94,"column":2},"end":{"line":94,"column":9}},"loc":{"start":{"line":96,"column":33},"end":{"line":99,"column":3}}}},"branchMap":{"0":{"loc":{"start":{"line":58,"column":4},"end":{"line":58,"column":76}},"type":"if","locations":[{"start":{"line":58,"column":4},"end":{"line":58,"column":76}}]},"1":{"loc":{"start":{"line":70,"column":4},"end":{"line":70,"column":76}},"type":"if","locations":[{"start":{"line":70,"column":4},"end":{"line":70,"column":76}}]}},"s":{"0":1,"1":1,"2":1,"3":1,"4":1,"5":1,"6":1,"7":1,"8":1,"9":8,"10":1,"11":2,"12":2,"13":1,"14":1,"15":2,"16":2,"17":1,"18":1,"19":1,"20":1,"21":1,"22":1,"23":1,"24":1,"25":1,"26":1,"27":1},"f":{"0":8,"1":1,"2":2,"3":2,"4":1,"5":1},"b":{"0":[1],"1":[1]}}
,"C:\\Users\\USER\\Documents\\Claude\\Projects\\DIIS\\smart-ai-school\\apps\\api\\src\\finance\\finance.module.ts": {"path":"C:\\Users\\USER\\Documents\\Claude\\Projects\\DIIS\\smart-ai-school\\apps\\api\\src\\finance\\finance.module.ts","statementMap":{"0":{"start":{"line":1,"column":0},"end":{"line":1,"column":40}},"1":{"start":{"line":2,"column":0},"end":{"line":2,"column":57}},"2":{"start":{"line":3,"column":0},"end":{"line":3,"column":51}},"3":{"start":{"line":9,"column":7},"end":{"line":9,"column":null}},"4":{"start":{"line":9,"column":13},"end":{"line":9,"column":26}},"5":{"start":{"line":9,"column":13},"end":{"line":9,"column":null}}},"fnMap":{},"branchMap":{},"s":{"0":1,"1":1,"2":1,"3":1,"4":1,"5":1},"f":{},"b":{}}
,"C:\\Users\\USER\\Documents\\Claude\\Projects\\DIIS\\smart-ai-school\\apps\\api\\src\\finance\\finance.service.ts": {"path":"C:\\Users\\USER\\Documents\\Claude\\Projects\\DIIS\\smart-ai-school\\apps\\api\\src\\finance\\finance.service.ts","statementMap":{"0":{"start":{"line":18,"column":0},"end":{"line":18,"column":null}},"1":{"start":{"line":26,"column":0},"end":{"line":26,"column":57}},"2":{"start":{"line":33,"column":23},"end":{"line":33,"column":79}},"3":{"start":{"line":37,"column":19},"end":{"line":58,"column":11}},"4":{"start":{"line":63,"column":2},"end":{"line":63,"column":83}},"5":{"start":{"line":63,"column":33},"end":{"line":63,"column":81}},"6":{"start":{"line":67,"column":2},"end":{"line":71,"column":4}},"7":{"start":{"line":75,"column":2},"end":{"line":80,"column":4}},"8":{"start":{"line":86,"column":7},"end":{"line":259,"column":null}},"9":{"start":{"line":87,"column":22},"end":{"line":87,"column":30}},"10":{"start":{"line":93,"column":17},"end":{"line":96,"column":6}},"11":{"start":{"line":97,"column":4},"end":{"line":97,"column":68}},"12":{"start":{"line":97,"column":15},"end":{"line":97,"column":68}},"13":{"start":{"line":98,"column":4},"end":{"line":98,"column":19}},"14":{"start":{"line":103,"column":19},"end":{"line":103,"column":55}},"15":{"start":{"line":104,"column":20},"end":{"line":107,"column":6}},"16":{"start":{"line":108,"column":4},"end":{"line":108,"column":94}},"17":{"start":{"line":108,"column":18},"end":{"line":108,"column":94}},"18":{"start":{"line":109,"column":4},"end":{"line":109,"column":22}},"19":{"start":{"line":114,"column":19},"end":{"line":114,"column":55}},"20":{"start":{"line":115,"column":21},"end":{"line":118,"column":6}},"21":{"start":{"line":119,"column":4},"end":{"line":121,"column":5}},"22":{"start":{"line":120,"column":6},"end":{"line":120,"column":88}},"23":{"start":{"line":122,"column":4},"end":{"line":122,"column":37}},"24":{"start":{"line":122,"column":31},"end":{"line":122,"column":35}},"25":{"start":{"line":128,"column":19},"end":{"line":128,"column":60}},"26":{"start":{"line":131,"column":4},"end":{"line":143,"column":7}},"27":{"start":{"line":149,"column":47},"end":{"line":149,"column":49}},"28":{"start":{"line":151,"column":4},"end":{"line":151,"column":48}},"29":{"start":{"line":151,"column":22},"end":{"line":151,"column":48}},"30":{"start":{"line":152,"column":4},"end":{"line":152,"column":67}},"31":{"start":{"line":152,"column":22},"end":{"line":152,"column":67}},"32":{"start":{"line":154,"column":4},"end":{"line":164,"column":5}},"33":{"start":{"line":156,"column":6},"end":{"line":156,"column":67}},"34":{"start":{"line":157,"column":11},"end":{"line":164,"column":5}},"35":{"start":{"line":159,"column":23},"end":{"line":159,"column":73}},"36":{"start":{"line":160,"column":6},"end":{"line":160,"column":41}},"37":{"start":{"line":163,"column":6},"end":{"line":163,"column":61}},"38":{"start":{"line":163,"column":27},"end":{"line":163,"column":61}},"39":{"start":{"line":166,"column":17},"end":{"line":166,"column":47}},"40":{"start":{"line":167,"column":26},"end":{"line":176,"column":6}},"41":{"start":{"line":178,"column":4},"end":{"line":178,"column":65}},"42":{"start":{"line":184,"column":47},"end":{"line":184,"column":49}},"43":{"start":{"line":185,"column":4},"end":{"line":185,"column":46}},"44":{"start":{"line":185,"column":21},"end":{"line":185,"column":46}},"45":{"start":{"line":186,"column":4},"end":{"line":186,"column":47}},"46":{"start":{"line":186,"column":21},"end":{"line":186,"column":47}},"47":{"start":{"line":188,"column":19},"end":{"line":194,"column":6}},"48":{"start":{"line":196,"column":4},"end":{"line":202,"column":8}},"49":{"start":{"line":196,"column":30},"end":{"line":202,"column":6}},"50":{"start":{"line":208,"column":4},"end":{"line":220,"column":5}},"51":{"start":{"line":210,"column":27},"end":{"line":210,"column":69}},"52":{"start":{"line":211,"column":6},"end":{"line":213,"column":7}},"53":{"start":{"line":212,"column":8},"end":{"line":212,"column":92}},"54":{"start":{"line":214,"column":11},"end":{"line":220,"column":5}},"55":{"start":{"line":216,"column":23},"end":{"line":216,"column":73}},"56":{"start":{"line":217,"column":6},"end":{"line":219,"column":7}},"57":{"start":{"line":218,"column":8},"end":{"line":218,"column":93}},"58":{"start":{"line":224,"column":20},"end":{"line":227,"column":6}},"59":{"start":{"line":228,"column":4},"end":{"line":228,"column":71}},"60":{"start":{"line":228,"column":18},"end":{"line":228,"column":71}},"61":{"start":{"line":230,"column":21},"end":{"line":234,"column":6}},"62":{"start":{"line":236,"column":4},"end":{"line":236,"column":33}},"63":{"start":{"line":242,"column":19},"end":{"line":242,"column":60}},"64":{"start":{"line":244,"column":20},"end":{"line":247,"column":6}},"65":{"start":{"line":248,"column":4},"end":{"line":248,"column":85}},"66":{"start":{"line":248,"column":18},"end":{"line":248,"column":85}},"67":{"start":{"line":249,"column":4},"end":{"line":251,"column":5}},"68":{"start":{"line":250,"column":6},"end":{"line":250,"column":79}},"69":{"start":{"line":253,"column":4},"end":{"line":257,"column":7}},"70":{"start":{"line":86,"column":13},"end":{"line":86,"column":27}},"71":{"start":{"line":86,"column":13},"end":{"line":259,"column":null}}},"fnMap":{"0":{"name":"isElevated","decl":{"start":{"line":62,"column":9},"end":{"line":62,"column":19}},"loc":{"start":{"line":62,"column":34},"end":{"line":64,"column":1}}},"1":{"name":"(anonymous_3)","decl":{"start":{"line":63,"column":25},"end":{"line":63,"column":26}},"loc":{"start":{"line":63,"column":33},"end":{"line":63,"column":81}}},"2":{"name":"isSiswaOnly","decl":{"start":{"line":66,"column":9},"end":{"line":66,"column":20}},"loc":{"start":{"line":66,"column":35},"end":{"line":72,"column":1}}},"3":{"name":"isOrangTuaOnly","decl":{"start":{"line":74,"column":9},"end":{"line":74,"column":23}},"loc":{"start":{"line":74,"column":38},"end":{"line":81,"column":1}}},"4":{"name":"(anonymous_6)","decl":{"start":{"line":87,"column":2},"end":{"line":87,"column":22}},"loc":{"start":{"line":87,"column":43},"end":{"line":87,"column":47}}},"5":{"name":"(anonymous_7)","decl":{"start":{"line":92,"column":10},"end":{"line":92,"column":15}},"loc":{"start":{"line":92,"column":48},"end":{"line":99,"column":3}}},"6":{"name":"(anonymous_8)","decl":{"start":{"line":102,"column":10},"end":{"line":102,"column":15}},"loc":{"start":{"line":102,"column":49},"end":{"line":110,"column":3}}},"7":{"name":"(anonymous_9)","decl":{"start":{"line":113,"column":10},"end":{"line":113,"column":15}},"loc":{"start":{"line":113,"column":57},"end":{"line":123,"column":3}}},"8":{"name":"(anonymous_10)","decl":{"start":{"line":122,"column":24},"end":{"line":122,"column":25}},"loc":{"start":{"line":122,"column":31},"end":{"line":122,"column":35}}},"9":{"name":"(anonymous_11)","decl":{"start":{"line":127,"column":2},"end":{"line":127,"column":7}},"loc":{"start":{"line":127,"column":54},"end":{"line":144,"column":3}}},"10":{"name":"(anonymous_12)","decl":{"start":{"line":148,"column":2},"end":{"line":148,"column":7}},"loc":{"start":{"line":148,"column":51},"end":{"line":179,"column":3}}},"11":{"name":"(anonymous_13)","decl":{"start":{"line":183,"column":2},"end":{"line":183,"column":7}},"loc":{"start":{"line":183,"column":38},"end":{"line":203,"column":3}}},"12":{"name":"(anonymous_14)","decl":{"start":{"line":196,"column":22},"end":{"line":196,"column":23}},"loc":{"start":{"line":196,"column":30},"end":{"line":202,"column":6}}},"13":{"name":"(anonymous_15)","decl":{"start":{"line":207,"column":2},"end":{"line":207,"column":7}},"loc":{"start":{"line":207,"column":53},"end":{"line":237,"column":3}}},"14":{"name":"(anonymous_16)","decl":{"start":{"line":241,"column":2},"end":{"line":241,"column":7}},"loc":{"start":{"line":241,"column":42},"end":{"line":258,"column":3}}}},"branchMap":{"0":{"loc":{"start":{"line":68,"column":4},"end":{"line":70,"column":32}},"type":"binary-expr","locations":[{"start":{"line":68,"column":4},"end":{"line":68,"column":32}},{"start":{"line":69,"column":4},"end":{"line":69,"column":21}},{"start":{"line":70,"column":4},"end":{"line":70,"column":32}}]},"1":{"loc":{"start":{"line":76,"column":4},"end":{"line":79,"column":33}},"type":"binary-expr","locations":[{"start":{"line":76,"column":4},"end":{"line":76,"column":36}},{"start":{"line":77,"column":4},"end":{"line":77,"column":21}},{"start":{"line":78,"column":4},"end":{"line":78,"column":32}},{"start":{"line":79,"column":4},"end":{"line":79,"column":33}}]},"2":{"loc":{"start":{"line":97,"column":4},"end":{"line":97,"column":68}},"type":"if","locations":[{"start":{"line":97,"column":4},"end":{"line":97,"column":68}}]},"3":{"loc":{"start":{"line":108,"column":4},"end":{"line":108,"column":94}},"type":"if","locations":[{"start":{"line":108,"column":4},"end":{"line":108,"column":94}}]},"4":{"loc":{"start":{"line":119,"column":4},"end":{"line":121,"column":5}},"type":"if","locations":[{"start":{"line":119,"column":4},"end":{"line":121,"column":5}}]},"5":{"loc":{"start":{"line":139,"column":20},"end":{"line":139,"column":86}},"type":"cond-expr","locations":[{"start":{"line":139,"column":69},"end":{"line":139,"column":79}},{"start":{"line":139,"column":82},"end":{"line":139,"column":86}}]},"6":{"loc":{"start":{"line":139,"column":20},"end":{"line":139,"column":66}},"type":"binary-expr","locations":[{"start":{"line":139,"column":20},"end":{"line":139,"column":41}},{"start":{"line":139,"column":45},"end":{"line":139,"column":66}}]},"7":{"loc":{"start":{"line":151,"column":4},"end":{"line":151,"column":48}},"type":"if","locations":[{"start":{"line":151,"column":4},"end":{"line":151,"column":48}}]},"8":{"loc":{"start":{"line":152,"column":4},"end":{"line":152,"column":67}},"type":"if","locations":[{"start":{"line":152,"column":4},"end":{"line":152,"column":67}}]},"9":{"loc":{"start":{"line":154,"column":4},"end":{"line":164,"column":5}},"type":"if","locations":[{"start":{"line":154,"column":4},"end":{"line":164,"column":5}},{"start":{"line":157,"column":11},"end":{"line":164,"column":5}}]},"10":{"loc":{"start":{"line":157,"column":11},"end":{"line":164,"column":5}},"type":"if","locations":[{"start":{"line":157,"column":11},"end":{"line":164,"column":5}},{"start":{"line":161,"column":11},"end":{"line":164,"column":5}}]},"11":{"loc":{"start":{"line":163,"column":6},"end":{"line":163,"column":61}},"type":"if","locations":[{"start":{"line":163,"column":6},"end":{"line":163,"column":61}}]},"12":{"loc":{"start":{"line":185,"column":4},"end":{"line":185,"column":46}},"type":"if","locations":[{"start":{"line":185,"column":4},"end":{"line":185,"column":46}}]},"13":{"loc":{"start":{"line":186,"column":4},"end":{"line":186,"column":47}},"type":"if","locations":[{"start":{"line":186,"column":4},"end":{"line":186,"column":47}}]},"14":{"loc":{"start":{"line":200,"column":19},"end":{"line":200,"column":51}},"type":"binary-expr","locations":[{"start":{"line":200,"column":19},"end":{"line":200,"column":44}},{"start":{"line":200,"column":48},"end":{"line":200,"column":51}}]},"15":{"loc":{"start":{"line":208,"column":4},"end":{"line":220,"column":5}},"type":"if","locations":[{"start":{"line":208,"column":4},"end":{"line":220,"column":5}},{"start":{"line":214,"column":11},"end":{"line":220,"column":5}}]},"16":{"loc":{"start":{"line":211,"column":6},"end":{"line":213,"column":7}},"type":"if","locations":[{"start":{"line":211,"column":6},"end":{"line":213,"column":7}}]},"17":{"loc":{"start":{"line":214,"column":11},"end":{"line":220,"column":5}},"type":"if","locations":[{"start":{"line":214,"column":11},"end":{"line":220,"column":5}}]},"18":{"loc":{"start":{"line":217,"column":6},"end":{"line":219,"column":7}},"type":"if","locations":[{"start":{"line":217,"column":6},"end":{"line":219,"column":7}}]},"19":{"loc":{"start":{"line":228,"column":4},"end":{"line":228,"column":71}},"type":"if","locations":[{"start":{"line":228,"column":4},"end":{"line":228,"column":71}}]},"20":{"loc":{"start":{"line":248,"column":4},"end":{"line":248,"column":85}},"type":"if","locations":[{"start":{"line":248,"column":4},"end":{"line":248,"column":85}}]},"21":{"loc":{"start":{"line":249,"column":4},"end":{"line":251,"column":5}},"type":"if","locations":[{"start":{"line":249,"column":4},"end":{"line":251,"column":5}}]}},"s":{"0":1,"1":1,"2":1,"3":1,"4":7,"5":7,"6":15,"7":12,"8":1,"9":28,"10":18,"11":18,"12":1,"13":17,"14":3,"15":3,"16":3,"17":0,"18":3,"19":4,"20":4,"21":4,"22":1,"23":3,"24":4,"25":6,"26":5,"27":8,"28":8,"29":1,"30":8,"31":1,"32":8,"33":1,"34":7,"35":2,"36":1,"37":5,"38":1,"39":7,"40":7,"41":7,"42":2,"43":2,"44":1,"45":2,"46":1,"47":2,"48":2,"49":2,"50":7,"51":2,"52":2,"53":1,"54":5,"55":2,"56":2,"57":1,"58":5,"59":5,"60":1,"61":4,"62":4,"63":5,"64":5,"65":5,"66":1,"67":4,"68":1,"69":3,"70":1,"71":1},"f":{"0":7,"1":7,"2":15,"3":12,"4":28,"5":18,"6":3,"7":4,"8":4,"9":6,"10":8,"11":2,"12":2,"13":7,"14":5},"b":{"0":[15,3,3],"1":[12,4,4,4],"2":[1],"3":[0],"4":[1],"5":[4,1],"6":[5,1],"7":[1],"8":[1],"9":[1,7],"10":[2,5],"11":[1],"12":[1],"13":[1],"14":[2,0],"15":[2,5],"16":[1],"17":[2],"18":[1],"19":[1],"20":[1],"21":[1]}}
,"C:\\Users\\USER\\Documents\\Claude\\Projects\\DIIS\\smart-ai-school\\apps\\api\\src\\finance\\dto\\create-spp.dto.ts": {"path":"C:\\Users\\USER\\Documents\\Claude\\Projects\\DIIS\\smart-ai-school\\apps\\api\\src\\finance\\dto\\create-spp.dto.ts","statementMap":{"0":{"start":{"line":1,"column":0},"end":{"line":1,"column":24}},"1":{"start":{"line":5,"column":13},"end":{"line":14,"column":12}}},"fnMap":{},"branchMap":{},"s":{"0":1,"1":1},"f":{},"b":{}}
,"C:\\Users\\USER\\Documents\\Claude\\Projects\\DIIS\\smart-ai-school\\apps\\api\\src\\finance\\dto\\list-spp.dto.ts": {"path":"C:\\Users\\USER\\Documents\\Claude\\Projects\\DIIS\\smart-ai-school\\apps\\api\\src\\finance\\dto\\list-spp.dto.ts","statementMap":{"0":{"start":{"line":1,"column":0},"end":{"line":1,"column":24}},"1":{"start":{"line":3,"column":13},"end":{"line":9,"column":3}}},"fnMap":{},"branchMap":{},"s":{"0":1,"1":1},"f":{},"b":{}}
,"C:\\Users\\USER\\Documents\\Claude\\Projects\\DIIS\\smart-ai-school\\apps\\api\\src\\finance\\dto\\summary-spp.dto.ts": {"path":"C:\\Users\\USER\\Documents\\Claude\\Projects\\DIIS\\smart-ai-school\\apps\\api\\src\\finance\\dto\\summary-spp.dto.ts","statementMap":{"0":{"start":{"line":1,"column":0},"end":{"line":1,"column":24}},"1":{"start":{"line":3,"column":13},"end":{"line":6,"column":3}}},"fnMap":{},"branchMap":{},"s":{"0":1,"1":1},"f":{},"b":{}}
,"C:\\Users\\USER\\Documents\\Claude\\Projects\\DIIS\\smart-ai-school\\apps\\api\\src\\grade\\grade.controller.ts": {"path":"C:\\Users\\USER\\Documents\\Claude\\Projects\\DIIS\\smart-ai-school\\apps\\api\\src\\grade\\grade.controller.ts","statementMap":{"0":{"start":{"line":9,"column":0},"end":{"line":9,"column":null}},"1":{"start":{"line":23,"column":0},"end":{"line":23,"column":72}},"2":{"start":{"line":24,"column":0},"end":{"line":24,"column":59}},"3":{"start":{"line":25,"column":0},"end":{"line":25,"column":62}},"4":{"start":{"line":26,"column":0},"end":{"line":26,"column":47}},"5":{"start":{"line":27,"column":0},"end":{"line":27,"column":75}},"6":{"start":{"line":28,"column":0},"end":{"line":28,"column":75}},"7":{"start":{"line":29,"column":0},"end":{"line":29,"column":62}},"8":{"start":{"line":32,"column":7},"end":{"line":75,"column":null}},"9":{"start":{"line":33,"column":22},"end":{"line":33,"column":31}},"10":{"start":{"line":46,"column":4},"end":{"line":46,"column":42}},"11":{"start":{"line":56,"column":19},"end":{"line":56,"column":60}},"12":{"start":{"line":57,"column":4},"end":{"line":57,"column":76}},"13":{"start":{"line":57,"column":25},"end":{"line":57,"column":76}},"14":{"start":{"line":58,"column":4},"end":{"line":58,"column":51}},"15":{"start":{"line":73,"column":4},"end":{"line":73,"column":46}},"16":{"start":{"line":32,"column":13},"end":{"line":32,"column":28}},"17":{"start":{"line":42,"column":2},"end":{"line":47,"column":null}},"18":{"start":{"line":55,"column":2},"end":{"line":59,"column":null}},"19":{"start":{"line":68,"column":2},"end":{"line":74,"column":null}},"20":{"start":{"line":32,"column":13},"end":{"line":75,"column":null}}},"fnMap":{"0":{"name":"(anonymous_4)","decl":{"start":{"line":33,"column":2},"end":{"line":33,"column":22}},"loc":{"start":{"line":33,"column":43},"end":{"line":33,"column":47}}},"1":{"name":"(anonymous_5)","decl":{"start":{"line":42,"column":2},"end":{"line":42,"column":8}},"loc":{"start":{"line":44,"column":33},"end":{"line":47,"column":3}}},"2":{"name":"(anonymous_6)","decl":{"start":{"line":55,"column":2},"end":{"line":55,"column":9}},"loc":{"start":{"line":55,"column":67},"end":{"line":59,"column":3}}},"3":{"name":"(anonymous_7)","decl":{"start":{"line":68,"column":2},"end":{"line":68,"column":8}},"loc":{"start":{"line":71,"column":33},"end":{"line":74,"column":3}}}},"branchMap":{"0":{"loc":{"start":{"line":57,"column":4},"end":{"line":57,"column":76}},"type":"if","locations":[{"start":{"line":57,"column":4},"end":{"line":57,"column":76}}]}},"s":{"0":0,"1":0,"2":0,"3":0,"4":0,"5":0,"6":0,"7":0,"8":0,"9":0,"10":0,"11":0,"12":0,"13":0,"14":0,"15":0,"16":0,"17":0,"18":0,"19":0,"20":0},"f":{"0":0,"1":0,"2":0,"3":0},"b":{"0":[0]}}
,"C:\\Users\\USER\\Documents\\Claude\\Projects\\DIIS\\smart-ai-school\\apps\\api\\src\\grade\\grade.module.ts": {"path":"C:\\Users\\USER\\Documents\\Claude\\Projects\\DIIS\\smart-ai-school\\apps\\api\\src\\grade\\grade.module.ts","statementMap":{"0":{"start":{"line":1,"column":0},"end":{"line":1,"column":40}},"1":{"start":{"line":2,"column":0},"end":{"line":2,"column":53}},"2":{"start":{"line":3,"column":0},"end":{"line":3,"column":47}},"3":{"start":{"line":9,"column":7},"end":{"line":9,"column":null}},"4":{"start":{"line":9,"column":13},"end":{"line":9,"column":24}},"5":{"start":{"line":9,"column":13},"end":{"line":9,"column":null}}},"fnMap":{},"branchMap":{},"s":{"0":0,"1":0,"2":0,"3":0,"4":0,"5":0},"f":{},"b":{}}
,"C:\\Users\\USER\\Documents\\Claude\\Projects\\DIIS\\smart-ai-school\\apps\\api\\src\\grade\\grade.service.ts": {"path":"C:\\Users\\USER\\Documents\\Claude\\Projects\\DIIS\\smart-ai-school\\apps\\api\\src\\grade\\grade.service.ts","statementMap":{"0":{"start":{"line":18,"column":0},"end":{"line":18,"column":null}},"1":{"start":{"line":26,"column":0},"end":{"line":26,"column":57}},"2":{"start":{"line":33,"column":22},"end":{"line":33,"column":45}},"3":{"start":{"line":35,"column":23},"end":{"line":35,"column":79}},"4":{"start":{"line":39,"column":21},"end":{"line":69,"column":11}},"5":{"start":{"line":74,"column":2},"end":{"line":74,"column":83}},"6":{"start":{"line":74,"column":33},"end":{"line":74,"column":81}},"7":{"start":{"line":78,"column":2},"end":{"line":80,"column":4}},"8":{"start":{"line":84,"column":2},"end":{"line":86,"column":4}},"9":{"start":{"line":90,"column":2},"end":{"line":95,"column":4}},"10":{"start":{"line":101,"column":7},"end":{"line":290,"column":null}},"11":{"start":{"line":102,"column":22},"end":{"line":102,"column":30}},"12":{"start":{"line":108,"column":17},"end":{"line":111,"column":6}},"13":{"start":{"line":112,"column":4},"end":{"line":112,"column":68}},"14":{"start":{"line":112,"column":15},"end":{"line":112,"column":68}},"15":{"start":{"line":113,"column":4},"end":{"line":113,"column":19}},"16":{"start":{"line":118,"column":19},"end":{"line":118,"column":55}},"17":{"start":{"line":119,"column":20},"end":{"line":122,"column":6}},"18":{"start":{"line":123,"column":4},"end":{"line":123,"column":93}},"19":{"start":{"line":123,"column":18},"end":{"line":123,"column":93}},"20":{"start":{"line":124,"column":4},"end":{"line":124,"column":22}},"21":{"start":{"line":129,"column":19},"end":{"line":129,"column":55}},"22":{"start":{"line":130,"column":20},"end":{"line":133,"column":6}},"23":{"start":{"line":134,"column":4},"end":{"line":134,"column":94}},"24":{"start":{"line":134,"column":18},"end":{"line":134,"column":94}},"25":{"start":{"line":135,"column":4},"end":{"line":135,"column":22}},"26":{"start":{"line":140,"column":19},"end":{"line":140,"column":55}},"27":{"start":{"line":141,"column":21},"end":{"line":144,"column":6}},"28":{"start":{"line":145,"column":4},"end":{"line":147,"column":5}},"29":{"start":{"line":146,"column":6},"end":{"line":146,"column":88}},"30":{"start":{"line":148,"column":4},"end":{"line":148,"column":37}},"31":{"start":{"line":148,"column":31},"end":{"line":148,"column":35}},"32":{"start":{"line":154,"column":42},"end":{"line":154,"column":44}},"33":{"start":{"line":157,"column":4},"end":{"line":157,"column":68}},"34":{"start":{"line":157,"column":28},"end":{"line":157,"column":68}},"35":{"start":{"line":158,"column":4},"end":{"line":158,"column":60}},"36":{"start":{"line":158,"column":28},"end":{"line":158,"column":60}},"37":{"start":{"line":159,"column":4},"end":{"line":159,"column":68}},"38":{"start":{"line":159,"column":28},"end":{"line":159,"column":68}},"39":{"start":{"line":160,"column":4},"end":{"line":160,"column":65}},"40":{"start":{"line":160,"column":28},"end":{"line":160,"column":65}},"41":{"start":{"line":163,"column":66},"end":{"line":163,"column":68}},"42":{"start":{"line":164,"column":4},"end":{"line":164,"column":64}},"43":{"start":{"line":164,"column":23},"end":{"line":164,"column":64}},"44":{"start":{"line":166,"column":4},"end":{"line":182,"column":5}},"45":{"start":{"line":168,"column":26},"end":{"line":168,"column":70}},"46":{"start":{"line":169,"column":6},"end":{"line":169,"column":47}},"47":{"start":{"line":170,"column":6},"end":{"line":170,"column":42}},"48":{"start":{"line":171,"column":11},"end":{"line":182,"column":5}},"49":{"start":{"line":173,"column":6},"end":{"line":173,"column":67}},"50":{"start":{"line":174,"column":11},"end":{"line":182,"column":5}},"51":{"start":{"line":176,"column":23},"end":{"line":176,"column":73}},"52":{"start":{"line":177,"column":6},"end":{"line":177,"column":41}},"53":{"start":{"line":180,"column":6},"end":{"line":180,"column":61}},"54":{"start":{"line":180,"column":27},"end":{"line":180,"column":61}},"55":{"start":{"line":181,"column":6},"end":{"line":181,"column":88}},"56":{"start":{"line":181,"column":52},"end":{"line":181,"column":88}},"57":{"start":{"line":184,"column":17},"end":{"line":184,"column":47}},"58":{"start":{"line":185,"column":26},"end":{"line":194,"column":6}},"59":{"start":{"line":196,"column":4},"end":{"line":196,"column":65}},"60":{"start":{"line":203,"column":19},"end":{"line":203,"column":60}},"61":{"start":{"line":206,"column":24},"end":{"line":206,"column":68}},"62":{"start":{"line":208,"column":23},"end":{"line":211,"column":6}},"63":{"start":{"line":212,"column":4},"end":{"line":212,"column":87}},"64":{"start":{"line":212,"column":21},"end":{"line":212,"column":87}},"65":{"start":{"line":213,"column":4},"end":{"line":215,"column":5}},"66":{"start":{"line":214,"column":6},"end":{"line":214,"column":91}},"67":{"start":{"line":218,"column":20},"end":{"line":221,"column":6}},"68":{"start":{"line":222,"column":4},"end":{"line":222,"column":71}},"69":{"start
[...]
:{"line":169,"column":3}}},"8":{"name":"(anonymous_10)","decl":{"start":{"line":171,"column":2},"end":{"line":171,"column":7}},"loc":{"start":{"line":171,"column":48},"end":{"line":183,"column":3}}},"9":{"name":"(anonymous_11)","decl":{"start":{"line":185,"column":2},"end":{"line":185,"column":7}},"loc":{"start":{"line":185,"column":25},"end":{"line":198,"column":3}}},"10":{"name":"(anonymous_12)","decl":{"start":{"line":202,"column":2},"end":{"line":202,"column":7}},"loc":{"start":{"line":202,"column":52},"end":{"line":220,"column":3}}},"11":{"name":"(anonymous_13)","decl":{"start":{"line":222,"column":2},"end":{"line":222,"column":7}},"loc":{"start":{"line":222,"column":56},"end":{"line":240,"column":3}}}},"branchMap":{"0":{"loc":{"start":{"line":92,"column":4},"end":{"line":92,"column":72}},"type":"if","locations":[{"start":{"line":92,"column":4},"end":{"line":92,"column":72}}]},"1":{"loc":{"start":{"line":105,"column":4},"end":{"line":107,"column":5}},"type":"if","locations":[{"start":{"line":105,"column":4},"end":{"line":107,"column":5}}]},"2":{"loc":{"start":{"line":105,"column":8},"end":{"line":105,"column":76}},"type":"binary-expr","locations":[{"start":{"line":105,"column":8},"end":{"line":105,"column":43}},{"start":{"line":105,"column":47},"end":{"line":105,"column":76}}]},"3":{"loc":{"start":{"line":108,"column":4},"end":{"line":113,"column":5}},"type":"if","locations":[{"start":{"line":108,"column":4},"end":{"line":113,"column":5}}]},"4":{"loc":{"start":{"line":109,"column":6},"end":{"line":110,"column":37}},"type":"binary-expr","locations":[{"start":{"line":109,"column":6},"end":{"line":109,"column":45}},{"start":{"line":110,"column":6},"end":{"line":110,"column":37}}]},"5":{"loc":{"start":{"line":124,"column":10},"end":{"line":124,"column":32}},"type":"binary-expr","locations":[{"start":{"line":124,"column":10},"end":{"line":124,"column":17}},{"start":{"line":124,"column":21},"end":{"line":124,"column":32}}]},"6":{"loc":{"start":{"line":125,"column":10},"end":{"line":125,"column":30}},"type":"binary-expr","locations":[{"start":{"line":125,"column":10},"end":{"line":125,"column":16}},{"start":{"line":125,"column":20},"end":{"line":125,"column":30}}]},"7":{"loc":{"start":{"line":126,"column":10},"end":{"line":131,"column":8}},"type":"binary-expr","locations":[{"start":{"line":126,"column":10},"end":{"line":126,"column":16}},{"start":{"line":126,"column":20},"end":{"line":131,"column":8}}]},"8":{"loc":{"start":{"line":154,"column":4},"end":{"line":154,"column":73}},"type":"if","locations":[{"start":{"line":154,"column":4},"end":{"line":154,"column":73}}]},"9":{"loc":{"start":{"line":156,"column":4},"end":{"line":159,"column":5}},"type":"if","locations":[{"start":{"line":156,"column":4},"end":{"line":159,"column":5}}]},"10":{"loc":{"start":{"line":176,"column":4},"end":{"line":176,"column":74}},"type":"if","locations":[{"start":{"line":176,"column":4},"end":{"line":176,"column":74}}]},"11":{"loc":{"start":{"line":190,"column":4},"end":{"line":190,"column":74}},"type":"if","locations":[{"start":{"line":190,"column":4},"end":{"line":190,"column":74}}]},"12":{"loc":{"start":{"line":207,"column":4},"end":{"line":207,"column":73}},"type":"if","locations":[{"start":{"line":207,"column":4},"end":{"line":207,"column":73}}]},"13":{"loc":{"start":{"line":209,"column":4},"end":{"line":212,"column":5}},"type":"if","locations":[{"start":{"line":209,"column":4},"end":{"line":212,"column":5}}]},"14":{"loc":{"start":{"line":227,"column":4},"end":{"line":227,"column":73}},"type":"if","locations":[{"start":{"line":227,"column":4},"end":{"line":227,"column":73}}]},"15":{"loc":{"start":{"line":229,"column":4},"end":{"line":232,"column":5}},"type":"if","locations":[{"start":{"line":229,"column":4},"end":{"line":232,"column":5}}]}},"s":{"0":0,"1":0,"2":0,"3":0,"4":0,"5":0,"6":0,"7":0,"8":0,"9":0,"10":0,"11":0,"12":0,"13":0,"14":0,"15":0,"16":0,"17":0,"18":0,"19":0,"20":0,"21":0,"22":0,"23":0,"24":0,"25":0,"26":0,"27":0,"28":0,"29":0,"30":0,"31":0,"32":0,"33":0,"34":0,"35":0,"36":0,"37":0,"38":0,"39":0,"40":0,"41":0,"42":0,"43":0,"44":0,"45":0,"46":0,"47":0,"48":0,"49":0,"50":0,"51":0,"52":0,"53":0,"54":0},"f":{"0":0,"1":0,"2":0,"3":0,"4":0,"5":0,"6":0,"7":0,"8":0,"9":0,"10":0,"11":0},"b":{"0":[0],"1":[0],"2":[0,0],"3":[0],"4":[0,0],"5":[0,0],"6":[0,0],"7":[0,0],"8":[0],"9":[0],"10":[0],"11":[0],"12":[0],"13":[0],"14":[0],"15":[0]}}
,"C:\\Users\\USER\\Documents\\Claude\\Projects\\DIIS\\smart-ai-school\\apps\\api\\src\\student\\dto\\create-student.dto.ts": {"path":"C:\\Users\\USER\\Documents\\Claude\\Projects\\DIIS\\smart-ai-school\\apps\\api\\src\\student\\dto\\create-student.dto.ts","statementMap":{"0":{"start":{"line":1,"column":0},"end":{"line":1,"column":24}},"1":{"start":{"line":3,"column":13},"end":{"line":12,"column":12}}},"fnMap":{},"branchMap":{},"s":{"0":0,"1":0},"f":{},"b":{}}
,"C:\\Users\\USER\\Documents\\Claude\\Projects\\DIIS\\smart-ai-school\\apps\\api\\src\\student\\dto\\list-students.dto.ts": {"path":"C:\\Users\\USER\\Documents\\Claude\\Projects\\DIIS\\smart-ai-school\\apps\\api\\src\\student\\dto\\list-students.dto.ts","statementMap":{"0":{"start":{"line":1,"column":0},"end":{"line":1,"column":24}},"1":{"start":{"line":3,"column":13},"end":{"line":9,"column":3}}},"fnMap":{},"branchMap":{},"s":{"0":0,"1":0},"f":{},"b":{}}
,"C:\\Users\\USER\\Documents\\Claude\\Projects\\DIIS\\smart-ai-school\\apps\\api\\src\\student\\dto\\update-student.dto.ts": {"path":"C:\\Users\\USER\\Documents\\Claude\\Projects\\DIIS\\smart-ai-school\\apps\\api\\src\\student\\dto\\update-student.dto.ts","statementMap":{"0":{"start":{"line":1,"column":0},"end":{"line":1,"column":24}},"1":{"start":{"line":3,"column":13},"end":{"line":11,"column":12}}},"fnMap":{},"branchMap":{},"s":{"0":0,"1":0},"f":{},"b":{}}
,"C:\\Users\\USER\\Documents\\Claude\\Projects\\DIIS\\smart-ai-school\\apps\\api\\src\\teaching-assignment\\teaching-assignment.controller.ts": {"path":"C:\\Users\\USER\\Documents\\Claude\\Projects\\DIIS\\smart-ai-school\\apps\\api\\src\\teaching-assignment\\teaching-assignment.controller.ts","statementMap":{"0":{"start":{"line":7,"column":0},"end":{"line":7,"column":null}},"1":{"start":{"line":22,"column":0},"end":{"line":22,"column":72}},"2":{"start":{"line":23,"column":0},"end":{"line":23,"column":59}},"3":{"start":{"line":24,"column":0},"end":{"line":24,"column":62}},"4":{"start":{"line":25,"column":0},"end":{"line":25,"column":74}},"5":{"start":{"line":26,"column":0},"end":{"line":26,"column":90}},"6":{"start":{"line":27,"column":0},"end":{"line":27,"column":90}},"7":{"start":{"line":28,"column":0},"end":{"line":28,"column":72}},"8":{"start":{"line":31,"column":7},"end":{"line":93,"column":null}},"9":{"start":{"line":32,"column":22},"end":{"line":32,"column":31}},"10":{"start":{"line":42,"column":19},"end":{"line":42,"column":65}},"11":{"start":{"line":43,"column":4},"end":{"line":43,"column":76}},"12":{"start":{"line":43,"column":25},"end":{"line":43,"column":76}},"13":{"start":{"line":44,"column":4},"end":{"line":44,"column":51}},"14":{"start":{"line":57,"column":4},"end":{"line":57,"column":43}},"15":{"start":{"line":69,"column":4},"end":{"line":69,"column":36}},"16":{"start":{"line":82,"column":4},"end":{"line":82,"column":40}},"17":{"start":{"line":91,"column":4},"end":{"line":91,"column":35}},"18":{"start":{"line":31,"column":13},"end":{"line":31,"column":41}},"19":{"start":{"line":41,"column":2},"end":{"line":45,"column":null}},"20":{"start":{"line":53,"column":2},"end":{"line":58,"column":null}},"21":{"start":{"line":68,"column":2},"end":{"line":70,"column":null}},"22":{"start":{"line":78,"column":2},"end":{"line":83,"column":null}},"23":{"start":{"line":90,"column":2},"end":{"line":92,"column":null}},"24":{"start":{"line":31,"column":13},"end":{"line":93,"column":null}}},"fnMap":{"0":{"name":"(anonymous_4)","decl":{"start":{"line":32,"column":2},"end":{"line":32,"column":22}},"loc":{"start":{"line":32,"column":56},"end":{"line":32,"column":60}}},"1":{"name":"(anonymous_5)","decl":{"start":{"line":41,"column":2},"end":{"line":41,"column":9}},"loc":{"start":{"line":41,"column":67},"end":{"line":45,"column":3}}},"2":{"name":"(anonymous_6)","decl":{"start":{"line":53,"column":2},"end":{"line":53,"column":10}},"loc":{"start":{"line":55,"column":33},"end":{"line":58,"column":3}}},"3":{"name":"(anonymous_7)","decl":{"start":{"line":68,"column":2},"end":{"line":68,"column":8}},"loc":{"start":{"line":68,"column":72},"end":{"line":70,"column":3}}},"4":{"name":"(anonymous_8)","decl":{"start":{"line":78,"column":2},"end":{"line":78,"column":8}},"loc":{"start":{"line":80,"column":67},"end":{"line":83,"column":3}}},"5":{"name":"(anonymous_9)","decl":{"start":{"line":90,"column":2},"end":{"line":90,"column":8}},"loc":{"start":{"line":90,"column":47},"end":{"line":92,"column":3}}}},"branchMap":{"0":{"loc":{"start":{"line":43,"column":4},"end":{"line":43,"column":76}},"type":"if","locations":[{"start":{"line":43,"column":4},"end":{"line":43,"column":76}}]}},"s":{"0":0,"1":0,"2":0,"3":0,"4":0,"5":0,"6":0,"7":0,"8":0,"9":0,"10":0,"11":0,"12":0,"13":0,"14":0,"15":0,"16":0,"17":0,"18":0,"19":0,"20":0,"21":0,"22":0,"23":0,"24":0},"f":{"0":0,"1":0,"2":0,"3":0,"4":0,"5":0},"b":{"0":[0]}}
,"C:\\Users\\USER\\Documents\\Claude\\Projects\\DIIS\\smart-ai-school\\apps\\api\\src\\teaching-assignment\\teaching-assignment.module.ts": {"path":"C:\\Users\\USER\\Documents\\Claude\\Projects\\DIIS\\smart-ai-school\\apps\\api\\src\\teaching-assignment\\teaching-assignment.module.ts","statementMap":{"0":{"start":{"line":1,"column":0},"end":{"line":1,"column":40}},"1":{"start":{"line":2,"column":0},"end":{"line":2,"column":80}},"2":{"start":{"line":3,"column":0},"end":{"line":3,"column":74}},"3":{"start":{"line":9,"column":7},"end":{"line":9,"column":null}},"4":{"start":{"line":9,"column":13},"end":{"line":9,"column":37}},"5":{"start":{"line":9,"column":13},"end":{"line":9,"column":null}}},"fnMap":{},"branchMap":{},"s":{"0":0,"1":0,"2":0,"3":0,"4":0,"5":0},"f":{},"b":{}}
,"C:\\Users\\USER\\Documents\\Claude\\Projects\\DIIS\\smart-ai-school\\apps\\api\\src\\teaching-assignment\\teaching-assignment.service.ts": {"path":"C:\\Users\\USER\\Documents\\Claude\\Projects\\DIIS\\smart-ai-school\\apps\\api\\src\\teaching-assignment\\teaching-assignment.service.ts","statementMap":{"0":{"start":{"line":13,"column":0},"end":{"line":13,"column":null}},"1":{"start":{"line":20,"column":0},"end":{"line":20,"column":57}},"2":{"start":{"line":27,"column":26},"end":{"line":44,"column":11}},"3":{"start":{"line":48,"column":23},"end":{"line":48,"column":79}},"4":{"start":{"line":51,"column":2},"end":{"line":54,"column":4}},"5":{"start":{"line":53,"column":29},"end":{"line":53,"column":77}},"6":{"start":{"line":58,"column":7},"end":{"line":175,"column":null}},"7":{"start":{"line":59,"column":22},"end":{"line":59,"column":30}},"8":{"start":{"line":68,"column":21},"end":{"line":71,"column":6}},"9":{"start":{"line":72,"column":4},"end":{"line":72,"column":72}},"10":{"start":{"line":72,"column":19},"end":{"line":72,"column":72}},"11":{"start":{"line":74,"column":20},"end":{"line":77,"column":6}},"12":{"start":{"line":78,"column":4},"end":{"line":78,"column":93}},"13":{"start":{"line":78,"column":18},"end":{"line":78,"column":93}},"14":{"start":{"line":80,"column":4},"end":{"line":80,"column":22}},"15":{"start":{"line":85,"column":29},"end":{"line":88,"column":6}},"16":{"start":{"line":89,"column":4},"end":{"line":89,"column":92}},"17":{"start":{"line":89,"column":18},"end":{"line":89,"column":92}},"18":{"start":{"line":90,"column":4},"end":{"line":90,"column":86}},"19":{"start":{"line":90,"column":16},"end":{"line":90,"column":86}},"20":{"start":{"line":96,"column":17},"end":{"line":96,"column":47}},"21":{"start":{"line":99,"column":26},"end":{"line":99,"column":41}},"22":{"start":{"line":100,"column":4},"end":{"line":102,"column":5}},"23":{"start":{"line":101,"column":6},"end":{"line":101,"column":69}},"24":{"start":{"line":104,"column":18},"end":{"line":108,"column":6}},"25":{"start":{"line":110,"column":26},"end":{"line":119,"column":6}},"26":{"start":{"line":121,"column":4},"end":{"line":121,"column":65}},"27":{"start":{"line":125,"column":23},"end":{"line":128,"column":6}},"28":{"start":{"line":129,"column":4},"end":{"line":129,"column":87}},"29":{"start":{"line":129,"column":21},"end":{"line":129,"column":87}},"30":{"start":{"line":131,"column":4},"end":{"line":136,"column":5}},"31":{"start":{"line":132,"column":26},"end":{"line":132,"column":70}},"32":{"start":{"line":133,"column":6},"end":{"line":135,"column":7}},"33":{"start":{"line":134,"column":8},"end":{"line":134,"column":83}},"34":{"start":{"line":138,"column":4},"end":{"line":138,"column":22}},"35":{"start":{"line":142,"column":4},"end":{"line":142,"column":63}},"36":{"start":{"line":144,"column":4},"end":{"line":147,"column":7}},"37":{"start":{"line":151,"column":21},"end":{"line":154,"column":6}},"38":{"start":{"line":155,"column":4},"end":{"line":155,"column":85}},"39":{"start":{"line":155,"column":19},"end":{"line":155,"column":85}},"40":{"start":{"line":158,"column":4},"end":{"line":162,"column":7}},"41":{"start":{"line":166,"column":21},"end":{"line":169,"column":6}},"42":{"start":{"line":170,"column":4},"end":{"line":170,"column":85}},"43":{"start":{"line":170,"column":19},"end":{"line":170,"column":85}},"44":{"start":{"line":172,"column":4},"end":{"line":172,"column":67}},"45":{"start":{"line":173,"column":4},"end":{"line":173,"column":33}},"46":{"start":{"line":58,"column":13},"end":{"line":58,"column":38}},"47":{"start":{"line":58,"column":13},"end":{"line":175,"column":null}}},"fnMap":{"0":{"name":"isGuruOnly","decl":{"start":{"line":50,"column":9},"end":{"line":50,"column":19}},"loc":{"start":{"line":50,"column":34},"end":{"line":55,"column":1}}},"1":{"name":"(anonymous_3)","decl":{"start":{"line":53,"column":21},"end":{"line":53,"column":22}},"loc":{"start":{"line":53,"column":29},"end":{"line":53,"column":77}}},"2":{"name":"(anonymous_4)","decl":{"start":{"line":59,"column":2},"end":{"line":59,"column":22}},"loc":{"start":{"line":59,"column":43},"end":{"line":59,"column":47}}},"3":{"name":"(anonymous_5)","decl":{"start":{"line":67,"column":10},"end":{"line":67,"column":15}},"loc":{"start":{"line":67,"column":51},"end":{"line":81,"column":3}}},"4":{"name":"(anonymous_6)","decl":{"start":{"line":84,"column":10},"end":{"line":84,"column":15}},"loc":{"start":{"line":84,"column":70},"end":{"line":91,"column":3}}},"5":{"name":"(anonymous_7)","decl":{"start":{"line":95,"column":2},"end":{"line":95,"column":7}},"loc":{"start":{"line":95,"column":59},"end":{"line":122,"column":3}}},"6":{"name":"(anonymous_8)","decl":{"start":{"line":124,"column":2},"end":{"line":124,"column":7}},"loc":{"start":{"line":124,"column":43},"end":{"line":139,"column":3}}},"7":{"name":"(anonymous_9)","decl":{"start":{"line":141,"column":2},"end":{"line":141,"column":7}},"loc":{"start":{"line":141,"column":39},"end":{"line":148,"column":3}}},"8":{"name":"(anonymous_10)","decl":{"start":{"line":150,"column":2},"end":{"line":150,"column":7}},"loc":{"start":{"line":150,"column":51},"end":{"line":163,"column":3}}},"9":{"name":"(anonymous_11)","decl":{"start":{"line":165,"column":2},"end":{"line":165,"column":7}},"loc":{"start":{"line":165,"column":25},"end":{"line":174,"column":3}}}},"branchMap":{"0":{"loc":{"start":{"line":52,"column":4},"end":{"line":53,"column":78}},"type":"binary-expr","locations":[{"start":{"line":52,"column":4},"end":{"line":52,"column":31}},{"start":{"line":53,"column":4},"end":{"line":53,"column":78}}]},"1":{"loc":{"start":{"line":72,"column":4},"end":{"line":72,"column":72}},"type":"if","locations":[{"start":{"line":72,"column":4},"end":{"line":72,"column":72}}]},"2":{"loc":{"start":{"line":78,"column":4},"end":{"line":78,"column":93}},"type":"if","locations":[{"start":{"line":78,"column":4},"end":{"line":78,"column":93}}]},"3":{"loc":{"start":{"line":89,"column":4},"end":{"line":89,"column":92}},"type":"if","locations":[{"start":{"line":89,"column":4},"end":{"line":89,"column":92}}]},"4":{"loc":{"start":{"line":90,"column":4},"end":{"line":90,"column":86}},"type":"if","locations":[{"start":{"line":90,"column":4},"end":{"line":90,"column":86}}]},"5":{"loc":{"start":{"line":100,"column":4},"end":{"line":102,"column":5}},"type":"if","locations":[{"start":{"line":100,"column":4},"end":{"line":102,"column":5}}]},"6":{"loc":{"start":{"line":105,"column":10},"end":{"line":105,"column":59}},"type":"binary-expr","locations":[{"start":{"line":105,"column":10},"end":{"line":105,"column":25}},{"start":{"line":105,"column":29},"end":{"line":105,"column":59}}]},"7":{"loc":{"start":{"line":106,"column":10},"end":{"line":106,"column":53}},"type":"binary-expr","locations":[{"start":{"line":106,"column":10},"end":{"line":106,"column":23}},{"start":{"line":106,"column":27},"end":{"line":106,"column":53}}]},"8":{"loc":{"start":{"line":107,"column":10},"end":{"line":107,"column":68}},"type":"binary-expr","locations":[{"start":{"line":107,"column":10},"end":{"line":107,"column":28}},{"start":{"line":107,"column":32},"end":{"line":107,"column":68}}]},"9":{"loc":{"start":{"line":129,"column":4},"end":{"line":129,"column":87}},"type":"if","locations":[{"start":{"line":129,"column":4},"end":{"line":129,"column":87}}]},"10":{"loc":{"start":{"line":131,"column":4},"end":{"line":136,"column":5}},"type":"if","locations":[{"start":{"line":131,"column":4},"end":{"line":136,"column":5}}]},"11":{"loc":{"start":{"line":133,"column":6},"end":{"line":135,"column":7}},"type":"if","locations":[{"start":{"line":133,"column":6},"end":{"line":135,"column":7}}]},"12":{"loc":{"start":{"line":155,"column":4},"end":{"line":155,"column":85}},"type":"if","locations":[{"start":{"line":155,"column":4},"end":{"line":155,"column":85}}]},"13":{"loc":{"start":{"line":170,"column":4},"end":{"line":170,"column":85}},"type":"if","locations":[{"start":{"line":170,"column":4},"end":{"line":170,"column":85}}]}},"s":{"0":0,"1":0,"2":0,"3":0,"4":0,"5":0,"6":0,"7":0,"8":0,"9":0,"10":0,"11":0,"12":0,"13":0,"14":0,"15":0,"16":0,"17":0,"18":0,"19":0,"20":0,"21":0,"22":0,"23":0,"24":0,"25":0,"26":0,"27":0,"28":0,"29":0,"30":0,"31":0,"32":0,"33":0,"34":0,"35":0,"36":0,"37":0,"38":0,"39":0,"40":0,"41":0,"42":0,"43":0,"44":0,"45":0,"46":0,"47":0},"f":{"0":0,"1":0,"2":0,"3":0,"4":0,"5":0,"6":0,"7":0,"8":0,"9":0},"b":{"0":[0,0],"1":[0],"2":[0],"3":[0],"4":[0],"5":[0],"6":[0,0],"7":[0,0],"8":[0,0],"9":[0],"10":[0],"11":[0],"12":[0],"13":[0]}}
,"C:\\Users\\USER\\Documents\\Claude\\Projects\\DIIS\\smart-ai-school\\apps\\api\\src\\teaching-assignment\\dto\\create-assignment.dto.ts": {"path":"C:\\Users\\USER\\Documents\\Claude\\Projects\\DIIS\\smart-ai-school\\apps\\api\\src\\teaching-assignment\\dto\\create-assignment.dto.ts","statementMap":{"0":{"start":{"line":1,"column":0},"end":{"line":1,"column":24}},"1":{"start":{"line":3,"column":13},"end":{"line":13,"column":12}}},"fnMap":{},"branchMap":{},"s":{"0":0,"1":0},"f":{},"b":{}}
,"C:\\Users\\USER\\Documents\\Claude\\Projects\\DIIS\\smart-ai-school\\apps\\api\\src\\teaching-assignment\\dto\\list-assignments.dto.ts": {"path":"C:\\Users\\USER\\Documents\\Claude\\Projects\\DIIS\\smart-ai-school\\apps\\api\\src\\teaching-assignment\\dto\\list-assignments.dto.ts","statementMap":{"0":{"start":{"line":1,"column":0},"end":{"line":1,"column":24}},"1":{"start":{"line":3,"column":13},"end":{"line":9,"column":3}}},"fnMap":{},"branchMap":{},"s":{"0":0,"1":0},"f":{},"b":{}}
,"C:\\Users\\USER\\Documents\\Claude\\Projects\\DIIS\\smart-ai-school\\apps\\api\\src\\teaching-assignment\\dto\\update-assignment.dto.ts": {"path":"C:\\Users\\USER\\Documents\\Claude\\Projects\\DIIS\\smart-ai-school\\apps\\api\\src\\teaching-assignment\\dto\\update-assignment.dto.ts","statementMap":{"0":{"start":{"line":1,"column":0},"end":{"line":1,"column":24}},"1":{"start":{"line":5,"column":13},"end":{"line":14,"column":12}}},"fnMap":{},"branchMap":{},"s":{"0":0,"1":0},"f":{},"b":{}}
}
