TN:
SF:src\app.module.ts
FNF:0
FNH:0
DA:10,0
DA:11,0
DA:12,0
DA:13,0
DA:14,0
DA:15,0
DA:16,0
DA:17,0
DA:18,0
DA:19,0
DA:20,0
DA:21,0
DA:22,0
DA:23,0
DA:24,0
DA:25,0
DA:26,0
DA:73,0
LF:18
LH:0
BRF:0
BRH:0
end_of_record
TN:
SF:src\main.ts
FN:22,registerSecurityHeaders
FN:25,(anonymous_1)
FN:52,bootstrap
FN:100,(anonymous_3)
FNF:4
FNH:0
FNDA:0,registerSecurityHeaders
FNDA:0,(anonymous_1)
FNDA:0,bootstrap
FNDA:0,(anonymous_3)
DA:6,0
DA:7,0
DA:8,0
DA:9,0
DA:10,0
DA:11,0
DA:12,0
DA:13,0
DA:23,0
DA:25,0
DA:26,0
DA:27,0
DA:28,0
DA:29,0
DA:30,0
DA:31,0
DA:32,0
DA:33,0
DA:56,0
DA:58,0
DA:65,0
DA:67,0
DA:79,0
DA:80,0
DA:83,0
DA:89,0
DA:90,0
DA:92,0
DA:94,0
DA:100,0
DA:101,0
DA:102,0
LF:32
LH:0
BRDA:68,0,0,0
BRDA:68,0,1,0
BRDA:89,1,0,0
BRDA:89,1,1,0
BRDA:96,2,0,0
BRDA:96,2,1,0
BRF:6
BRH:0
end_of_record
TN:
SF:src\attendance\attendance.controller.ts
FN:28,(anonymous_4)
FN:38,(anonymous_5)
FN:51,(anonymous_6)
FNF:3
FNH:0
FNDA:0,(anonymous_4)
FNDA:0,(anonymous_5)
FNDA:0,(anonymous_6)
DA:8,0
DA:19,0
DA:20,0
DA:21,0
DA:22,0
DA:23,0
DA:24,0
DA:27,0
DA:28,0
DA:38,0
DA:42,0
DA:51,0
DA:52,0
DA:53,0
DA:54,0
LF:15
LH:0
BRDA:53,0,0,0
BRF:1
BRH:0
end_of_record
TN:
SF:src\attendance\attendance.module.ts
FNF:0
FNH:0
DA:1,0
DA:2,0
DA:3,0
DA:9,0
LF:4
LH:0
BRF:0
BRH:0
end_of_record
TN:
SF:src\attendance\attendance.service.ts
FN:31,parseDateStr
FN:66,isElevated
FN:67,(anonymous_4)
FN:70,isGuruOnly
FN:74,isSiswaOnly
FN:82,isOrangTuaOnly
FN:95,(anonymous_8)
FN:100,(anonymous_9)
FN:110,(anonymous_10)
FN:121,(anonymous_11)
FN:128,(anonymous_12)
FN:132,(anonymous_13)
FN:143,(anonymous_14)
FN:152,(anonymous_15)
FN:157,(anonymous_16)
FN:185,(anonymous_17)
FN:210,(anonymous_18)
FNF:17
FNH:0
FNDA:0,parseDateStr
FNDA:0,isElevated
FNDA:0,(anonymous_4)
FNDA:0,isGuruOnly
FNDA:0,isSiswaOnly
FNDA:0,isOrangTuaOnly
FNDA:0,(anonymous_8)
FNDA:0,(anonymous_9)
FNDA:0,(anonymous_10)
FNDA:0,(anonymous_11)
FNDA:0,(anonymous_12)
FNDA:0,(anonymous_13)
FNDA:0,(anonymous_14)
FNDA:0,(anonymous_15)
FNDA:0,(anonymous_16)
FNDA:0,(anonymous_17)
FNDA:0,(anonymous_18)
DA:17,0
DA:24,0
DA:32,0
DA:33,0
DA:34,0
DA:35,0
DA:36,0
DA:41,0
DA:45,0
DA:67,0
DA:71,0
DA:75,0
DA:83,0
DA:94,0
DA:95,0
DA:101,0
DA:105,0
DA:106,0
DA:111,0
DA:112,0
DA:116,0
DA:117,0
DA:122,0
DA:123,0
DA:128,0
DA:133,0
DA:134,0
DA:138,0
DA:139,0
DA:144,0
DA:145,0
DA:149,0
DA:150,0
DA:152,0
DA:159,0
DA:162,0
DA:163,0
DA:167,0
DA:168,0
DA:172,0
DA:176,0
DA:179,0
DA:184,0
DA:186,0
DA:200,0
DA:211,0
DA:214,0
DA:215,0
DA:216,0
DA:217,0
DA:218,0
DA:222,0
DA:223,0
DA:224,0
DA:225,0
DA:227,0
DA:228,0
DA:229,0
DA:231,0
DA:233,0
DA:235,0
DA:236,0
DA:238,0
DA:239,0
DA:240,0
DA:241,0
DA:242,0
DA:245,0
DA:246,0
DA:249,0
DA:250,0
DA:261,0
LF:72
LH:0
BRDA:33,0,0,0
BRDA:33,0,1,0
BRDA:34,1,0,0
BRDA:34,1,1,0
BRDA:35,2,0,0
BRDA:35,2,1,0
BRDA:71,3,0,0
BRDA:71,3,1,0
BRDA:76,4,0,0
BRDA:76,4,1,0
BRDA:76,4,2,0
BRDA:84,5,0,0
BRDA:84,5,1,0
BRDA:84,5,2,0
BRDA:84,5,3,0
BRDA:105,6,0,0
BRDA:116,7,0,0
BRDA:138,8,0,0
BRDA:149,9,0,0
BRDA:167,10,0,0
BRDA:176,11,0,0
BRDA:214,12,0,0
BRDA:214,13,0,0
BRDA:214,13,1,0
BRDA:216,14,0,0
BRDA:217,15,0,0
BRDA:222,16,0,0
BRDA:222,16,1,0
BRDA:224,17,0,0
BRDA:227,18,0,0
BRDA:227,18,1,0
BRDA:228,19,0,0
BRDA:235,20,0,0
BRDA:235,20,1,0
BRDA:238,21,0,0
BRDA:239,22,0,0
BRDA:239,22,1,0
BRDA:242,23,0,0
BRDA:245,24,0,0
BRDA:246,25,0,0
BRF:40
BRH:0
end_of_record
TN:
SF:src\attendance\dto\create-attendance.dto.ts
FNF:0
FNH:0
DA:1,0
DA:4,0
DA:11,0
LF:3
LH:0
BRF:0
BRH:0
end_of_record
TN:
SF:src\attendance\dto\list-attendance.dto.ts
FNF:0
FNH:0
DA:1,0
DA:3,0
DA:5,0
LF:3
LH:0
BRF:0
BRH:0
end_of_record
TN:
SF:src\auth\auth.controller.ts
FN:17,(anonymous_4)
FN:25,(anonymous_5)
FN:34,(anonymous_6)
FNF:3
FNH:0
FNDA:0,(anonymous_4)
FNDA:0,(anonymous_5)
FNDA:0,(anonymous_6)
DA:6,0
DA:7,0
DA:9,0
DA:10,0
DA:11,0
DA:12,0
DA:16,0
DA:17,0
DA:25,0
DA:26,0
DA:34,0
DA:38,0
LF:12
LH:0
BRF:0
BRH:0
end_of_record
TN:
SF:src\auth\auth.module.ts
FNF:0
FNH:0
DA:20,0
DA:21,0
DA:22,0
DA:23,0
DA:24,0
DA:31,0
LF:6
LH:0
BRF:0
BRH:0
end_of_record
TN:
SF:src\auth\auth.service.ts
FN:28,(anonymous_2)
FN:34,(anonymous_3)
FN:51,(anonymous_4)
FNF:3
FNH:0
FNDA:0,(anonymous_2)
FNDA:0,(anonymous_3)
FNDA:0,(anonymous_4)
DA:5,0
DA:6,0
DA:10,0
DA:27,0
DA:28,0
DA:35,0
DA:40,0
DA:41,0
DA:44,0
DA:52,0
DA:57,0
DA:58,0
DA:61,0
LF:13
LH:0
BRDA:40,0,0,0
BRDA:57,1,0,0
BRF:2
BRH:0
end_of_record
TN:
SF:src\auth\decorators\current-user.decorator.ts
FN:9,(anonymous_0)
FNF:1
FNH:0
FNDA:0,(anonymous_0)
DA:1,1
DA:8,1
DA:10,0
DA:11,0
LF:4
LH:2
BRF:0
BRH:0
end_of_record
TN:
SF:src\auth\decorators\public.decorator.ts
FN:9,(anonymous_0)
FNF:1
FNH:0
FNDA:0,(anonymous_0)
DA:1,0
DA:3,0
DA:9,0
LF:3
LH:0
BRF:0
BRH:0
end_of_record
TN:
SF:src\auth\decorators\roles.decorator.ts
FN:10,(anonymous_0)
FNF:1
FNH:1
FNDA:5,(anonymous_0)
DA:1,1
DA:4,1
DA:10,5
LF:3
LH:3
BRF:0
BRH:0
end_of_record
TN:
SF:src\auth\dto\update-me.dto.ts
FNF:0
FNH:0
DA:1,0
DA:8,0
LF:2
LH:0
BRF:0
BRH:0
end_of_record
TN:
SF:src\auth\guards\keycloak.guard.ts
FN:21,(anonymous_2)
FN:23,(anonymous_3)
FN:56,(anonymous_4)
FNF:3
FNH:0
FNDA:0,(anonymous_2)
FNDA:0,(anonymous_3)
FNDA:0,(anonymous_4)
DA:7,0
DA:13,0
DA:15,0
DA:16,0
DA:17,0
DA:20,0
DA:21,0
DA:25,0
DA:29,0
DA:31,0
DA:32,0
DA:34,0
DA:35,0
DA:38,0
DA:39,0
DA:40,0
DA:43,0
DA:45,0
DA:50,0
DA:52,0
DA:57,0
DA:58,0
DA:59,0
LF:23
LH:0
BRDA:29,0,0,0
BRDA:34,1,0,0
BRDA:58,2,0,0
BRF:3
BRH:0
end_of_record
TN:
SF:src\auth\guards\roles.guard.ts
FN:21,(anonymous_2)
FN:23,(anonymous_3)
FN:49,(anonymous_4)
FNF:3
FNH:0
FNDA:0,(anonymous_2)
FNDA:0,(anonymous_3)
FNDA:0,(anonymous_4)
DA:7,0
DA:13,0
DA:16,0
DA:17,0
DA:20,0
DA:21,0
DA:25,0
DA:29,0
DA:31,0
DA:37,0
DA:39,0
DA:42,0
DA:45,0
DA:46,0
DA:49,0
DA:50,0
DA:53,0
DA:54,0
DA:57,0
LF:19
LH:0
BRDA:29,0,0,0
BRDA:37,1,0,0
BRDA:37,2,0,0
BRDA:37,2,1,0
BRDA:45,3,0,0
BRDA:53,4,0,0
BRF:6
BRH:0
end_of_record
TN:
SF:src\common\filters\http-exception.filter.ts
FN:27,(anonymous_1)
FNF:1
FNH:0
FNDA:0,(anonymous_1)
DA:6,0
DA:14,0
DA:26,0
DA:28,0
DA:29,0
DA:30,0
DA:32,0
DA:33,0
DA:34,0
DA:36,0
DA:37,0
DA:38,0
DA:40,0
DA:41,0
DA:42,0
DA:43,0
DA:44,0
DA:45,0
DA:47,0
DA:49,0
DA:50,0
DA:53,0
DA:59,0
DA:67,0
LF:24
LH:0
BRDA:36,0,0,0
BRDA:36,0,1,0
BRDA:40,1,0,0
BRDA:40,1,1,0
BRDA:42,2,0,0
BRDA:42,3,0,0
BRDA:42,3,1,0
BRDA:44,4,0,0
BRDA:44,4,1,0
BRDA:45,5,0,0
BRDA:45,5,1,0
BRDA:47,6,0,0
BRDA:49,7,0,0
BRF:13
BRH:0
end_of_record
TN:
SF:src\common\filters\prisma-exception.filter.ts
FN:44,(anonymous_1)
FNF:1
FNH:0
FNDA:0,(anonymous_1)
DA:14,0
DA:20,0
DA:22,0
DA:24,0
DA:43,0
DA:45,0
DA:46,0
DA:47,0
DA:49,0
DA:51,0
DA:52,0
DA:60,0
DA:64,0
DA:69,0
LF:14
LH:0
BRDA:51,0,0,0
BRF:1
BRH:0
end_of_record
TN:
SF:src\common\interceptors\logging.interceptor.ts
FN:21,(anonymous_1)
FN:28,(anonymous_2)
FN:39,(anonymous_3)
FNF:3
FNH:0
FNDA:0,(anonymous_1)
FNDA:0,(anonymous_2)
FNDA:0,(anonymous_3)
DA:5,0
DA:12,0
DA:14,0
DA:16,0
DA:19,0
DA:22,0
DA:23,0
DA:24,0
DA:26,0
DA:29,0
DA:30,0
DA:31,0
DA:40,0
DA:41,0
LF:14
LH:0
BRF:0
BRH:0
end_of_record
TN:
SF:src\common\pipes\zod-validation.pipe.ts
FN:14,(anonymous_0)
FN:16,(anonymous_1)
FN:24,(anonymous_2)
FN:44,ZodPipe
FNF:4
FNH:2
FNDA:1,(anonymous_0)
FNDA:0,(anonymous_1)
FNDA:0,(anonymous_2)
FNDA:1,ZodPipe
DA:6,1
DA:13,1
DA:14,1
DA:18,0
DA:19,0
DA:21,0
DA:23,0
DA:24,0
DA:29,0
DA:36,0
DA:44,1
DA:45,1
LF:12
LH:5
BRDA:18,0,0,0
BRDA:19,1,0,0
BRDA:23,2,0,0
BRF:3
BRH:0
end_of_record
TN:
SF:src\config\env.validation.ts
FN:35,validateEnv
FNF:1
FNH:0
FNDA:0,validateEnv
DA:7,0
DA:13,0
DA:35,0
DA:36,0
DA:38,0
DA:39,0
DA:40,0
DA:41,0
DA:44,0
LF:9
LH:0
BRDA:38,0,0,0
BRF:1
BRH:0
end_of_record
TN:
SF:src\finance\finance.controller.ts
FN:34,(anonymous_4)
FN:43,(anonymous_5)
FN:56,(anonymous_6)
FN:68,(anonymous_7)
FN:80,(anonymous_8)
FN:94,(anonymous_9)
FNF:6
FNH:6
FNDA:8,(anonymous_4)
FNDA:1,(anonymous_5)
FNDA:2,(anonymous_6)
FNDA:2,(anonymous_7)
FNDA:1,(anonymous_8)
FNDA:1,(anonymous_9)
DA:11,1
DA:24,1
DA:25,1
DA:26,1
DA:27,1
DA:28,1
DA:29,1
DA:30,1
DA:33,1
DA:34,8
DA:43,1
DA:47,1
DA:56,1
DA:57,2
DA:58,2
DA:59,1
DA:68,1
DA:69,2
DA:70,2
DA:71,1
DA:80,1
DA:84,1
DA:94,1
DA:98,1
LF:24
LH:24
BRDA:58,0,0,1
BRDA:70,1,0,1
BRF:2
BRH:2
end_of_record
TN:
SF:src\finance\finance.module.ts
FNF:0
FNH:0
DA:1,1
DA:2,1
DA:3,1
DA:9,1
LF:4
LH:4
BRF:0
BRH:0
end_of_record
TN:
SF:src\finance\finance.service.ts
FN:62,isElevated
FN:63,(anonymous_3)
FN:66,isSiswaOnly
FN:74,isOrangTuaOnly
FN:87,(anonymous_6)
FN:92,(anonymous_7)
FN:102,(anonymous_8)
FN:113,(anonymous_9)
FN:122,(anonymous_10)
FN:127,(anonymous_11)
FN:148,(anonymous_12)
FN:183,(anonymous_13)
FN:196,(anonymous_14)
FN:207,(anonymous_15)
FN:241,(anonymous_16)
FNF:15
FNH:15
FNDA:7,isElevated
FNDA:7,(anonymous_3)
FNDA:15,isSiswaOnly
FNDA:12,isOrangTuaOnly
FNDA:28,(anonymous_6)
FNDA:18,(anonymous_7)
FNDA:3,(anonymous_8)
FNDA:4,(anonymous_9)
FNDA:4,(anonymous_10)
FNDA:6,(anonymous_11)
FNDA:8,(anonymous_12)
FNDA:2,(anonymous_13)
FNDA:2,(anonymous_14)
FNDA:7,(anonymous_15)
FNDA:5,(anonymous_16)
DA:18,1
DA:26,1
DA:33,1
DA:37,1
DA:63,7
DA:67,15
DA:75,12
DA:86,1
DA:87,28
DA:93,18
DA:97,18
DA:98,17
DA:103,3
DA:104,3
DA:108,3
DA:109,3
DA:114,4
DA:115,4
DA:119,4
DA:120,1
DA:122,4
DA:128,6
DA:131,5
DA:149,8
DA:151,8
DA:152,8
DA:154,8
DA:156,1
DA:157,7
DA:159,2
DA:160,1
DA:163,5
DA:166,7
DA:167,7
DA:178,7
DA:184,2
DA:185,2
DA:186,2
DA:188,2
DA:196,2
DA:208,7
DA:210,2
DA:211,2
DA:212,1
DA:214,5
DA:216,2
DA:217,2
DA:218,1
DA:224,5
DA:228,5
DA:230,4
DA:236,4
DA:242,5
DA:244,5
DA:248,5
DA:249,4
DA:250,1
DA:253,3
LF:58
LH:58
BRDA:68,0,0,15
BRDA:68,0,1,3
BRDA:68,0,2,3
BRDA:76,1,0,12
BRDA:76,1,1,4
BRDA:76,1,2,4
BRDA:76,1,3,4
BRDA:97,2,0,1
BRDA:108,3,0,0
BRDA:119,4,0,1
BRDA:139,5,0,4
BRDA:139,5,1,1
BRDA:139,6,0,5
BRDA:139,6,1,1
BRDA:151,7,0,1
BRDA:152,8,0,1
BRDA:154,9,0,1
BRDA:154,9,1,7
BRDA:157,10,0,2
BRDA:157,10,1,5
BRDA:163,11,0,1
BRDA:185,12,0,1
BRDA:186,13,0,1
BRDA:200,14,0,2
BRDA:200,14,1,0
BRDA:208,15,0,2
BRDA:208,15,1,5
BRDA:211,16,0,1
BRDA:214,17,0,2
BRDA:217,18,0,1
BRDA:228,19,0,1
BRDA:248,20,0,1
BRDA:249,21,0,1
BRF:33
BRH:31
end_of_record
TN:
SF:src\finance\dto\create-spp.dto.ts
FNF:0
FNH:0
DA:1,1
DA:5,1
LF:2
LH:2
BRF:0
BRH:0
end_of_record
TN:
SF:src\finance\dto\list-spp.dto.ts
FNF:0
FNH:0
DA:1,1
DA:3,1
LF:2
LH:2
BRF:0
BRH:0
end_of_record
TN:
SF:src\finance\dto\summary-spp.dto.ts
FNF:0
FNH:0
DA:1,1
DA:3,1
LF:2
LH:2
BRF:0
BRH:0
end_of_record
TN:
SF:src\grade\grade.controller.ts
FN:33,(anonymous_4)
FN:42,(anonymous_5)
FN:55,(anonymous_6)
FN:68,(anonymous_7)
FNF:4
FNH:0
FNDA:0,(anonymous_4)
FNDA:0,(anonymous_5)
FNDA:0,(anonymous_6)
FNDA:0,(anonymous_7)
DA:9,0
DA:23,0
DA:24,0
DA:25,0
DA:26,0
DA:27,0
DA:28,0
DA:29,0
DA:32,0
DA:33,0
DA:42,0
DA:46,0
DA:55,0
DA:56,0
DA:57,0
DA:58,0
DA:68,0
DA:73,0
LF:18
LH:0
BRDA:57,0,0,0
BRF:1
BRH:0
end_of_record
TN:
SF:src\grade\grade.module.ts
FNF:0
FNH:0
DA:1,0
DA:2,0
DA:3,0
DA:9,0
LF:4
LH:0
BRF:0
BRH:0
end_of_record
TN:
SF:src\grade\grade.service.ts
FN:73,isElevated
FN:74,(anonymous_3)
FN:77,isGuruOnly
FN:83,isSiswaOnly
FN:89,isOrangTuaOnly
FN:102,(anonymous_7)
FN:107,(anonymous_8)
FN:117,(anonymous_9)
FN:128,(anonymous_10)
FN:139,(anonymous_11)
FN:148,(anonymous_12)
FN:153,(anonymous_13)
FN:201,(anonymous_14)
FN:261,(anonymous_15)
FNF:14
FNH:0
FNDA:0,isElevated
FNDA:0,(anonymous_3)
FNDA:0,isGuruOnly
FNDA:0,isSiswaOnly
FNDA:0,isOrangTuaOnly
FNDA:0,(anonymous_7)
FNDA:0,(anonymous_8)
FNDA:0,(anonymous_9)
FNDA:0,(anonymous_10)
FNDA:0,(anonymous_11)
FNDA:0,(anonymous_12)
FNDA:0,(anonymous_13)
FNDA:0,(anonymous_14)
FNDA:0,(anonymous_15)
DA:18,0
DA:26,0
DA:33,0
DA:35,0
DA:39,0
DA:74,0
DA:78,0
DA:84,0
DA:90,0
DA:101,0
DA:102,0
DA:108,0
DA:112,0
DA:113,0
DA:118,0
DA:119,0
DA:123,0
DA:124,0
DA:129,0
DA:130,0
DA:134,0
DA:135,0
DA:140,0
DA:141,0
DA:145,0
DA:146,0
DA:148,0
DA:154,0
DA:157,0
DA:158,0
DA:159,0
DA:160,0
DA:163,0
DA:164,0
DA:166,0
DA:168,0
DA:169,0
DA:170,0
DA:171,0
DA:173,0
DA:174,0
DA:176,0
DA:177,0
DA:180,0
DA:181,0
DA:184,0
DA:185,0
DA:196,0
DA:203,0
DA:206,0
DA:208,0
DA:212,0
DA:213,0
DA:214,0
DA:218,0
DA:222,0
DA:225,0
DA:226,0
DA:235,0
DA:236,0
DA:244,0
DA:262,0
DA:266,0
DA:269,0
DA:271,0
DA:273,0
DA:274,0
DA:277,0
DA:278,0
DA:284,0
LF:70
LH:0
BRDA:79,0,0,0
BRDA:79,0,1,0
BRDA:85,1,0,0
BRDA:85,1,1,0
BRDA:85,1,2,0
BRDA:91,2,0,0
BRDA:91,2,1,0
BRDA:91,2,2,0
BRDA:91,2,3,0
BRDA:112,3,0,0
BRDA:123,4,0,0
BRDA:134,5,0,0
BRDA:145,6,0,0
BRDA:157,7,0,0
BRDA:158,8,0,0
BRDA:159,9,0,0
BRDA:160,10,0,0
BRDA:164,11,0,0
BRDA:166,12,0,0
BRDA:166,12,1,0
BRDA:171,13,0,0
BRDA:171,13,1,0
BRDA:174,14,0,0
BRDA:174,14,1,0
BRDA:180,15,0,0
BRDA:181,16,0,0
BRDA:212,17,0,0
BRDA:213,18,0,0
BRDA:222,19,0,0
BRDA:225,20,0,0
BRDA:225,21,0,0
BRDA:225,21,1,0
BRDA:235,22,0,0
BRDA:266,23,0,0
BRDA:269,24,0,0
BRDA:273,25,0,0
BRDA:277,26,0,0
BRF:37
BRH:0
end_of_record
TN:
SF:src\grade\dto\create-grade.dto.ts
FNF:0
FNH:0
DA:1,0
DA:5,0
LF:2
LH:0
BRF:0
BRH:0
end_of_record
TN:
SF:src\grade\dto\list-grades.dto.ts
FNF:0
FNH:0
DA:1,0
DA:3,0
LF:2
LH:0
BRF:0
BRH:0
end_of_record
TN:
SF:src\grade\dto\update-grade.dto.ts
FN:11,(anonymous_0)
FNF:1
FNH:0
FNDA:0,(anonymous_0)
DA:1,0
DA:5,0
DA:11,0
LF:3
LH:0
BRDA:11,0,0,0
BRDA:11,0,1,0
BRF:2
BRH:0
end_of_record
TN:
SF:src\health\health.controller.ts
FN:18,(anonymous_2)
FN:32,(anonymous_3)
FN:35,(anonymous_4)
FN:38,(anonymous_5)
FN:41,(anonymous_6)
FNF:5
FNH:0
FNDA:0,(anonymous_2)
FNDA:0,(anonymous_3)
FNDA:0,(anonymous_4)
FNDA:0,(anonymous_5)
FNDA:0,(anonymous_6)
DA:6,0
DA:7,0
DA:13,0
DA:14,0
DA:17,0
DA:19,0
DA:20,0
DA:21,0
DA:22,0
DA:32,0
DA:33,0
DA:35,0
DA:38,0
DA:41,0
LF:14
LH:0
BRF:0
BRH:0
end_of_record
TN:
SF:src\health\health.module.ts
FNF:0
FNH:0
DA:1,0
DA:2,0
DA:3,0
DA:9,0
LF:4
LH:0
BRF:0
BRH:0
end_of_record
TN:
SF:src\metrics\counters.ts
FN:9,getOrCreateCounter
FNF:1
FNH:0
FNDA:0,getOrCreateCounter
DA:7,0
DA:14,0
DA:15,0
DA:16,0
DA:23,0
LF:5
LH:0
BRDA:15,0,0,0
BRF:1
BRH:0
end_of_record
TN:
SF:src\metrics\metrics.controller.ts
FN:14,(anonymous_4)
FN:23,(anonymous_5)
FNF:2
FNH:0
FNDA:0,(anonymous_4)
FNDA:0,(anonymous_5)
DA:7,0
DA:9,0
DA:10,0
DA:13,0
DA:14,0
DA:23,0
DA:24,0
DA:25,0
LF:8
LH:0
BRF:0
BRH:0
end_of_record
TN:
SF:src\metrics\metrics.module.ts
FNF:0
FNH:0
DA:1,0
DA:2,0
DA:3,0
DA:11,0
LF:4
LH:0
BRF:0
BRH:0
end_of_record
TN:
SF:src\metrics\metrics.service.ts
FN:10,(anonymous_1)
FN:21,(anonymous_2)
FN:25,(anonymous_3)
FNF:3
FNH:0
FNDA:0,(anonymous_1)
FNDA:0,(anonymous_2)
FNDA:0,(anonymous_3)
DA:5,0
DA:6,0
DA:9,0
DA:11,0
DA:15,0
DA:22,0
DA:26,0
LF:7
LH:0
BRF:0
BRH:0
end_of_record
TN:
SF:src\ppdb\ppdb.controller.ts
FN:39,(anonymous_4)
FN:49,(anonymous_5)
FN:73,(anonymous_6)
FN:85,(anonymous_7)
FN:94,(anonymous_8)
FN:103,(anonymous_9)
FN:116,(anonymous_10)
FNF:7
FNH:0
FNDA:0,(anonymous_4)
FNDA:0,(anonymous_5)
FNDA:0,(anonymous_6)
FNDA:0,(anonymous_7)
FNDA:0,(anonymous_8)
FNDA:0,(anonymous_9)
FNDA:0,(anonymous_10)
DA:14,0
DA:26,0
DA:28,0
DA:29,0
DA:30,0
DA:31,0
DA:32,0
DA:33,0
DA:34,0
DA:35,0
DA:38,0
DA:39,0
DA:49,0
DA:54,0
DA:55,0
DA:60,0
DA:65,0
DA:73,0
DA:74,0
DA:75,0
DA:76,0
DA:85,0
DA:86,0
DA:94,0
DA:95,0
DA:103,0
DA:107,0
DA:116,0
DA:120,0
LF:29
LH:0
BRDA:54,0,0,0
BRDA:60,1,0,0
BRDA:60,1,1,0
BRDA:60,1,2,0
BRDA:60,1,3,0
BRDA:75,2,0,0
BRF:6
BRH:0
end_of_record
TN:
SF:src\ppdb\ppdb.module.ts
FNF:0
FNH:0
DA:1,0
DA:2,0
DA:3,0
DA:9,0
LF:4
LH:0
BRF:0
BRH:0
end_of_record
TN:
SF:src\ppdb\ppdb.service.ts
FN:40,(anonymous_2)
FN:47,(anonymous_3)
FN:73,(anonymous_4)
FN:104,(anonymous_5)
FN:113,(anonymous_6)
FN:122,(anonymous_7)
FN:131,(anonymous_8)
FN:141,(anonymous_9)
FNF:8
FNH:0
FNDA:0,(anonymous_2)
FNDA:0,(anonymous_3)
FNDA:0,(anonymous_4)
FNDA:0,(anonymous_5)
FNDA:0,(anonymous_6)
FNDA:0,(anonymous_7)
FNDA:0,(anonymous_8)
FNDA:0,(anonymous_9)
DA:14,0
DA:15,0
DA:16,0
DA:22,0
DA:39,0
DA:40,0
DA:49,0
DA:52,0
DA:57,0
DA:59,0
DA:64,0
DA:70,0
DA:74,0
DA:75,0
DA:77,0
DA:90,0
DA:101,0
DA:105,0
DA:109,0
DA:110,0
DA:114,0
DA:115,0
DA:123,0
DA:124,0
DA:132,0
DA:140,0
DA:141,0
DA:144,0
DA:145,0
DA:147,0
LF:30
LH:0
BRDA:49,0,0,0
BRDA:49,1,0,0
BRDA:49,1,1,0
BRDA:78,2,0,0
BRDA:78,2,1,0
BRDA:79,3,0,0
BRDA:79,3,1,0
BRDA:80,4,0,0
BRDA:80,4,1,0
BRDA:80,5,0,0
BRDA:80,5,1,0
BRDA:83,6,0,0
BRDA:83,6,1,0
BRDA:84,7,0,0
BRDA:84,7,1,0
BRDA:109,8,0,0
BRDA:144,9,0,0
BRDA:144,9,1,0
BRDA:145,10,0,0
BRDA:145,10,1,0
BRF:20
BRH:0
end_of_record
TN:
SF:src\ppdb\dto\assign-lead.dto.ts
FNF:0
FNH:0
DA:1,0
DA:3,0
LF:2
LH:0
BRF:0
BRH:0
end_of_record
TN:
SF:src\ppdb\dto\list-leads.dto.ts
FNF:0
FNH:0
DA:1,0
DA:3,0
LF:2
LH:0
BRF:0
BRH:0
end_of_record
TN:
SF:src\ppdb\dto\submit-lead.dto.ts
FN:17,(anonymous_0)
FN:28,(anonymous_1)
FNF:2
FNH:0
FNDA:0,(anonymous_0)
FNDA:0,(anonymous_1)
DA:1,0
DA:12,0
DA:22,0
DA:23,0
DA:24,0
DA:25,0
DA:28,0
LF:7
LH:0
BRDA:23,0,0,0
BRDA:24,1,0,0
BRF:2
BRH:0
end_of_record
TN:
SF:src\ppdb\dto\update-status.dto.ts
FNF:0
FNH:0
DA:1,0
DA:3,0
LF:2
LH:0
BRF:0
BRH:0
end_of_record
TN:
SF:src\prisma\prisma.module.ts
FNF:0
FNH:0
DA:1,0
DA:2,0
DA:9,0
LF:3
LH:0
BRF:0
BRH:0
end_of_record
TN:
SF:src\prisma\prisma.service.ts
FN:7,(anonymous_1)
FN:12,(anonymous_2)
FNF:2
FNH:0
FNDA:0,(anonymous_1)
FNDA:0,(anonymous_2)
DA:1,1
DA:2,1
DA:3,1
DA:6,1
DA:8,0
DA:9,0
DA:13,0
DA:14,0
LF:8
LH:4
BRF:0
BRH:0
end_of_record
TN:
SF:src\rag\rag.module.ts
FNF:0
FNH:0
DA:1,0
DA:2,0
DA:8,0
LF:3
LH:0
BRF:0
BRH:0
end_of_record
TN:
SF:src\rag\rag.service.ts
FN:31,(anonymous_2)
FN:33,(anonymous_3)
FN:53,(anonymous_4)
FN:76,(anonymous_5)
FNF:4
FNH:0
FNDA:0,(anonymous_2)
FNDA:0,(anonymous_3)
FNDA:0,(anonymous_4)
FNDA:0,(anonymous_5)
DA:10,0
DA:12,0
DA:30,0
DA:31,0
DA:34,0
DA:54,0
DA:55,0
DA:77,0
LF:8
LH:0
BRDA:53,0,0,0
BRDA:54,1,0,0
BRDA:54,2,0,0
BRDA:54,3,0,0
BRDA:57,4,0,0
BRDA:57,4,1,0
BRF:6
BRH:0
end_of_record
TN:
SF:src\schedule\schedule.controller.ts
FN:28,(anonymous_4)
FN:36,(anonymous_5)
FN:50,(anonymous_6)
FNF:3
FNH:0
FNDA:0,(anonymous_4)
FNDA:0,(anonymous_5)
FNDA:0,(anonymous_6)
DA:8,0
DA:19,0
DA:20,0
DA:21,0
DA:22,0
DA:23,0
DA:24,0
DA:27,0
DA:28,0
DA:36,0
DA:37,0
DA:38,0
DA:39,0
DA:50,0
DA:51,0
LF:15
LH:0
BRDA:38,0,0,0
BRF:1
BRH:0
end_of_record
TN:
SF:src\schedule\schedule.module.ts
FNF:0
FNH:0
DA:1,0
DA:2,0
DA:3,0
DA:9,0
LF:4
LH:0
BRF:0
BRH:0
end_of_record
TN:
SF:src\schedule\schedule.service.ts
FN:67,isElevated
FN:68,(anonymous_3)
FN:71,isGuruOnly
FN:75,isSiswaOnly
FN:83,isOrangTuaOnly
FN:96,(anonymous_7)
FN:100,(anonymous_8)
FN:109,(anonymous_9)
FN:120,(anonymous_10)
FN:126,(anonymous_11)
FN:130,(anonymous_12)
FN:141,(anonymous_13)
FN:150,(anonymous_14)
FN:150,(anonymous_15)
FN:155,(anonymous_16)
FN:190,(anonymous_17)
FN:220,(anonymous_18)
FN:249,(anonymous_19)
FN:249,(anonymous_20)
FNF:19
FNH:0
FNDA:0,isElevated
FNDA:0,(anonymous_3)
FNDA:0,isGuruOnly
FNDA:0,isSiswaOnly
FNDA:0,isOrangTuaOnly
FNDA:0,(anonymous_7)
FNDA:0,(anonymous_8)
FNDA:0,(anonymous_9)
FNDA:0,(anonymous_10)
FNDA:0,(anonymous_11)
FNDA:0,(anonymous_12)
FNDA:0,(anonymous_13)
FNDA:0,(anonymous_14)
FNDA:0,(anonymous_15)
FNDA:0,(anonymous_16)
FNDA:0,(anonymous_17)
FNDA:0,(anonymous_18)
FNDA:0,(anonymous_19)
FNDA:0,(anonymous_20)
DA:18,0
DA:26,0
DA:32,0
DA:36,0
DA:68,0
DA:72,0
DA:76,0
DA:84,0
DA:95,0
DA:96,0
DA:101,0
DA:105,0
DA:106,0
DA:110,0
DA:111,0
DA:115,0
DA:116,0
DA:121,0
DA:122,0
DA:126,0
DA:131,0
DA:132,0
DA:136,0
DA:137,0
DA:142,0
DA:143,0
DA:147,0
DA:148,0
DA:150,0
DA:156,0
DA:159,0
DA:160,0
DA:161,0
DA:164,0
DA:165,0
DA:166,0
DA:167,0
DA:169,0
DA:171,0
DA:172,0
DA:173,0
DA:174,0
DA:175,0
DA:177,0
DA:178,0
DA:179,0
DA:180,0
DA:183,0
DA:184,0
DA:186,0
DA:190,0
DA:191,0
DA:192,0
DA:194,0
DA:198,0
DA:199,0
DA:215,0
DA:222,0
DA:226,0
DA:227,0
DA:231,0
DA:232,0
DA:236,0
DA:237,0
DA:244,0
DA:249,0
DA:251,0
DA:262,0
DA:263,0
DA:270,0
DA:271,0
DA:282,0
DA:283,0
DA:291,0
LF:74
LH:0
BRDA:72,0,0,0
BRDA:72,0,1,0
BRDA:77,1,0,0
BRDA:77,1,1,0
BRDA:77,1,2,0
BRDA:85,2,0,0
BRDA:85,2,1,0
BRDA:85,2,2,0
BRDA:85,2,3,0
BRDA:105,3,0,0
BRDA:115,4,0,0
BRDA:136,5,0,0
BRDA:137,6,0,0
BRDA:137,6,1,0
BRDA:147,7,0,0
BRDA:159,8,0,0
BRDA:160,9,0,0
BRDA:161,10,0,0
BRDA:164,11,0,0
BRDA:164,11,1,0
BRDA:166,12,0,0
BRDA:171,13,0,0
BRDA:172,14,0,0
BRDA:172,14,1,0
BRDA:174,15,0,0
BRDA:178,16,0,0
BRDA:178,16,1,0
BRDA:183,17,0,0
BRDA:184,18,0,0
BRDA:191,19,0,0
BRDA:226,20,0,0
BRDA:231,21,0,0
BRDA:236,22,0,0
BRDA:262,23,0,0
BRDA:270,24,0,0
BRDA:282,25,0,0
BRDA:298,26,0,0
BRDA:298,26,1,0
BRF:38
BRH:0
end_of_record
TN:
SF:src\schedule\dto\create-schedule.dto.ts
FN:18,(anonymous_0)
FNF:1
FNH:0
FNDA:0,(anonymous_0)
DA:1,0
DA:3,0
DA:18,0
LF:3
LH:0
BRF:0
BRH:0
end_of_record
TN:
SF:src\schedule\dto\list-schedule.dto.ts
FNF:0
FNH:0
DA:1,0
DA:3,0
LF:2
LH:0
BRF:0
BRH:0
end_of_record
TN:
SF:src\student\student.controller.ts
FN:30,(anonymous_4)
FN:38,(anonymous_5)
FN:49,(anonymous_6)
FN:62,(anonymous_7)
FN:71,(anonymous_8)
FN:83,(anonymous_9)
FN:93,(anonymous_10)
FN:106,(anonymous_11)
FNF:8
FNH:0
FNDA:0,(anonymous_4)
FNDA:0,(anonymous_5)
FNDA:0,(anonymous_6)
FNDA:0,(anonymous_7)
FNDA:0,(anonymous_8)
FNDA:0,(anonymous_9)
FNDA:0,(anonymous_10)
FNDA:0,(anonymous_11)
DA:7,0
DA:20,0
DA:21,0
DA:22,0
DA:23,0
DA:24,0
DA:25,0
DA:26,0
DA:29,0
DA:30,0
DA:38,0
DA:39,0
DA:40,0
DA:41,0
DA:49,0
DA:53,0
DA:62,0
DA:63,0
DA:71,0
DA:75,0
DA:83,0
DA:84,0
DA:93,0
DA:97,0
DA:106,0
DA:110,0
LF:26
LH:0
BRDA:40,0,0,0
BRF:1
BRH:0
end_of_record
TN:
SF:src\student\student.module.ts
FNF:0
FNH:0
DA:1,0
DA:2,0
DA:3,0
DA:9,0
LF:4
LH:0
BRF:0
BRH:0
end_of_record
TN:
SF:src\student\student.service.ts
FN:73,needsOwnershipCheck
FN:74,(anonymous_3)
FN:79,(anonymous_4)
FN:87,(anonymous_5)
FN:100,(anonymous_6)
FN:118,(anonymous_7)
FN:148,(anonymous_8)
FN:164,(anonymous_9)
FN:171,(anonymous_10)
FN:185,(anonymous_11)
FN:202,(anonymous_12)
FN:222,(anonymous_13)
FNF:12
FNH:0
FNDA:0,needsOwnershipCheck
FNDA:0,(anonymous_3)
FNDA:0,(anonymous_4)
FNDA:0,(anonymous_5)
FNDA:0,(anonymous_6)
FNDA:0,(anonymous_7)
FNDA:0,(anonymous_8)
FNDA:0,(anonymous_9)
FNDA:0,(anonymous_10)
FNDA:0,(anonymous_11)
FNDA:0,(anonymous_12)
FNDA:0,(anonymous_13)
DA:12,0
DA:18,0
DA:25,0
DA:40,0
DA:59,0
DA:71,0
DA:74,0
DA:78,0
DA:79,0
DA:88,0
DA:92,0
DA:93,0
DA:105,0
DA:106,0
DA:108,0
DA:112,0
DA:119,0
DA:120,0
DA:122,0
DA:134,0
DA:145,0
DA:149,0
DA:154,0
DA:156,0
DA:157,0
DA:158,0
DA:161,0
DA:165,0
DA:172,0
DA:176,0
DA:178,0
DA:186,0
DA:190,0
DA:193,0
DA:203,0
DA:207,0
DA:209,0
DA:210,0
DA:211,0
DA:215,0
DA:223,0
DA:227,0
DA:229,0
DA:230,0
DA:231,0
DA:235,0
LF:46
LH:0
BRDA:92,0,0,0
BRDA:105,1,0,0
BRDA:105,2,0,0
BRDA:105,2,1,0
BRDA:108,3,0,0
BRDA:109,4,0,0
BRDA:109,4,1,0
BRDA:124,5,0,0
BRDA:124,5,1,0
BRDA:125,6,0,0
BRDA:125,6,1,0
BRDA:126,7,0,0
BRDA:126,7,1,0
BRDA:154,8,0,0
BRDA:156,9,0,0
BRDA:176,10,0,0
BRDA:190,11,0,0
BRDA:207,12,0,0
BRDA:209,13,0,0
BRDA:227,14,0,0
BRDA:229,15,0,0
BRF:21
BRH:0
end_of_record
TN:
SF:src\student\dto\create-student.dto.ts
FNF:0
FNH:0
DA:1,0
DA:3,0
LF:2
LH:0
BRF:0
BRH:0
end_of_record
TN:
SF:src\student\dto\list-students.dto.ts
FNF:0
FNH:0
DA:1,0
DA:3,0
LF:2
LH:0
BRF:0
BRH:0
end_of_record
TN:
SF:src\student\dto\update-student.dto.ts
FNF:0
FNH:0
DA:1,0
DA:3,0
LF:2
LH:0
BRF:0
BRH:0
end_of_record
TN:
SF:src\teaching-assignment\teaching-assignment.controller.ts
FN:32,(anonymous_4)
FN:41,(anonymous_5)
FN:53,(anonymous_6)
FN:68,(anonymous_7)
FN:78,(anonymous_8)
FN:90,(anonymous_9)
FNF:6
FNH:0
FNDA:0,(anonymous_4)
FNDA:0,(anonymous_5)
FNDA:0,(anonymous_6)
FNDA:0,(anonymous_7)
FNDA:0,(anonymous_8)
FNDA:0,(anonymous_9)
DA:7,0
DA:22,0
DA:23,0
DA:24,0
DA:25,0
DA:26,0
DA:27,0
DA:28,0
DA:31,0
DA:32,0
DA:41,0
DA:42,0
DA:43,0
DA:44,0
DA:53,0
DA:57,0
DA:68,0
DA:69,0
DA:78,0
DA:82,0
DA:90,0
DA:91,0
LF:22
LH:0
BRDA:43,0,0,0
BRF:1
BRH:0
end_of_record
TN:
SF:src\teaching-assignment\teaching-assignment.module.ts
FNF:0
FNH:0
DA:1,0
DA:2,0
DA:3,0
DA:9,0
LF:4
LH:0
BRF:0
BRH:0
end_of_record
TN:
SF:src\teaching-assignment\teaching-assignment.service.ts
FN:50,isGuruOnly
FN:53,(anonymous_3)
FN:59,(anonymous_4)
FN:67,(anonymous_5)
FN:84,(anonymous_6)
FN:95,(anonymous_7)
FN:124,(anonymous_8)
FN:141,(anonymous_9)
FN:150,(anonymous_10)
FN:165,(anonymous_11)
FNF:10
FNH:0
FNDA:0,isGuruOnly
FNDA:0,(anonymous_3)
FNDA:0,(anonymous_4)
FNDA:0,(anonymous_5)
FNDA:0,(anonymous_6)
FNDA:0,(anonymous_7)
FNDA:0,(anonymous_8)
FNDA:0,(anonymous_9)
FNDA:0,(anonymous_10)
FNDA:0,(anonymous_11)
DA:13,0
DA:20,0
DA:27,0
DA:48,0
DA:51,0
DA:53,0
DA:58,0
DA:59,0
DA:68,0
DA:72,0
DA:74,0
DA:78,0
DA:80,0
DA:85,0
DA:89,0
DA:90,0
DA:96,0
DA:99,0
DA:100,0
DA:101,0
DA:104,0
DA:110,0
DA:121,0
DA:125,0
DA:129,0
DA:131,0
DA:132,0
DA:133,0
DA:134,0
DA:138,0
DA:142,0
DA:144,0
DA:151,0
DA:155,0
DA:158,0
DA:166,0
DA:170,0
DA:172,0
DA:173,0
LF:39
LH:0
BRDA:52,0,0,0
BRDA:52,0,1,0
BRDA:72,1,0,0
BRDA:78,2,0,0
BRDA:89,3,0,0
BRDA:90,4,0,0
BRDA:100,5,0,0
BRDA:105,6,0,0
BRDA:105,6,1,0
BRDA:106,7,0,0
BRDA:106,7,1,0
BRDA:107,8,0,0
BRDA:107,8,1,0
BRDA:129,9,0,0
BRDA:131,10,0,0
BRDA:133,11,0,0
BRDA:155,12,0,0
BRDA:170,13,0,0
BRF:18
BRH:0
end_of_record
TN:
SF:src\teaching-assignment\dto\create-assignment.dto.ts
FNF:0
FNH:0
DA:1,0
DA:3,0
LF:2
LH:0
BRF:0
BRH:0
end_of_record
TN:
SF:src\teaching-assignment\dto\list-assignments.dto.ts
FNF:0
FNH:0
DA:1,0
DA:3,0
LF:2
LH:0
BRF:0
BRH:0
end_of_record
TN:
SF:src\teaching-assignment\dto\update-assignment.dto.ts
FNF:0
FNH:0
DA:1,0
DA:5,0
LF:2
LH:0
BRF:0
BRH:0
end_of_record
