TN:
SF:src\app.module.ts
FNF:0
FNH:0
DA:6,0
DA:7,0
DA:8,0
DA:9,0
DA:10,0
DA:11,0
DA:12,0
DA:13,0
DA:14,0
DA:15,0
DA:16,0
DA:17,0
DA:18,0
DA:19,0
DA:20,0
DA:21,0
DA:22,0
DA:23,0
DA:24,0
DA:25,0
DA:86,0
LF:21
LH:0
BRF:0
BRH:0
end_of_record
TN:
SF:src\main.ts
FN:22,registerSecurityHeaders
FN:25,(anonymous_1)
FN:52,bootstrap
FN:100,(anonymous_3)
FNF:4
FNH:0
FNDA:0,registerSecurityHeaders
FNDA:0,(anonymous_1)
FNDA:0,bootstrap
FNDA:0,(anonymous_3)
DA:6,0
DA:7,0
DA:8,0
DA:9,0
DA:10,0
DA:11,0
DA:12,0
DA:13,0
DA:23,0
DA:25,0
DA:26,0
DA:27,0
DA:28,0
DA:29,0
DA:30,0
DA:31,0
DA:32,0
DA:33,0
DA:56,0
DA:58,0
DA:65,0
DA:67,0
DA:79,0
DA:80,0
DA:83,0
DA:89,0
DA:90,0
DA:92,0
DA:94,0
DA:100,0
DA:101,0
DA:102,0
LF:32
LH:0
BRDA:68,0,0,0
BRDA:68,0,1,0
BRDA:89,1,0,0
BRDA:89,1,1,0
BRDA:96,2,0,0
BRDA:96,2,1,0
BRF:6
BRH:0
end_of_record
TN:
SF:src\ai\ai.controller.ts
FN:39,(anonymous_4)
FN:50,(anonymous_5)
FN:62,(anonymous_6)
FN:73,(anonymous_7)
FN:87,(anonymous_8)
FN:91,(anonymous_9)
FN:92,(anonymous_10)
FN:104,(anonymous_11)
FN:115,(anonymous_12)
FN:129,(anonymous_13)
FN:142,(anonymous_14)
FN:156,(anonymous_15)
FNF:12
FNH:1
FNDA:15,(anonymous_4)
FNDA:0,(anonymous_5)
FNDA:0,(anonymous_6)
FNDA:0,(anonymous_7)
FNDA:0,(anonymous_8)
FNDA:0,(anonymous_9)
FNDA:0,(anonymous_10)
FNDA:0,(anonymous_11)
FNDA:0,(anonymous_12)
FNDA:0,(anonymous_13)
FNDA:0,(anonymous_14)
FNDA:0,(anonymous_15)
DA:15,1
DA:27,1
DA:28,1
DA:29,1
DA:30,1
DA:31,1
DA:32,1
DA:33,1
DA:34,1
DA:38,1
DA:39,15
DA:50,1
DA:51,0
DA:62,1
DA:63,0
DA:73,1
DA:77,0
DA:87,1
DA:88,0
DA:89,0
DA:91,0
DA:92,0
DA:104,1
DA:105,0
DA:115,1
DA:119,0
DA:129,1
DA:133,0
DA:142,1
DA:146,0
DA:156,1
DA:157,0
LF:32
LH:20
BRF:0
BRH:0
end_of_record
TN:
SF:src\ai\ai.module.ts
FN:17,buildAiGateway
FNF:1
FNH:0
FNDA:0,buildAiGateway
DA:10,0
DA:12,0
DA:13,0
DA:14,0
DA:15,0
DA:18,0
DA:20,0
DA:21,0
DA:28,0
DA:29,0
DA:30,0
DA:31,0
DA:33,0
DA:48,0
LF:14
LH:0
BRDA:18,0,0,0
BRDA:18,0,1,0
BRDA:20,1,0,0
BRDA:28,2,0,0
BRDA:28,2,1,0
BRDA:29,3,0,0
BRDA:29,3,1,0
BRDA:30,4,0,0
BRDA:30,4,1,0
BRDA:31,5,0,0
BRDA:31,5,1,0
BRF:11
BRH:0
end_of_record
TN:
SF:src\ai\ai.service.ts
FN:68,(anonymous_4)
FN:76,(anonymous_5)
FN:85,(anonymous_6)
FN:86,(anonymous_7)
FN:96,(anonymous_8)
FN:113,(anonymous_9)
FN:122,(anonymous_10)
FN:135,(anonymous_11)
FN:142,(anonymous_12)
FN:153,(anonymous_13)
FN:214,(anonymous_14)
FN:235,(anonymous_15)
FN:263,(anonymous_16)
FN:308,(anonymous_17)
FN:341,(anonymous_18)
FN:363,(anonymous_19)
FN:381,(anonymous_20)
FN:416,(anonymous_21)
FN:417,(anonymous_22)
FNF:19
FNH:11
FNDA:15,(anonymous_4)
FNDA:3,(anonymous_5)
FNDA:6,(anonymous_6)
FNDA:6,(anonymous_7)
FNDA:0,(anonymous_8)
FNDA:0,(anonymous_9)
FNDA:0,(anonymous_10)
FNDA:0,(anonymous_11)
FNDA:0,(anonymous_12)
FNDA:2,(anonymous_13)
FNDA:1,(anonymous_14)
FNDA:3,(anonymous_15)
FNDA:3,(anonymous_16)
FNDA:4,(anonymous_17)
FNDA:2,(anonymous_18)
FNDA:2,(anonymous_19)
FNDA:0,(anonymous_20)
FNDA:0,(anonymous_21)
FNDA:0,(anonymous_22)
DA:15,1
DA:24,1
DA:25,1
DA:26,1
DA:64,1
DA:67,1
DA:69,15
DA:70,15
DA:77,3
DA:81,3
DA:82,3
DA:86,6
DA:101,0
DA:102,0
DA:113,0
DA:127,0
DA:128,0
DA:130,0
DA:131,0
DA:134,0
DA:135,0
DA:138,0
DA:140,0
DA:142,0
DA:166,2
DA:168,2
DA:188,2
DA:189,2
DA:190,2
DA:191,2
DA:192,2
DA:197,2
DA:198,2
DA:200,0
DA:201,0
DA:207,2
DA:215,1
DA:236,3
DA:254,3
DA:255,3
DA:256,2
DA:264,3
DA:268,3
DA:270,2
DA:272,2
DA:282,2
DA:283,1
DA:284,1
DA:285,1
DA:286,1
DA:291,1
DA:293,0
DA:294,0
DA:301,2
DA:309,4
DA:310,1
DA:313,3
DA:319,3
DA:320,3
DA:321,2
DA:322,1
DA:327,1
DA:328,1
DA:330,1
DA:335,1
DA:342,2
DA:343,1
DA:345,1
DA:349,1
DA:351,1
DA:355,1
DA:364,2
DA:368,2
DA:370,1
DA:371,1
DA:382,0
DA:390,0
DA:394,0
DA:396,0
DA:397,0
DA:398,0
DA:399,0
DA:401,0
DA:407,0
DA:408,0
DA:410,0
DA:411,0
DA:412,0
DA:416,0
DA:417,0
DA:418,0
DA:420,0
LF:92
LH:59
BRDA:81,0,0,0
BRDA:127,1,0,0
BRDA:127,1,1,0
BRDA:128,2,0,0
BRDA:128,2,1,0
BRDA:134,3,0,0
BRDA:134,3,1,0
BRDA:173,4,0,2
BRDA:173,4,1,2
BRDA:200,5,0,0
BRDA:200,5,1,0
BRDA:255,6,0,1
BRDA:268,7,0,1
BRDA:275,8,0,1
BRDA:275,8,1,1
BRDA:276,9,0,1
BRDA:276,9,1,1
BRDA:277,10,0,0
BRDA:277,10,1,2
BRDA:278,11,0,1
BRDA:278,11,1,1
BRDA:282,12,0,1
BRDA:282,13,0,2
BRDA:282,13,1,1
BRDA:293,14,0,0
BRDA:293,14,1,0
BRDA:309,15,0,1
BRDA:320,16,0,1
BRDA:321,17,0,1
BRDA:342,18,0,1
BRDA:349,19,0,0
BRDA:368,20,0,1
BRDA:410,21,0,0
BRDA:410,21,1,0
BRF:34
BRH:19
end_of_record
TN:
SF:src\ai\adapters\ollama.adapter.ts
FN:22,(anonymous_0)
FN:38,(anonymous_1)
FN:40,(anonymous_2)
FN:55,(anonymous_3)
FN:80,(anonymous_4)
FN:93,(anonymous_5)
FN:104,(anonymous_6)
FN:123,(anonymous_7)
FNF:8
FNH:0
FNDA:0,(anonymous_0)
FNDA:0,(anonymous_1)
FNDA:0,(anonymous_2)
FNDA:0,(anonymous_3)
FNDA:0,(anonymous_4)
FNDA:0,(anonymous_5)
FNDA:0,(anonymous_6)
FNDA:0,(anonymous_7)
DA:16,0
DA:28,0
DA:29,0
DA:30,0
DA:31,0
DA:39,0
DA:40,0
DA:43,0
DA:44,0
DA:51,0
DA:54,0
DA:55,0
DA:56,0
DA:59,0
DA:60,0
DA:62,0
DA:63,0
DA:66,0
DA:67,0
DA:73,0
DA:82,0
DA:87,0
DA:91,0
DA:92,0
DA:93,0
DA:95,0
DA:101,0
DA:103,0
DA:104,0
DA:107,0
DA:108,0
DA:119,0
DA:122,0
DA:123,0
DA:124,0
DA:127,0
DA:131,0
DA:132,0
DA:133,0
DA:136,0
LF:40
LH:0
BRDA:54,0,0,0
BRDA:62,1,0,0
BRDA:62,2,0,0
BRDA:62,2,1,0
BRDA:66,3,0,0
BRDA:91,4,0,0
BRDA:91,5,0,0
BRDA:91,5,1,0
BRDA:122,6,0,0
BRDA:132,7,0,0
BRF:10
BRH:0
end_of_record
TN:
SF:src\ai\dto\chat.dto.ts
FNF:0
FNH:0
DA:1,1
DA:3,1
LF:2
LH:2
BRF:0
BRH:0
end_of_record
TN:
SF:src\ai\dto\create-knowledge.dto.ts
FNF:0
FNH:0
DA:1,1
DA:3,1
LF:2
LH:2
BRF:0
BRH:0
end_of_record
TN:
SF:src\ai\dto\update-knowledge.dto.ts
FNF:0
FNH:0
DA:1,1
DA:3,1
LF:2
LH:2
BRF:0
BRH:0
end_of_record
TN:
SF:src\ai\scripts\embed-faq.ts
FN:22,main
FN:87,(anonymous_1)
FNF:2
FNH:0
FNDA:0,main
FNDA:0,(anonymous_1)
DA:18,0
DA:19,0
DA:20,0
DA:23,0
DA:25,0
DA:26,0
DA:27,0
DA:28,0
DA:30,0
DA:32,0
DA:33,0
DA:35,0
DA:36,0
DA:46,0
DA:48,0
DA:49,0
DA:50,0
DA:53,0
DA:54,0
DA:56,0
DA:57,0
DA:58,0
DA:59,0
DA:60,0
DA:62,0
DA:68,0
DA:69,0
DA:71,0
DA:72,0
DA:73,0
DA:77,0
DA:79,0
DA:80,0
DA:83,0
DA:87,0
DA:88,0
DA:89,0
LF:37
LH:0
BRDA:25,0,0,0
BRDA:25,0,1,0
BRDA:26,1,0,0
BRDA:26,1,1,0
BRDA:27,2,0,0
BRDA:27,2,1,0
BRDA:28,3,0,0
BRDA:28,3,1,0
BRDA:48,4,0,0
BRDA:71,5,0,0
BRDA:71,5,1,0
BRDA:79,6,0,0
BRF:12
BRH:0
end_of_record
TN:
SF:src\attendance\attendance.controller.ts
FN:28,(anonymous_4)
FN:38,(anonymous_5)
FN:51,(anonymous_6)
FNF:3
FNH:0
FNDA:0,(anonymous_4)
FNDA:0,(anonymous_5)
FNDA:0,(anonymous_6)
DA:8,0
DA:19,0
DA:20,0
DA:21,0
DA:22,0
DA:23,0
DA:24,0
DA:27,0
DA:28,0
DA:38,0
DA:42,0
DA:51,0
DA:52,0
DA:53,0
DA:54,0
LF:15
LH:0
BRDA:53,0,0,0
BRF:1
BRH:0
end_of_record
TN:
SF:src\attendance\attendance.module.ts
FNF:0
FNH:0
DA:1,0
DA:2,0
DA:3,0
DA:9,0
LF:4
LH:0
BRF:0
BRH:0
end_of_record
TN:
SF:src\attendance\attendance.service.ts
FN:33,parseDateStr
FN:68,isElevated
FN:69,(anonymous_4)
FN:72,isGuruOnly
FN:76,isSiswaOnly
FN:84,isOrangTuaOnly
FN:97,(anonymous_8)
FN:105,(anonymous_9)
FN:115,(anonymous_10)
FN:126,(anonymous_11)
FN:133,(anonymous_12)
FN:137,(anonymous_13)
FN:148,(anonymous_14)
FN:157,(anonymous_15)
FN:162,(anonymous_16)
FN:190,(anonymous_17)
FN:229,(anonymous_18)
FNF:17
FNH:0
FNDA:0,parseDateStr
FNDA:0,isElevated
FNDA:0,(anonymous_4)
FNDA:0,isGuruOnly
FNDA:0,isSiswaOnly
FNDA:0,isOrangTuaOnly
FNDA:0,(anonymous_8)
FNDA:0,(anonymous_9)
FNDA:0,(anonymous_10)
FNDA:0,(anonymous_11)
FNDA:0,(anonymous_12)
FNDA:0,(anonymous_13)
FNDA:0,(anonymous_14)
FNDA:0,(anonymous_15)
FNDA:0,(anonymous_16)
FNDA:0,(anonymous_17)
FNDA:0,(anonymous_18)
DA:17,0
DA:22,0
DA:25,0
DA:28,0
DA:34,0
DA:35,0
DA:36,0
DA:37,0
DA:38,0
DA:43,0
DA:47,0
DA:69,0
DA:73,0
DA:77,0
DA:85,0
DA:96,0
DA:98,0
DA:99,0
DA:106,0
DA:110,0
DA:111,0
DA:116,0
DA:117,0
DA:121,0
DA:122,0
DA:127,0
DA:128,0
DA:133,0
DA:138,0
DA:139,0
DA:143,0
DA:144,0
DA:149,0
DA:150,0
DA:154,0
DA:155,0
DA:157,0
DA:164,0
DA:167,0
DA:168,0
DA:172,0
DA:173,0
DA:177,0
DA:181,0
DA:184,0
DA:189,0
DA:191,0
DA:206,0
DA:207,0
DA:208,0
DA:215,0
DA:219,0
DA:230,0
DA:233,0
DA:234,0
DA:235,0
DA:236,0
DA:237,0
DA:241,0
DA:242,0
DA:243,0
DA:244,0
DA:246,0
DA:247,0
DA:248,0
DA:250,0
DA:252,0
DA:254,0
DA:255,0
DA:257,0
DA:258,0
DA:259,0
DA:260,0
DA:261,0
DA:264,0
DA:265,0
DA:268,0
DA:269,0
DA:280,0
LF:79
LH:0
BRDA:35,0,0,0
BRDA:35,0,1,0
BRDA:36,1,0,0
BRDA:36,1,1,0
BRDA:37,2,0,0
BRDA:37,2,1,0
BRDA:73,3,0,0
BRDA:73,3,1,0
BRDA:78,4,0,0
BRDA:78,4,1,0
BRDA:78,4,2,0
BRDA:86,5,0,0
BRDA:86,5,1,0
BRDA:86,5,2,0
BRDA:86,5,3,0
BRDA:110,6,0,0
BRDA:121,7,0,0
BRDA:143,8,0,0
BRDA:154,9,0,0
BRDA:172,10,0,0
BRDA:181,11,0,0
BRDA:207,12,0,0
BRDA:207,13,0,0
BRDA:207,13,1,0
BRDA:233,14,0,0
BRDA:233,15,0,0
BRDA:233,15,1,0
BRDA:235,16,0,0
BRDA:236,17,0,0
BRDA:241,18,0,0
BRDA:241,18,1,0
BRDA:243,19,0,0
BRDA:246,20,0,0
BRDA:246,20,1,0
BRDA:247,21,0,0
BRDA:254,22,0,0
BRDA:254,22,1,0
BRDA:257,23,0,0
BRDA:258,24,0,0
BRDA:258,24,1,0
BRDA:261,25,0,0
BRDA:264,26,0,0
BRDA:265,27,0,0
BRF:43
BRH:0
end_of_record
TN:
SF:src\attendance\dto\create-attendance.dto.ts
FNF:0
FNH:0
DA:1,0
DA:4,0
DA:11,0
LF:3
LH:0
BRF:0
BRH:0
end_of_record
TN:
SF:src\attendance\dto\list-attendance.dto.ts
FNF:0
FNH:0
DA:1,0
DA:3,0
DA:5,0
LF:3
LH:0
BRF:0
BRH:0
end_of_record
TN:
SF:src\auth\auth.controller.ts
FN:17,(anonymous_4)
FN:25,(anonymous_5)
FN:34,(anonymous_6)
FNF:3
FNH:0
FNDA:0,(anonymous_4)
FNDA:0,(anonymous_5)
FNDA:0,(anonymous_6)
DA:6,0
DA:7,0
DA:9,0
DA:10,0
DA:11,0
DA:12,0
DA:16,0
DA:17,0
DA:25,0
DA:26,0
DA:34,0
DA:38,0
LF:12
LH:0
BRF:0
BRH:0
end_of_record
TN:
SF:src\auth\auth.module.ts
FNF:0
FNH:0
DA:20,0
DA:21,0
DA:22,0
DA:23,0
DA:24,0
DA:31,0
LF:6
LH:0
BRF:0
BRH:0
end_of_record
TN:
SF:src\auth\auth.service.ts
FN:28,(anonymous_2)
FN:34,(anonymous_3)
FN:51,(anonymous_4)
FNF:3
FNH:0
FNDA:0,(anonymous_2)
FNDA:0,(anonymous_3)
FNDA:0,(anonymous_4)
DA:5,0
DA:6,0
DA:10,0
DA:27,0
DA:28,0
DA:35,0
DA:40,0
DA:41,0
DA:44,0
DA:52,0
DA:57,0
DA:58,0
DA:61,0
LF:13
LH:0
BRDA:40,0,0,0
BRDA:57,1,0,0
BRF:2
BRH:0
end_of_record
TN:
SF:src\auth\decorators\current-user.decorator.ts
FN:9,(anonymous_0)
FNF:1
FNH:0
FNDA:0,(anonymous_0)
DA:1,1
DA:8,1
DA:10,0
DA:11,0
LF:4
LH:2
BRF:0
BRH:0
end_of_record
TN:
SF:src\auth\decorators\public.decorator.ts
FN:9,(anonymous_0)
FNF:1
FNH:0
FNDA:0,(anonymous_0)
DA:1,0
DA:3,0
DA:9,0
LF:3
LH:0
BRF:0
BRH:0
end_of_record
TN:
SF:src\auth\decorators\roles.decorator.ts
FN:10,(anonymous_0)
FNF:1
FNH:1
FNDA:8,(anonymous_0)
DA:1,1
DA:4,1
DA:10,8
LF:3
LH:3
BRF:0
BRH:0
end_of_record
TN:
SF:src\auth\dto\update-me.dto.ts
FNF:0
FNH:0
DA:1,0
DA:8,0
LF:2
LH:0
BRF:0
BRH:0
end_of_record
TN:
SF:src\auth\guards\keycloak.guard.ts
FN:21,(anonymous_2)
FN:23,(anonymous_3)
FN:56,(anonymous_4)
FNF:3
FNH:0
FNDA:0,(anonymous_2)
FNDA:0,(anonymous_3)
FNDA:0,(anonymous_4)
DA:7,0
DA:13,0
DA:15,0
DA:16,0
DA:17,0
DA:20,0
DA:21,0
DA:25,0
DA:29,0
DA:31,0
DA:32,0
DA:34,0
DA:35,0
DA:38,0
DA:39,0
DA:40,0
DA:43,0
DA:45,0
DA:50,0
DA:52,0
DA:57,0
DA:58,0
DA:59,0
LF:23
LH:0
BRDA:29,0,0,0
BRDA:34,1,0,0
BRDA:58,2,0,0
BRF:3
BRH:0
end_of_record
TN:
SF:src\auth\guards\roles.guard.ts
FN:21,(anonymous_2)
FN:23,(anonymous_3)
FN:49,(anonymous_4)
FNF:3
FNH:0
FNDA:0,(anonymous_2)
FNDA:0,(anonymous_3)
FNDA:0,(anonymous_4)
DA:7,0
DA:13,0
DA:16,0
DA:17,0
DA:20,0
DA:21,0
DA:25,0
DA:29,0
DA:31,0
DA:37,0
DA:39,0
DA:42,0
DA:45,0
DA:46,0
DA:49,0
DA:50,0
DA:53,0
DA:54,0
DA:57,0
LF:19
LH:0
BRDA:29,0,0,0
BRDA:37,1,0,0
BRDA:37,2,0,0
BRDA:37,2,1,0
BRDA:45,3,0,0
BRDA:53,4,0,0
BRF:6
BRH:0
end_of_record
TN:
SF:src\common\filters\http-exception.filter.ts
FN:27,(anonymous_1)
FNF:1
FNH:0
FNDA:0,(anonymous_1)
DA:6,0
DA:14,0
DA:26,0
DA:28,0
DA:29,0
DA:30,0
DA:32,0
DA:33,0
DA:34,0
DA:36,0
DA:37,0
DA:38,0
DA:40,0
DA:41,0
DA:42,0
DA:43,0
DA:44,0
DA:45,0
DA:47,0
DA:49,0
DA:50,0
DA:53,0
DA:59,0
DA:67,0
LF:24
LH:0
BRDA:36,0,0,0
BRDA:36,0,1,0
BRDA:40,1,0,0
BRDA:40,1,1,0
BRDA:42,2,0,0
BRDA:42,3,0,0
BRDA:42,3,1,0
BRDA:44,4,0,0
BRDA:44,4,1,0
BRDA:45,5,0,0
BRDA:45,5,1,0
BRDA:47,6,0,0
BRDA:49,7,0,0
BRF:13
BRH:0
end_of_record
TN:
SF:src\common\filters\prisma-exception.filter.ts
FN:44,(anonymous_1)
FNF:1
FNH:0
FNDA:0,(anonymous_1)
DA:14,0
DA:20,0
DA:22,0
DA:24,0
DA:43,0
DA:45,0
DA:46,0
DA:47,0
DA:49,0
DA:51,0
DA:52,0
DA:60,0
DA:64,0
DA:69,0
LF:14
LH:0
BRDA:51,0,0,0
BRF:1
BRH:0
end_of_record
TN:
SF:src\common\interceptors\logging.interceptor.ts
FN:21,(anonymous_1)
FN:28,(anonymous_2)
FN:39,(anonymous_3)
FNF:3
FNH:0
FNDA:0,(anonymous_1)
FNDA:0,(anonymous_2)
FNDA:0,(anonymous_3)
DA:5,0
DA:12,0
DA:14,0
DA:16,0
DA:19,0
DA:22,0
DA:23,0
DA:24,0
DA:26,0
DA:29,0
DA:30,0
DA:31,0
DA:40,0
DA:41,0
LF:14
LH:0
BRF:0
BRH:0
end_of_record
TN:
SF:src\common\pipes\zod-validation.pipe.ts
FN:14,(anonymous_0)
FN:16,(anonymous_1)
FN:24,(anonymous_2)
FN:44,ZodPipe
FNF:4
FNH:2
FNDA:3,(anonymous_0)
FNDA:0,(anonymous_1)
FNDA:0,(anonymous_2)
FNDA:3,ZodPipe
DA:6,1
DA:13,1
DA:14,3
DA:18,0
DA:19,0
DA:21,0
DA:23,0
DA:24,0
DA:29,0
DA:36,0
DA:44,1
DA:45,3
LF:12
LH:5
BRDA:18,0,0,0
BRDA:19,1,0,0
BRDA:23,2,0,0
BRF:3
BRH:0
end_of_record
TN:
SF:src\config\env.validation.ts
FN:58,validateEnv
FNF:1
FNH:0
FNDA:0,validateEnv
DA:7,0
DA:13,0
DA:58,0
DA:59,0
DA:61,0
DA:62,0
DA:63,0
DA:64,0
DA:67,0
LF:9
LH:0
BRDA:61,0,0,0
BRF:1
BRH:0
end_of_record
TN:
SF:src\coverage-chatbot\lcov-report\block-navigation.js
FN:2,init
FN:24,toggleClass
FN:31,makeCurrent
FN:41,goToPrevious
FN:52,goToNext
FN:65,jump
FNF:6
FNH:0
FNDA:0,init
FNDA:0,toggleClass
FNDA:0,makeCurrent
FNDA:0,goToPrevious
FNDA:0,goToNext
FNDA:0,jump
DA:2,0
DA:4,0
DA:7,0
DA:10,0
DA:14,0
DA:20,0
DA:25,0
DA:28,0
DA:32,0
DA:33,0
DA:34,0
DA:42,0
DA:43,0
DA:44,0
DA:45,0
DA:46,0
DA:49,0
DA:53,0
DA:55,0
DA:59,0
DA:62,0
DA:65,0
DA:66,0
DA:71,0
DA:74,0
DA:77,0
DA:78,0
DA:82,0
DA:83,0
DA:87,0
LF:30
LH:0
BRDA:43,0,0,0
BRDA:43,0,1,0
BRDA:43,1,0,0
BRDA:43,1,1,0
BRDA:45,2,0,0
BRDA:45,2,1,0
BRDA:55,3,0,0
BRDA:55,3,1,0
BRDA:56,4,0,0
BRDA:56,4,1,0
BRDA:66,5,0,0
BRDA:66,5,1,0
BRDA:67,6,0,0
BRDA:67,6,1,0
BRDA:74,7,0,0
BRDA:74,7,1,0
BRDA:74,7,2,0
BRDA:74,7,3,0
BRDA:74,7,4,0
BRF:19
BRH:0
end_of_record
TN:
SF:src\coverage-chatbot\lcov-report\prettify.js
FN:2,(anonymous_0)
FN:2,k
FN:2,ab
FN:2,T
FN:2,X
FN:2,(anonymous_5)
FN:2,W
FN:2,(anonymous_7)
FN:2,a
FN:2,aa
FN:2,B
FN:2,o
FN:2,g
FN:2,(anonymous_13)
FN:2,(anonymous_14)
FN:2,i
FN:2,Q
FN:2,ae
FN:2,ad
FN:2,ai
FN:2,D
FN:2,c
FN:2,q
FN:2,d
FN:2,y
FN:2,b
FN:2,Y
FN:2,(anonymous_27)
FN:2,U
FNF:29
FNH:0
FNDA:0,(anonymous_0)
FNDA:0,k
FNDA:0,ab
FNDA:0,T
FNDA:0,X
FNDA:0,(anonymous_5)
FNDA:0,W
FNDA:0,(anonymous_7)
FNDA:0,a
FNDA:0,aa
FNDA:0,B
FNDA:0,o
FNDA:0,g
FNDA:0,(anonymous_13)
FNDA:0,(anonymous_14)
FNDA:0,i
FNDA:0,Q
FNDA:0,ae
FNDA:0,ad
FNDA:0,ai
FNDA:0,D
FNDA:0,c
FNDA:0,q
FNDA:0,d
FNDA:0,y
FNDA:0,b
FNDA:0,Y
FNDA:0,(anonymous_27)
FNDA:0,U
DA:2,0
LF:1
LH:0
BRDA:2,0,0,0
BRDA:2,0,1,0
BRDA:2,1,0,0
BRDA:2,1,1,0
BRDA:2,2,0,0
BRDA:2,2,1,0
BRDA:2,3,0,0
BRDA:2,3,1,0
BRDA:2,4,0,0
BRDA:2,4,1,0
BRDA:2,5,0,0
BRDA:2,5,1,0
BRDA:2,6,0,0
BRDA:2,6,1,0
BRDA:2,7,0,0
BRDA:2,7,1,0
BRDA:2,8,0,0
BRDA:2,8,1,0
BRDA:2,9,0,0
BRDA:2,9,1,0
BRDA:2,10,0,0
BRDA:2,10,1,0
BRDA:2,11,0,0
BRDA:2,11,1,0
BRDA:2,11,2,0
BRDA:2,11,3,0
BRDA:2,12,0,0
BRDA:2,12,1,0
BRDA:2,13,0,0
BRDA:2,13,1,0
BRDA:2,14,0,0
BRDA:2,14,1,0
BRDA:2,15,0,0
BRDA:2,15,1,0
BRDA:2,16,0,0
BRDA:2,16,1,0
BRDA:2,17,0,0
BRDA:2,17,1,0
BRDA:2,18,0,0
BRDA:2,18,1,0
BRDA:2,19,0,0
BRDA:2,19,1,0
BRDA:2,20,0,0
BRDA:2,20,1,0
BRDA:2,21,0,0
BRDA:2,21,1,0
BRDA:2,22,0,0
BRDA:2,22,1,0
BRDA:2,23,0,0
BRDA:2,23,1,0
BRDA:2,24,0,0
BRDA:2,24,1,0
BRDA:2,25,0,0
BRDA:2,25,1,0
BRDA:2,26,0,0
BRDA:2,26,1,0
BRDA:2,27,0,0
BRDA:2,27,1,0
BRDA:2,28,0,0
BRDA:2,28,1,0
BRDA:2,29,0,0
BRDA:2,29,1,0
BRDA:2,30,0,0
BRDA:2,30,1,0
BRDA:2,31,0,0
BRDA:2,31,1,0
BRDA:2,32,0,0
BRDA:2,32,1,0
BRDA:2,33,0,0
BRDA:2,33,1,0
BRDA:2,34,0,0
BRDA:2,34,1,0
BRDA:2,35,0,0
BRDA:2,35,1,0
BRDA:2,36,0,0
BRDA:2,36,1,0
BRDA:2,37,0,0
BRDA:2,37,1,0
BRDA:2,38,0,0
BRDA:2,38,1,0
BRDA:2,39,0,0
BRDA:2,39,1,0
BRDA:2,40,0,0
BRDA:2,40,1,0
BRDA:2,41,0,0
BRDA:2,41,1,0
BRDA:2,42,0,0
BRDA:2,42,1,0
BRDA:2,43,0,0
BRDA:2,43,1,0
BRDA:2,44,0,0
BRDA:2,44,1,0
BRDA:2,45,0,0
BRDA:2,45,1,0
BRDA:2,46,0,0
BRDA:2,46,1,0
BRDA:2,47,0,0
BRDA:2,47,1,0
BRDA:2,48,0,0
BRDA:2,48,1,0
BRDA:2,49,0,0
BRDA:2,49,1,0
BRDA:2,50,0,0
BRDA:2,50,1,0
BRDA:2,50,2,0
BRDA:2,51,0,0
BRDA:2,51,1,0
BRDA:2,52,0,0
BRDA:2,52,1,0
BRDA:2,53,0,0
BRDA:2,53,1,0
BRDA:2,54,0,0
BRDA:2,54,1,0
BRDA:2,55,0,0
BRDA:2,55,1,0
BRDA:2,56,0,0
BRDA:2,56,1,0
BRDA:2,57,0,0
BRDA:2,57,1,0
BRDA:2,58,0,0
BRDA:2,58,1,0
BRDA:2,59,0,0
BRDA:2,59,1,0
BRDA:2,60,0,0
BRDA:2,60,1,0
BRDA:2,61,0,0
BRDA:2,61,1,0
BRDA:2,62,0,0
BRDA:2,62,1,0
BRDA:2,63,0,0
BRDA:2,63,1,0
BRDA:2,64,0,0
BRDA:2,64,1,0
BRDA:2,65,0,0
BRDA:2,65,1,0
BRDA:2,66,0,0
BRDA:2,66,1,0
BRDA:2,67,0,0
BRDA:2,67,1,0
BRDA:2,68,0,0
BRDA:2,68,1,0
BRDA:2,69,0,0
BRDA:2,69,1,0
BRDA:2,70,0,0
BRDA:2,70,1,0
BRDA:2,71,0,0
BRDA:2,71,1,0
BRDA:2,72,0,0
BRDA:2,72,1,0
BRDA:2,73,0,0
BRDA:2,73,1,0
BRDA:2,74,0,0
BRDA:2,74,1,0
BRDA:2,75,0,0
BRDA:2,75,1,0
BRDA:2,76,0,0
BRDA:2,76,1,0
BRDA:2,77,0,0
BRDA:2,77,1,0
BRDA:2,78,0,0
BRDA:2,78,1,0
BRDA:2,79,0,0
BRDA:2,79,1,0
BRDA:2,80,0,0
BRDA:2,80,1,0
BRDA:2,81,0,0
BRDA:2,81,1,0
BRDA:2,82,0,0
BRDA:2,82,1,0
BRDA:2,83,0,0
BRDA:2,83,1,0
BRDA:2,84,0,0
BRDA:2,84,1,0
BRDA:2,85,0,0
BRDA:2,85,1,0
BRDA:2,86,0,0
BRDA:2,86,1,0
BRDA:2,87,0,0
BRDA:2,87,1,0
BRDA:2,88,0,0
BRDA:2,88,1,0
BRDA:2,89,0,0
BRDA:2,89,1,0
BRDA:2,89,2,0
BRDA:2,90,0,0
BRDA:2,90,1,0
BRDA:2,91,0,0
BRDA:2,91,1,0
BRDA:2,92,0,0
BRDA:2,92,1,0
BRDA:2,93,0,0
BRDA:2,93,1,0
BRDA:2,94,0,0
BRDA:2,94,1,0
BRDA:2,95,0,0
BRDA:2,95,1,0
BRDA:2,96,0,0
BRDA:2,96,1,0
BRDA:2,97,0,0
BRDA:2,97,1,0
BRDA:2,98,0,0
BRDA:2,98,1,0
BRDA:2,99,0,0
BRDA:2,99,1,0
BRDA:2,100,0,0
BRDA:2,100,1,0
BRDA:2,101,0,0
BRDA:2,101,1,0
BRDA:2,102,0,0
BRDA:2,102,1,0
BRDA:2,103,0,0
BRDA:2,103,1,0
BRDA:2,104,0,0
BRDA:2,104,1,0
BRDA:2,105,0,0
BRDA:2,105,1,0
BRDA:2,106,0,0
BRDA:2,106,1,0
BRDA:2,107,0,0
BRDA:2,107,1,0
BRDA:2,108,0,0
BRDA:2,108,1,0
BRDA:2,109,0,0
BRDA:2,109,1,0
BRDA:2,110,0,0
BRDA:2,110,1,0
BRDA:2,111,0,0
BRDA:2,111,1,0
BRDA:2,112,0,0
BRDA:2,112,1,0
BRDA:2,113,0,0
BRDA:2,113,1,0
BRDA:2,114,0,0
BRDA:2,114,1,0
BRDA:2,115,0,0
BRDA:2,115,1,0
BRDA:2,116,0,0
BRDA:2,116,1,0
BRDA:2,117,0,0
BRDA:2,117,1,0
BRDA:2,118,0,0
BRDA:2,118,1,0
BRDA:2,119,0,0
BRDA:2,119,1,0
BRDA:2,120,0,0
BRDA:2,120,1,0
BRDA:2,121,0,0
BRDA:2,121,1,0
BRDA:2,122,0,0
BRDA:2,122,1,0
BRDA:2,123,0,0
BRDA:2,123,1,0
BRDA:2,124,0,0
BRDA:2,124,1,0
BRDA:2,125,0,0
BRDA:2,125,1,0
BRDA:2,126,0,0
BRDA:2,126,1,0
BRDA:2,127,0,0
BRDA:2,127,1,0
BRDA:2,128,0,0
BRDA:2,128,1,0
BRDA:2,128,2,0
BRDA:2,129,0,0
BRDA:2,129,1,0
BRDA:2,130,0,0
BRDA:2,130,1,0
BRDA:2,131,0,0
BRDA:2,131,1,0
BRDA:2,131,2,0
BRDA:2,131,3,0
BRDA:2,131,4,0
BRDA:2,132,0,0
BRDA:2,132,1,0
BRDA:2,133,0,0
BRDA:2,133,1,0
BRDA:2,134,0,0
BRDA:2,134,1,0
BRDA:2,135,0,0
BRDA:2,135,1,0
BRDA:2,136,0,0
BRDA:2,136,1,0
BRDA:2,137,0,0
BRDA:2,137,1,0
BRDA:2,138,0,0
BRDA:2,138,1,0
BRF:286
BRH:0
end_of_record
TN:
SF:src\coverage-chatbot\lcov-report\sorter.js
FN:2,(anonymous_0)
FN:11,getTable
FN:15,getTableHeader
FN:19,getTableBody
FN:23,getNthColumn
FN:27,onFilterInput
FN:59,addSearchBox
FN:67,loadColumns
FN:92,loadRowData
FN:111,loadData
FN:120,sortByIndex
FN:122,(anonymous_11)
FN:134,(anonymous_12)
FN:151,removeSortIndicators
FN:159,addSortIndicators
FN:165,enableUI
FN:168,ithSorter
FN:171,(anonymous_17)
FN:198,(anonymous_18)
FNF:19
FNH:0
FNDA:0,(anonymous_0)
FNDA:0,getTable
FNDA:0,getTableHeader
FNDA:0,getTableBody
FNDA:0,getNthColumn
FNDA:0,onFilterInput
FNDA:0,addSearchBox
FNDA:0,loadColumns
FNDA:0,loadRowData
FNDA:0,loadData
FNDA:0,sortByIndex
FNDA:0,(anonymous_11)
FNDA:0,(anonymous_12)
FNDA:0,removeSortIndicators
FNDA:0,addSortIndicators
FNDA:0,enableUI
FNDA:0,ithSorter
FNDA:0,(anonymous_17)
FNDA:0,(anonymous_18)
DA:2,0
DA:5,0
DA:12,0
DA:16,0
DA:20,0
DA:24,0
DA:28,0
DA:29,0
DA:34,0
DA:35,0
DA:37,0
DA:40,0
DA:41,0
DA:42,0
DA:44,0
DA:46,0
DA:49,0
DA:54,0
DA:60,0
DA:61,0
DA:62,0
DA:63,0
DA:68,0
DA:70,0
DA:74,0
DA:75,0
DA:76,0
DA:81,0
DA:82,0
DA:83,0
DA:84,0
DA:88,0
DA:93,0
DA:96,0
DA:99,0
DA:100,0
DA:101,0
DA:102,0
DA:103,0
DA:104,0
DA:106,0
DA:108,0
DA:112,0
DA:115,0
DA:116,0
DA:121,0
DA:122,0
DA:123,0
DA:124,0
DA:125,0
DA:127,0
DA:128,0
DA:129,0
DA:130,0
DA:133,0
DA:134,0
DA:135,0
DA:139,0
DA:140,0
DA:141,0
DA:144,0
DA:146,0
DA:147,0
DA:152,0
DA:153,0
DA:155,0
DA:156,0
DA:160,0
DA:168,0
DA:169,0
DA:171,0
DA:172,0
DA:174,0
DA:175,0
DA:177,0
DA:178,0
DA:179,0
DA:180,0
DA:181,0
DA:184,0
DA:185,0
DA:188,0
DA:189,0
DA:190,0
DA:192,0
DA:198,0
DA:199,0
DA:200,0
DA:202,0
DA:203,0
DA:204,0
DA:205,0
DA:206,0
DA:210,0
LF:94
LH:0
BRDA:44,0,0,0
BRDA:44,0,1,0
BRDA:54,1,0,0
BRDA:54,1,1,0
BRDA:79,2,0,0
BRDA:79,2,1,0
BRDA:82,3,0,0
BRDA:82,3,1,0
BRDA:103,4,0,0
BRDA:103,4,1,0
BRDA:125,5,0,0
BRDA:125,5,1,0
BRDA:125,6,0,0
BRDA:125,6,1,0
BRDA:133,7,0,0
BRDA:133,7,1,0
BRDA:160,8,0,0
BRDA:160,8,1,0
BRDA:174,9,0,0
BRDA:174,9,1,0
BRDA:185,10,0,0
BRDA:185,10,1,0
BRDA:189,11,0,0
BRDA:189,11,1,0
BRDA:199,12,0,0
BRDA:199,12,1,0
BRF:26
BRH:0
end_of_record
TN:
SF:src\events\events.types.ts
FNF:0
FNH:0
DA:11,0
LF:1
LH:0
BRF:0
BRH:0
end_of_record
TN:
SF:src\finance\finance.controller.ts
FN:34,(anonymous_4)
FN:43,(anonymous_5)
FN:56,(anonymous_6)
FN:68,(anonymous_7)
FN:80,(anonymous_8)
FN:94,(anonymous_9)
FNF:6
FNH:0
FNDA:0,(anonymous_4)
FNDA:0,(anonymous_5)
FNDA:0,(anonymous_6)
FNDA:0,(anonymous_7)
FNDA:0,(anonymous_8)
FNDA:0,(anonymous_9)
DA:11,0
DA:24,0
DA:25,0
DA:26,0
DA:27,0
DA:28,0
DA:29,0
DA:30,0
DA:33,0
DA:34,0
DA:43,0
DA:47,0
DA:56,0
DA:57,0
DA:58,0
DA:59,0
DA:68,0
DA:69,0
DA:70,0
DA:71,0
DA:80,0
DA:84,0
DA:94,0
DA:98,0
LF:24
LH:0
BRDA:58,0,0,0
BRDA:70,1,0,0
BRF:2
BRH:0
end_of_record
TN:
SF:src\finance\finance.module.ts
FNF:0
FNH:0
DA:1,0
DA:2,0
DA:3,0
DA:9,0
LF:4
LH:0
BRF:0
BRH:0
end_of_record
TN:
SF:src\finance\finance.service.ts
FN:64,isElevated
FN:65,(anonymous_3)
FN:68,isSiswaOnly
FN:76,isOrangTuaOnly
FN:89,(anonymous_6)
FN:97,(anonymous_7)
FN:107,(anonymous_8)
FN:118,(anonymous_9)
FN:127,(anonymous_10)
FN:132,(anonymous_11)
FN:169,(anonymous_12)
FN:204,(anonymous_13)
FN:217,(anonymous_14)
FN:228,(anonymous_15)
FN:262,(anonymous_16)
FNF:15
FNH:0
FNDA:0,isElevated
FNDA:0,(anonymous_3)
FNDA:0,isSiswaOnly
FNDA:0,isOrangTuaOnly
FNDA:0,(anonymous_6)
FNDA:0,(anonymous_7)
FNDA:0,(anonymous_8)
FNDA:0,(anonymous_9)
FNDA:0,(anonymous_10)
FNDA:0,(anonymous_11)
FNDA:0,(anonymous_12)
FNDA:0,(anonymous_13)
FNDA:0,(anonymous_14)
FNDA:0,(anonymous_15)
FNDA:0,(anonymous_16)
DA:18,0
DA:24,0
DA:27,0
DA:31,0
DA:35,0
DA:39,0
DA:65,0
DA:69,0
DA:77,0
DA:88,0
DA:90,0
DA:91,0
DA:98,0
DA:102,0
DA:103,0
DA:108,0
DA:109,0
DA:113,0
DA:114,0
DA:119,0
DA:120,0
DA:124,0
DA:125,0
DA:127,0
DA:133,0
DA:136,0
DA:152,0
DA:153,0
DA:161,0
DA:164,0
DA:170,0
DA:172,0
DA:173,0
DA:175,0
DA:177,0
DA:178,0
DA:180,0
DA:181,0
DA:184,0
DA:187,0
DA:188,0
DA:199,0
DA:205,0
DA:206,0
DA:207,0
DA:209,0
DA:217,0
DA:229,0
DA:231,0
DA:232,0
DA:233,0
DA:235,0
DA:237,0
DA:238,0
DA:239,0
DA:245,0
DA:249,0
DA:251,0
DA:257,0
DA:263,0
DA:265,0
DA:269,0
DA:270,0
DA:271,0
DA:274,0
LF:65
LH:0
BRDA:70,0,0,0
BRDA:70,0,1,0
BRDA:70,0,2,0
BRDA:78,1,0,0
BRDA:78,1,1,0
BRDA:78,1,2,0
BRDA:78,1,3,0
BRDA:102,2,0,0
BRDA:113,3,0,0
BRDA:124,4,0,0
BRDA:144,5,0,0
BRDA:144,5,1,0
BRDA:144,6,0,0
BRDA:144,6,1,0
BRDA:152,7,0,0
BRDA:152,8,0,0
BRDA:152,8,1,0
BRDA:159,9,0,0
BRDA:159,9,1,0
BRDA:172,10,0,0
BRDA:173,11,0,0
BRDA:175,12,0,0
BRDA:175,12,1,0
BRDA:178,13,0,0
BRDA:178,13,1,0
BRDA:184,14,0,0
BRDA:206,15,0,0
BRDA:207,16,0,0
BRDA:221,17,0,0
BRDA:221,17,1,0
BRDA:229,18,0,0
BRDA:229,18,1,0
BRDA:232,19,0,0
BRDA:235,20,0,0
BRDA:238,21,0,0
BRDA:249,22,0,0
BRDA:269,23,0,0
BRDA:270,24,0,0
BRF:38
BRH:0
end_of_record
TN:
SF:src\finance\dto\create-spp.dto.ts
FNF:0
FNH:0
DA:1,0
DA:5,0
LF:2
LH:0
BRF:0
BRH:0
end_of_record
TN:
SF:src\finance\dto\list-spp.dto.ts
FNF:0
FNH:0
DA:1,0
DA:3,0
LF:2
LH:0
BRF:0
BRH:0
end_of_record
TN:
SF:src\finance\dto\summary-spp.dto.ts
FNF:0
FNH:0
DA:1,0
DA:3,0
LF:2
LH:0
BRF:0
BRH:0
end_of_record
TN:
SF:src\grade\grade.controller.ts
FN:33,(anonymous_4)
FN:42,(anonymous_5)
FN:55,(anonymous_6)
FN:68,(anonymous_7)
FNF:4
FNH:0
FNDA:0,(anonymous_4)
FNDA:0,(anonymous_5)
FNDA:0,(anonymous_6)
FNDA:0,(anonymous_7)
DA:9,0
DA:23,0
DA:24,0
DA:25,0
DA:26,0
DA:27,0
DA:28,0
DA:29,0
DA:32,0
DA:33,0
DA:42,0
DA:46,0
DA:55,0
DA:56,0
DA:57,0
DA:58,0
DA:68,0
DA:73,0
LF:18
LH:0
BRDA:57,0,0,0
BRF:1
BRH:0
end_of_record
TN:
SF:src\grade\grade.module.ts
FNF:0
FNH:0
DA:1,0
DA:2,0
DA:3,0
DA:9,0
LF:4
LH:0
BRF:0
BRH:0
end_of_record
TN:
SF:src\grade\grade.service.ts
FN:75,isElevated
FN:76,(anonymous_3)
FN:79,isGuruOnly
FN:85,isSiswaOnly
FN:91,isOrangTuaOnly
FN:104,(anonymous_7)
FN:112,(anonymous_8)
FN:122,(anonymous_9)
FN:133,(anonymous_10)
FN:144,(anonymous_11)
FN:153,(anonymous_12)
FN:158,(anonymous_13)
FN:206,(anonymous_14)
FN:280,(anonymous_15)
FNF:14
FNH:0
FNDA:0,isElevated
FNDA:0,(anonymous_3)
FNDA:0,isGuruOnly
FNDA:0,isSiswaOnly
FNDA:0,isOrangTuaOnly
FNDA:0,(anonymous_7)
FNDA:0,(anonymous_8)
FNDA:0,(anonymous_9)
FNDA:0,(anonymous_10)
FNDA:0,(anonymous_11)
FNDA:0,(anonymous_12)
FNDA:0,(anonymous_13)
FNDA:0,(anonymous_14)
FNDA:0,(anonymous_15)
DA:18,0
DA:24,0
DA:27,0
DA:31,0
DA:35,0
DA:37,0
DA:41,0
DA:76,0
DA:80,0
DA:86,0
DA:92,0
DA:103,0
DA:105,0
DA:106,0
DA:113,0
DA:117,0
DA:118,0
DA:123,0
DA:124,0
DA:128,0
DA:129,0
DA:134,0
DA:135,0
DA:139,0
DA:140,0
DA:145,0
DA:146,0
DA:150,0
DA:151,0
DA:153,0
DA:159,0
DA:162,0
DA:163,0
DA:164,0
DA:165,0
DA:168,0
DA:169,0
DA:171,0
DA:173,0
DA:174,0
DA:175,0
DA:176,0
DA:178,0
DA:179,0
DA:181,0
DA:182,0
DA:185,0
DA:186,0
DA:189,0
DA:190,0
DA:201,0
DA:208,0
DA:211,0
DA:213,0
DA:217,0
DA:218,0
DA:219,0
DA:223,0
DA:227,0
DA:230,0
DA:231,0
DA:240,0
DA:241,0
DA:249,0
DA:264,0
DA:273,0
DA:275,0
DA:281,0
DA:285,0
DA:288,0
DA:290,0
DA:292,0
DA:293,0
DA:296,0
DA:297,0
DA:303,0
LF:76
LH:0
BRDA:81,0,0,0
BRDA:81,0,1,0
BRDA:87,1,0,0
BRDA:87,1,1,0
BRDA:87,1,2,0
BRDA:93,2,0,0
BRDA:93,2,1,0
BRDA:93,2,2,0
BRDA:93,2,3,0
BRDA:117,3,0,0
BRDA:128,4,0,0
BRDA:139,5,0,0
BRDA:150,6,0,0
BRDA:162,7,0,0
BRDA:163,8,0,0
BRDA:164,9,0,0
BRDA:165,10,0,0
BRDA:169,11,0,0
BRDA:171,12,0,0
BRDA:171,12,1,0
BRDA:176,13,0,0
BRDA:176,13,1,0
BRDA:179,14,0,0
BRDA:179,14,1,0
BRDA:185,15,0,0
BRDA:186,16,0,0
BRDA:217,17,0,0
BRDA:218,18,0,0
BRDA:227,19,0,0
BRDA:230,20,0,0
BRDA:230,21,0,0
BRDA:230,21,1,0
BRDA:240,22,0,0
BRDA:285,23,0,0
BRDA:288,24,0,0
BRDA:292,25,0,0
BRDA:296,26,0,0
BRF:37
BRH:0
end_of_record
TN:
SF:src\grade\dto\create-grade.dto.ts
FNF:0
FNH:0
DA:1,0
DA:5,0
LF:2
LH:0
BRF:0
BRH:0
end_of_record
TN:
SF:src\grade\dto\list-grades.dto.ts
FNF:0
FNH:0
DA:1,0
DA:3,0
LF:2
LH:0
BRF:0
BRH:0
end_of_record
TN:
SF:src\grade\dto\update-grade.dto.ts
FN:11,(anonymous_0)
FNF:1
FNH:0
FNDA:0,(anonymous_0)
DA:1,0
DA:5,0
DA:11,0
LF:3
LH:0
BRDA:11,0,0,0
BRDA:11,0,1,0
BRF:2
BRH:0
end_of_record
TN:
SF:src\health\health.controller.ts
FN:18,(anonymous_2)
FN:32,(anonymous_3)
FN:35,(anonymous_4)
FN:38,(anonymous_5)
FN:41,(anonymous_6)
FNF:5
FNH:0
FNDA:0,(anonymous_2)
FNDA:0,(anonymous_3)
FNDA:0,(anonymous_4)
FNDA:0,(anonymous_5)
FNDA:0,(anonymous_6)
DA:6,0
DA:7,0
DA:13,0
DA:14,0
DA:17,0
DA:19,0
DA:20,0
DA:21,0
DA:22,0
DA:32,0
DA:33,0
DA:35,0
DA:38,0
DA:41,0
LF:14
LH:0
BRF:0
BRH:0
end_of_record
TN:
SF:src\health\health.module.ts
FNF:0
FNH:0
DA:1,0
DA:2,0
DA:3,0
DA:9,0
LF:4
LH:0
BRF:0
BRH:0
end_of_record
TN:
SF:src\metrics\counters.ts
FN:9,getOrCreateCounter
FNF:1
FNH:0
FNDA:0,getOrCreateCounter
DA:7,0
DA:14,0
DA:15,0
DA:16,0
DA:23,0
LF:5
LH:0
BRDA:15,0,0,0
BRF:1
BRH:0
end_of_record
TN:
SF:src\metrics\metrics.controller.ts
FN:14,(anonymous_4)
FN:23,(anonymous_5)
FNF:2
FNH:0
FNDA:0,(anonymous_4)
FNDA:0,(anonymous_5)
DA:7,0
DA:9,0
DA:10,0
DA:13,0
DA:14,0
DA:23,0
DA:24,0
DA:25,0
LF:8
LH:0
BRF:0
BRH:0
end_of_record
TN:
SF:src\metrics\metrics.module.ts
FNF:0
FNH:0
DA:1,0
DA:2,0
DA:3,0
DA:11,0
LF:4
LH:0
BRF:0
BRH:0
end_of_record
TN:
SF:src\metrics\metrics.service.ts
FN:10,(anonymous_1)
FN:21,(anonymous_2)
FN:25,(anonymous_3)
FNF:3
FNH:0
FNDA:0,(anonymous_1)
FNDA:0,(anonymous_2)
FNDA:0,(anonymous_3)
DA:5,0
DA:6,0
DA:9,0
DA:11,0
DA:15,0
DA:22,0
DA:26,0
LF:7
LH:0
BRF:0
BRH:0
end_of_record
TN:
SF:src\notification\notification.listener.ts
FN:30,(anonymous_2)
FN:38,(anonymous_3)
FN:50,(anonymous_4)
FN:82,(anonymous_5)
FN:108,(anonymous_6)
FN:158,(anonymous_7)
FN:182,(anonymous_8)
FN:210,(anonymous_9)
FNF:8
FNH:0
FNDA:0,(anonymous_2)
FNDA:0,(anonymous_3)
FNDA:0,(anonymous_4)
FNDA:0,(anonymous_5)
FNDA:0,(anonymous_6)
FNDA:0,(anonymous_7)
FNDA:0,(anonymous_8)
FNDA:0,(anonymous_9)
DA:14,0
DA:15,0
DA:16,0
DA:17,0
DA:18,0
DA:19,0
DA:29,0
DA:31,0
DA:32,0
DA:39,0
DA:43,0
DA:57,0
DA:66,0
DA:82,0
DA:83,0
DA:84,0
DA:88,0
DA:96,0
DA:108,0
DA:109,0
DA:110,0
DA:115,0
DA:116,0
DA:118,0
DA:120,0
DA:121,0
DA:132,0
DA:133,0
DA:144,0
DA:146,0
DA:158,0
DA:159,0
DA:160,0
DA:162,0
DA:170,0
DA:182,0
DA:183,0
DA:184,0
DA:186,0
DA:187,0
DA:195,0
DA:210,0
DA:211,0
DA:212,0
DA:214,0
DA:216,0
DA:217,0
DA:218,0
DA:220,0
DA:223,0
DA:234,0
DA:235,0
DA:246,0
DA:248,0
LF:54
LH:0
BRDA:43,0,0,0
BRDA:43,0,1,0
BRDA:67,1,0,0
BRDA:67,1,1,0
BRDA:68,2,0,0
BRDA:68,2,1,0
BRDA:69,3,0,0
BRDA:69,3,1,0
BRDA:70,4,0,0
BRDA:70,4,1,0
BRDA:71,5,0,0
BRDA:71,5,1,0
BRDA:84,6,0,0
BRDA:84,6,1,0
BRDA:90,7,0,0
BRDA:90,7,1,0
BRDA:98,8,0,0
BRDA:98,8,1,0
BRDA:112,9,0,0
BRDA:112,9,1,0
BRDA:120,10,0,0
BRDA:120,11,0,0
BRDA:120,11,1,0
BRDA:124,12,0,0
BRDA:124,12,1,0
BRDA:132,13,0,0
BRDA:132,14,0,0
BRDA:132,14,1,0
BRDA:136,15,0,0
BRDA:136,15,1,0
BRDA:148,16,0,0
BRDA:148,16,1,0
BRDA:164,17,0,0
BRDA:164,17,1,0
BRDA:172,18,0,0
BRDA:172,18,1,0
BRDA:186,19,0,0
BRDA:186,19,1,0
BRDA:189,20,0,0
BRDA:189,20,1,0
BRDA:197,21,0,0
BRDA:197,21,1,0
BRDA:216,22,0,0
BRDA:216,22,1,0
BRDA:217,23,0,0
BRDA:217,23,1,0
BRDA:226,24,0,0
BRDA:226,24,1,0
BRDA:234,25,0,0
BRDA:234,26,0,0
BRDA:234,26,1,0
BRDA:238,27,0,0
BRDA:238,27,1,0
BRDA:250,28,0,0
BRDA:250,28,1,0
BRF:55
BRH:0
end_of_record
TN:
SF:src\notification\notification.module.ts
FN:21,buildAdapter
FNF:1
FNH:0
FNDA:0,buildAdapter
DA:12,0
DA:14,0
DA:15,0
DA:16,0
DA:17,0
DA:18,0
DA:19,0
DA:22,0
DA:24,0
DA:25,0
DA:26,0
DA:27,0
DA:30,0
DA:31,0
DA:32,0
DA:33,0
DA:34,0
DA:35,0
DA:38,0
DA:53,0
LF:20
LH:0
BRDA:22,0,0,0
BRDA:22,0,1,0
BRDA:24,1,0,0
BRDA:26,2,0,0
BRDA:30,3,0,0
BRDA:31,4,0,0
BRDA:31,4,1,0
BRDA:32,5,0,0
BRDA:32,5,1,0
BRDA:33,6,0,0
BRDA:33,6,1,0
BRDA:34,7,0,0
BRDA:34,7,1,0
BRF:13
BRH:0
end_of_record
TN:
SF:src\notification\notification.service.ts
FN:34,(anonymous_4)
FN:44,(anonymous_5)
FN:73,(anonymous_6)
FN:99,(anonymous_7)
FN:118,(anonymous_8)
FNF:5
FNH:0
FNDA:0,(anonymous_4)
FNDA:0,(anonymous_5)
FNDA:0,(anonymous_6)
FNDA:0,(anonymous_7)
FNDA:0,(anonymous_8)
DA:15,0
DA:17,0
DA:18,0
DA:20,0
DA:21,0
DA:33,0
DA:35,0
DA:37,0
DA:45,0
DA:46,0
DA:47,0
DA:53,0
DA:54,0
DA:59,0
DA:60,0
DA:63,0
DA:64,0
DA:74,0
DA:77,0
DA:78,0
DA:82,0
DA:83,0
DA:84,0
DA:89,0
DA:94,0
DA:106,0
DA:107,0
DA:108,0
DA:113,0
DA:114,0
DA:115,0
DA:119,0
LF:32
LH:0
BRDA:53,0,0,0
BRDA:60,1,0,0
BRDA:60,1,1,0
BRDA:63,2,0,0
BRDA:63,2,1,0
BRDA:77,3,0,0
BRDA:77,4,0,0
BRDA:77,4,1,0
BRDA:82,5,0,0
BRDA:113,6,0,0
BRDA:113,6,1,0
BRF:11
BRH:0
end_of_record
TN:
SF:src\notification\adapters\fonnte.adapter.ts
FN:16,(anonymous_0)
FN:20,(anonymous_1)
FN:31,(anonymous_2)
FN:45,(anonymous_3)
FNF:4
FNH:0
FNDA:0,(anonymous_0)
FNDA:0,(anonymous_1)
FNDA:0,(anonymous_2)
FNDA:0,(anonymous_3)
DA:9,0
DA:11,0
DA:13,0
DA:17,0
DA:26,0
DA:27,0
DA:30,0
DA:31,0
DA:33,0
DA:34,0
DA:44,0
DA:45,0
DA:46,0
DA:49,0
DA:51,0
LF:15
LH:0
BRDA:26,0,0,0
BRDA:44,1,0,0
BRF:2
BRH:0
end_of_record
TN:
SF:src\notification\adapters\log.adapter.ts
FN:5,(anonymous_0)
FNF:1
FNH:0
FNDA:0,(anonymous_0)
DA:2,0
DA:4,0
DA:11,0
LF:3
LH:0
BRF:0
BRH:0
end_of_record
TN:
SF:src\notification\adapters\smtp.adapter.ts
FN:19,(anonymous_0)
FN:26,(anonymous_1)
FNF:2
FNH:0
FNDA:0,(anonymous_0)
FNDA:0,(anonymous_1)
DA:17,0
DA:20,0
DA:21,0
DA:22,0
DA:23,0
DA:32,0
LF:6
LH:0
BRF:0
BRH:0
end_of_record
TN:
SF:src\ppdb\ppdb.controller.ts
FN:39,(anonymous_4)
FN:49,(anonymous_5)
FN:73,(anonymous_6)
FN:85,(anonymous_7)
FN:94,(anonymous_8)
FN:103,(anonymous_9)
FN:116,(anonymous_10)
FNF:7
FNH:0
FNDA:0,(anonymous_4)
FNDA:0,(anonymous_5)
FNDA:0,(anonymous_6)
FNDA:0,(anonymous_7)
FNDA:0,(anonymous_8)
FNDA:0,(anonymous_9)
FNDA:0,(anonymous_10)
DA:14,0
DA:26,0
DA:28,0
DA:29,0
DA:30,0
DA:31,0
DA:32,0
DA:33,0
DA:34,0
DA:35,0
DA:38,0
DA:39,0
DA:49,0
DA:54,0
DA:55,0
DA:60,0
DA:65,0
DA:73,0
DA:74,0
DA:75,0
DA:76,0
DA:85,0
DA:86,0
DA:94,0
DA:95,0
DA:103,0
DA:107,0
DA:116,0
DA:120,0
LF:29
LH:0
BRDA:54,0,0,0
BRDA:60,1,0,0
BRDA:60,1,1,0
BRDA:60,1,2,0
BRDA:60,1,3,0
BRDA:75,2,0,0
BRF:6
BRH:0
end_of_record
TN:
SF:src\ppdb\ppdb.module.ts
FNF:0
FNH:0
DA:1,0
DA:2,0
DA:3,0
DA:9,0
LF:4
LH:0
BRF:0
BRH:0
end_of_record
TN:
SF:src\ppdb\ppdb.service.ts
FN:40,(anonymous_2)
FN:47,(anonymous_3)
FN:73,(anonymous_4)
FN:104,(anonymous_5)
FN:113,(anonymous_6)
FN:122,(anonymous_7)
FN:131,(anonymous_8)
FN:141,(anonymous_9)
FNF:8
FNH:0
FNDA:0,(anonymous_2)
FNDA:0,(anonymous_3)
FNDA:0,(anonymous_4)
FNDA:0,(anonymous_5)
FNDA:0,(anonymous_6)
FNDA:0,(anonymous_7)
FNDA:0,(anonymous_8)
FNDA:0,(anonymous_9)
DA:14,0
DA:15,0
DA:16,0
DA:22,0
DA:39,0
DA:40,0
DA:49,0
DA:52,0
DA:57,0
DA:59,0
DA:64,0
DA:70,0
DA:74,0
DA:75,0
DA:77,0
DA:90,0
DA:101,0
DA:105,0
DA:109,0
DA:110,0
DA:114,0
DA:115,0
DA:123,0
DA:124,0
DA:132,0
DA:140,0
DA:141,0
DA:144,0
DA:145,0
DA:147,0
LF:30
LH:0
BRDA:49,0,0,0
BRDA:49,1,0,0
BRDA:49,1,1,0
BRDA:78,2,0,0
BRDA:78,2,1,0
BRDA:79,3,0,0
BRDA:79,3,1,0
BRDA:80,4,0,0
BRDA:80,4,1,0
BRDA:80,5,0,0
BRDA:80,5,1,0
BRDA:83,6,0,0
BRDA:83,6,1,0
BRDA:84,7,0,0
BRDA:84,7,1,0
BRDA:109,8,0,0
BRDA:144,9,0,0
BRDA:144,9,1,0
BRDA:145,10,0,0
BRDA:145,10,1,0
BRF:20
BRH:0
end_of_record
TN:
SF:src\ppdb\dto\assign-lead.dto.ts
FNF:0
FNH:0
DA:1,0
DA:3,0
LF:2
LH:0
BRF:0
BRH:0
end_of_record
TN:
SF:src\ppdb\dto\list-leads.dto.ts
FNF:0
FNH:0
DA:1,0
DA:3,0
LF:2
LH:0
BRF:0
BRH:0
end_of_record
TN:
SF:src\ppdb\dto\submit-lead.dto.ts
FN:17,(anonymous_0)
FN:28,(anonymous_1)
FNF:2
FNH:0
FNDA:0,(anonymous_0)
FNDA:0,(anonymous_1)
DA:1,0
DA:12,0
DA:22,0
DA:23,0
DA:24,0
DA:25,0
DA:28,0
LF:7
LH:0
BRDA:23,0,0,0
BRDA:24,1,0,0
BRF:2
BRH:0
end_of_record
TN:
SF:src\ppdb\dto\update-status.dto.ts
FNF:0
FNH:0
DA:1,0
DA:3,0
LF:2
LH:0
BRF:0
BRH:0
end_of_record
TN:
SF:src\prisma\prisma.module.ts
FNF:0
FNH:0
DA:1,0
DA:2,0
DA:9,0
LF:3
LH:0
BRF:0
BRH:0
end_of_record
TN:
SF:src\prisma\prisma.service.ts
FN:7,(anonymous_1)
FN:12,(anonymous_2)
FNF:2
FNH:0
FNDA:0,(anonymous_1)
FNDA:0,(anonymous_2)
DA:1,1
DA:2,1
DA:3,1
DA:6,1
DA:8,0
DA:9,0
DA:13,0
DA:14,0
LF:8
LH:4
BRF:0
BRH:0
end_of_record
TN:
SF:src\rag\rag.module.ts
FNF:0
FNH:0
DA:1,0
DA:2,0
DA:8,0
LF:3
LH:0
BRF:0
BRH:0
end_of_record
TN:
SF:src\rag\rag.service.ts
FN:31,(anonymous_2)
FN:33,(anonymous_3)
FN:53,(anonymous_4)
FN:76,(anonymous_5)
FNF:4
FNH:0
FNDA:0,(anonymous_2)
FNDA:0,(anonymous_3)
FNDA:0,(anonymous_4)
FNDA:0,(anonymous_5)
DA:10,0
DA:12,0
DA:30,0
DA:31,0
DA:34,0
DA:54,0
DA:55,0
DA:77,0
LF:8
LH:0
BRDA:53,0,0,0
BRDA:54,1,0,0
BRDA:54,2,0,0
BRDA:54,3,0,0
BRDA:57,4,0,0
BRDA:57,4,1,0
BRF:6
BRH:0
end_of_record
TN:
SF:src\schedule\schedule.controller.ts
FN:28,(anonymous_4)
FN:36,(anonymous_5)
FN:50,(anonymous_6)
FNF:3
FNH:0
FNDA:0,(anonymous_4)
FNDA:0,(anonymous_5)
FNDA:0,(anonymous_6)
DA:8,0
DA:19,0
DA:20,0
DA:21,0
DA:22,0
DA:23,0
DA:24,0
DA:27,0
DA:28,0
DA:36,0
DA:37,0
DA:38,0
DA:39,0
DA:50,0
DA:51,0
LF:15
LH:0
BRDA:38,0,0,0
BRF:1
BRH:0
end_of_record
TN:
SF:src\schedule\schedule.module.ts
FNF:0
FNH:0
DA:1,0
DA:2,0
DA:3,0
DA:9,0
LF:4
LH:0
BRF:0
BRH:0
end_of_record
TN:
SF:src\schedule\schedule.service.ts
FN:67,isElevated
FN:68,(anonymous_3)
FN:71,isGuruOnly
FN:75,isSiswaOnly
FN:83,isOrangTuaOnly
FN:96,(anonymous_7)
FN:100,(anonymous_8)
FN:109,(anonymous_9)
FN:120,(anonymous_10)
FN:126,(anonymous_11)
FN:130,(anonymous_12)
FN:141,(anonymous_13)
FN:150,(anonymous_14)
FN:150,(anonymous_15)
FN:155,(anonymous_16)
FN:190,(anonymous_17)
FN:220,(anonymous_18)
FN:249,(anonymous_19)
FN:249,(anonymous_20)
FNF:19
FNH:0
FNDA:0,isElevated
FNDA:0,(anonymous_3)
FNDA:0,isGuruOnly
FNDA:0,isSiswaOnly
FNDA:0,isOrangTuaOnly
FNDA:0,(anonymous_7)
FNDA:0,(anonymous_8)
FNDA:0,(anonymous_9)
FNDA:0,(anonymous_10)
FNDA:0,(anonymous_11)
FNDA:0,(anonymous_12)
FNDA:0,(anonymous_13)
FNDA:0,(anonymous_14)
FNDA:0,(anonymous_15)
FNDA:0,(anonymous_16)
FNDA:0,(anonymous_17)
FNDA:0,(anonymous_18)
FNDA:0,(anonymous_19)
FNDA:0,(anonymous_20)
DA:18,0
DA:26,0
DA:32,0
DA:36,0
DA:68,0
DA:72,0
DA:76,0
DA:84,0
DA:95,0
DA:96,0
DA:101,0
DA:105,0
DA:106,0
DA:110,0
DA:111,0
DA:115,0
DA:116,0
DA:121,0
DA:122,0
DA:126,0
DA:131,0
DA:132,0
DA:136,0
DA:137,0
DA:142,0
DA:143,0
DA:147,0
DA:148,0
DA:150,0
DA:156,0
DA:159,0
DA:160,0
DA:161,0
DA:164,0
DA:165,0
DA:166,0
DA:167,0
DA:169,0
DA:171,0
DA:172,0
DA:173,0
DA:174,0
DA:175,0
DA:177,0
DA:178,0
DA:179,0
DA:180,0
DA:183,0
DA:184,0
DA:186,0
DA:190,0
DA:191,0
DA:192,0
DA:194,0
DA:198,0
DA:199,0
DA:215,0
DA:222,0
DA:226,0
DA:227,0
DA:231,0
DA:232,0
DA:236,0
DA:237,0
DA:244,0
DA:249,0
DA:251,0
DA:262,0
DA:263,0
DA:270,0
DA:271,0
DA:282,0
DA:283,0
DA:291,0
LF:74
LH:0
BRDA:72,0,0,0
BRDA:72,0,1,0
BRDA:77,1,0,0
BRDA:77,1,1,0
BRDA:77,1,2,0
BRDA:85,2,0,0
BRDA:85,2,1,0
BRDA:85,2,2,0
BRDA:85,2,3,0
BRDA:105,3,0,0
BRDA:115,4,0,0
BRDA:136,5,0,0
BRDA:137,6,0,0
BRDA:137,6,1,0
BRDA:147,7,0,0
BRDA:159,8,0,0
BRDA:160,9,0,0
BRDA:161,10,0,0
BRDA:164,11,0,0
BRDA:164,11,1,0
BRDA:166,12,0,0
BRDA:171,13,0,0
BRDA:172,14,0,0
BRDA:172,14,1,0
BRDA:174,15,0,0
BRDA:178,16,0,0
BRDA:178,16,1,0
BRDA:183,17,0,0
BRDA:184,18,0,0
BRDA:191,19,0,0
BRDA:226,20,0,0
BRDA:231,21,0,0
BRDA:236,22,0,0
BRDA:262,23,0,0
BRDA:270,24,0,0
BRDA:282,25,0,0
BRDA:298,26,0,0
BRDA:298,26,1,0
BRF:38
BRH:0
end_of_record
TN:
SF:src\schedule\dto\create-schedule.dto.ts
FN:18,(anonymous_0)
FNF:1
FNH:0
FNDA:0,(anonymous_0)
DA:1,0
DA:3,0
DA:18,0
LF:3
LH:0
BRF:0
BRH:0
end_of_record
TN:
SF:src\schedule\dto\list-schedule.dto.ts
FNF:0
FNH:0
DA:1,0
DA:3,0
LF:2
LH:0
BRF:0
BRH:0
end_of_record
TN:
SF:src\student\student.controller.ts
FN:30,(anonymous_4)
FN:38,(anonymous_5)
FN:49,(anonymous_6)
FN:62,(anonymous_7)
FN:71,(anonymous_8)
FN:83,(anonymous_9)
FN:93,(anonymous_10)
FN:106,(anonymous_11)
FNF:8
FNH:0
FNDA:0,(anonymous_4)
FNDA:0,(anonymous_5)
FNDA:0,(anonymous_6)
FNDA:0,(anonymous_7)
FNDA:0,(anonymous_8)
FNDA:0,(anonymous_9)
FNDA:0,(anonymous_10)
FNDA:0,(anonymous_11)
DA:7,0
DA:20,0
DA:21,0
DA:22,0
DA:23,0
DA:24,0
DA:25,0
DA:26,0
DA:29,0
DA:30,0
DA:38,0
DA:39,0
DA:40,0
DA:41,0
DA:49,0
DA:53,0
DA:62,0
DA:63,0
DA:71,0
DA:75,0
DA:83,0
DA:84,0
DA:93,0
DA:97,0
DA:106,0
DA:110,0
LF:26
LH:0
BRDA:40,0,0,0
BRF:1
BRH:0
end_of_record
TN:
SF:src\student\student.module.ts
FNF:0
FNH:0
DA:1,0
DA:2,0
DA:3,0
DA:9,0
LF:4
LH:0
BRF:0
BRH:0
end_of_record
TN:
SF:src\student\student.service.ts
FN:79,needsOwnershipCheck
FN:80,(anonymous_3)
FN:85,(anonymous_4)
FN:96,(anonymous_5)
FN:109,(anonymous_6)
FN:127,(anonymous_7)
FN:157,(anonymous_8)
FN:173,(anonymous_9)
FN:191,(anonymous_10)
FN:221,(anonymous_11)
FN:238,(anonymous_12)
FN:258,(anonymous_13)
FNF:12
FNH:0
FNDA:0,needsOwnershipCheck
FNDA:0,(anonymous_3)
FNDA:0,(anonymous_4)
FNDA:0,(anonymous_5)
FNDA:0,(anonymous_6)
FNDA:0,(anonymous_7)
FNDA:0,(anonymous_8)
FNDA:0,(anonymous_9)
FNDA:0,(anonymous_10)
FNDA:0,(anonymous_11)
FNDA:0,(anonymous_12)
FNDA:0,(anonymous_13)
DA:12,0
DA:17,0
DA:19,0
DA:23,0
DA:31,0
DA:46,0
DA:65,0
DA:77,0
DA:80,0
DA:84,0
DA:86,0
DA:87,0
DA:97,0
DA:101,0
DA:102,0
DA:114,0
DA:115,0
DA:117,0
DA:121,0
DA:128,0
DA:129,0
DA:131,0
DA:143,0
DA:154,0
DA:158,0
DA:163,0
DA:165,0
DA:166,0
DA:167,0
DA:170,0
DA:174,0
DA:180,0
DA:186,0
DA:188,0
DA:192,0
DA:196,0
DA:198,0
DA:205,0
DA:206,0
DA:215,0
DA:218,0
DA:222,0
DA:226,0
DA:229,0
DA:239,0
DA:243,0
DA:245,0
DA:246,0
DA:247,0
DA:251,0
DA:259,0
DA:263,0
DA:265,0
DA:266,0
DA:267,0
DA:271,0
LF:56
LH:0
BRDA:101,0,0,0
BRDA:114,1,0,0
BRDA:114,2,0,0
BRDA:114,2,1,0
BRDA:117,3,0,0
BRDA:118,4,0,0
BRDA:118,4,1,0
BRDA:133,5,0,0
BRDA:133,5,1,0
BRDA:134,6,0,0
BRDA:134,6,1,0
BRDA:135,7,0,0
BRDA:135,7,1,0
BRDA:163,8,0,0
BRDA:165,9,0,0
BRDA:196,10,0,0
BRDA:205,11,0,0
BRDA:205,12,0,0
BRDA:205,12,1,0
BRDA:226,13,0,0
BRDA:243,14,0,0
BRDA:245,15,0,0
BRDA:263,16,0,0
BRDA:265,17,0,0
BRF:24
BRH:0
end_of_record
TN:
SF:src\student\dto\create-student.dto.ts
FNF:0
FNH:0
DA:1,0
DA:3,0
LF:2
LH:0
BRF:0
BRH:0
end_of_record
TN:
SF:src\student\dto\list-students.dto.ts
FNF:0
FNH:0
DA:1,0
DA:3,0
LF:2
LH:0
BRF:0
BRH:0
end_of_record
TN:
SF:src\student\dto\update-student.dto.ts
FNF:0
FNH:0
DA:1,0
DA:3,0
LF:2
LH:0
BRF:0
BRH:0
end_of_record
TN:
SF:src\teaching-assignment\teaching-assignment.controller.ts
FN:32,(anonymous_4)
FN:41,(anonymous_5)
FN:53,(anonymous_6)
FN:68,(anonymous_7)
FN:78,(anonymous_8)
FN:90,(anonymous_9)
FNF:6
FNH:0
FNDA:0,(anonymous_4)
FNDA:0,(anonymous_5)
FNDA:0,(anonymous_6)
FNDA:0,(anonymous_7)
FNDA:0,(anonymous_8)
FNDA:0,(anonymous_9)
DA:7,0
DA:22,0
DA:23,0
DA:24,0
DA:25,0
DA:26,0
DA:27,0
DA:28,0
DA:31,0
DA:32,0
DA:41,0
DA:42,0
DA:43,0
DA:44,0
DA:53,0
DA:57,0
DA:68,0
DA:69,0
DA:78,0
DA:82,0
DA:90,0
DA:91,0
LF:22
LH:0
BRDA:43,0,0,0
BRF:1
BRH:0
end_of_record
TN:
SF:src\teaching-assignment\teaching-assignment.module.ts
FNF:0
FNH:0
DA:1,0
DA:2,0
DA:3,0
DA:9,0
LF:4
LH:0
BRF:0
BRH:0
end_of_record
TN:
SF:src\teaching-assignment\teaching-assignment.service.ts
FN:50,isGuruOnly
FN:53,(anonymous_3)
FN:59,(anonymous_4)
FN:67,(anonymous_5)
FN:84,(anonymous_6)
FN:95,(anonymous_7)
FN:124,(anonymous_8)
FN:141,(anonymous_9)
FN:150,(anonymous_10)
FN:165,(anonymous_11)
FNF:10
FNH:0
FNDA:0,isGuruOnly
FNDA:0,(anonymous_3)
FNDA:0,(anonymous_4)
FNDA:0,(anonymous_5)
FNDA:0,(anonymous_6)
FNDA:0,(anonymous_7)
FNDA:0,(anonymous_8)
FNDA:0,(anonymous_9)
FNDA:0,(anonymous_10)
FNDA:0,(anonymous_11)
DA:13,0
DA:20,0
DA:27,0
DA:48,0
DA:51,0
DA:53,0
DA:58,0
DA:59,0
DA:68,0
DA:72,0
DA:74,0
DA:78,0
DA:80,0
DA:85,0
DA:89,0
DA:90,0
DA:96,0
DA:99,0
DA:100,0
DA:101,0
DA:104,0
DA:110,0
DA:121,0
DA:125,0
DA:129,0
DA:131,0
DA:132,0
DA:133,0
DA:134,0
DA:138,0
DA:142,0
DA:144,0
DA:151,0
DA:155,0
DA:158,0
DA:166,0
DA:170,0
DA:172,0
DA:173,0
LF:39
LH:0
BRDA:52,0,0,0
BRDA:52,0,1,0
BRDA:72,1,0,0
BRDA:78,2,0,0
BRDA:89,3,0,0
BRDA:90,4,0,0
BRDA:100,5,0,0
BRDA:105,6,0,0
BRDA:105,6,1,0
BRDA:106,7,0,0
BRDA:106,7,1,0
BRDA:107,8,0,0
BRDA:107,8,1,0
BRDA:129,9,0,0
BRDA:131,10,0,0
BRDA:133,11,0,0
BRDA:155,12,0,0
BRDA:170,13,0,0
BRF:18
BRH:0
end_of_record
TN:
SF:src\teaching-assignment\dto\create-assignment.dto.ts
FNF:0
FNH:0
DA:1,0
DA:3,0
LF:2
LH:0
BRF:0
BRH:0
end_of_record
TN:
SF:src\teaching-assignment\dto\list-assignments.dto.ts
FNF:0
FNH:0
DA:1,0
DA:3,0
LF:2
LH:0
BRF:0
BRH:0
end_of_record
TN:
SF:src\teaching-assignment\dto\update-assignment.dto.ts
FNF:0
FNH:0
DA:1,0
DA:5,0
LF:2
LH:0
BRF:0
BRH:0
end_of_record
